<?xml version="1.0" encoding="UTF-8"?>
<coverage generated="1768556345067" clover="3.2.0">
  <project timestamp="1768556345067" name="All files">
    <metrics statements="1278" coveredstatements="1003" conditionals="951" coveredconditionals="673" methods="197" coveredmethods="147" elements="2426" coveredelements="1823" complexity="0" loc="1278" ncloc="1278" packages="13" files="39" classes="39"/>
    <package name="src">
      <metrics statements="79" coveredstatements="27" conditionals="37" coveredconditionals="6" methods="16" coveredmethods="4"/>
      <file name="App.tsx" path="C:\heckteckdraughts\PHASE3\src\App.tsx">
        <metrics statements="79" coveredstatements="27" conditionals="37" coveredconditionals="6" methods="16" coveredmethods="4"/>
        <line num="15" count="1" type="stmt"/>
        <line num="16" count="1" type="stmt"/>
        <line num="17" count="1" type="stmt"/>
        <line num="18" count="1" type="stmt"/>
        <line num="21" count="1" type="stmt"/>
        <line num="22" count="1" type="stmt"/>
        <line num="23" count="1" type="stmt"/>
        <line num="26" count="1" type="stmt"/>
        <line num="27" count="1" type="stmt"/>
        <line num="28" count="1" type="stmt"/>
        <line num="30" count="1" type="stmt"/>
        <line num="31" count="1" type="stmt"/>
        <line num="32" count="1" type="stmt"/>
        <line num="33" count="1" type="stmt"/>
        <line num="34" count="1" type="stmt"/>
        <line num="37" count="1" type="stmt"/>
        <line num="38" count="0" type="stmt"/>
        <line num="39" count="0" type="stmt"/>
        <line num="40" count="0" type="stmt"/>
        <line num="43" count="1" type="stmt"/>
        <line num="44" count="0" type="stmt"/>
        <line num="45" count="0" type="stmt"/>
        <line num="46" count="0" type="cond" truecount="0" falsecount="2"/>
        <line num="47" count="0" type="stmt"/>
        <line num="50" count="1" type="stmt"/>
        <line num="51" count="0" type="stmt"/>
        <line num="52" count="0" type="stmt"/>
        <line num="53" count="0" type="stmt"/>
        <line num="54" count="0" type="stmt"/>
        <line num="55" count="0" type="stmt"/>
        <line num="59" count="1" type="stmt"/>
        <line num="61" count="1" type="stmt"/>
        <line num="62" count="1" type="cond" truecount="2" falsecount="0"/>
        <line num="64" count="1" type="cond" truecount="2" falsecount="4"/>
        <line num="65" count="0" type="stmt"/>
        <line num="66" count="0" type="stmt"/>
        <line num="67" count="0" type="stmt"/>
        <line num="69" count="0" type="stmt"/>
        <line num="70" count="0" type="stmt"/>
        <line num="71" count="0" type="stmt"/>
        <line num="76" count="1" type="stmt"/>
        <line num="77" count="1" type="cond" truecount="1" falsecount="1"/>
        <line num="78" count="0" type="stmt"/>
        <line num="79" count="0" type="stmt"/>
        <line num="81" count="0" type="cond" truecount="0" falsecount="2"/>
        <line num="83" count="0" type="stmt"/>
        <line num="84" count="0" type="stmt"/>
        <line num="85" count="0" type="cond" truecount="0" falsecount="2"/>
        <line num="86" count="0" type="stmt"/>
        <line num="87" count="0" type="stmt"/>
        <line num="93" count="0" type="stmt"/>
        <line num="94" count="0" type="stmt"/>
        <line num="97" count="0" type="stmt"/>
        <line num="98" count="0" type="stmt"/>
        <line num="104" count="1" type="stmt"/>
        <line num="105" count="0" type="cond" truecount="0" falsecount="2"/>
        <line num="107" count="0" type="stmt"/>
        <line num="109" count="0" type="cond" truecount="0" falsecount="5"/>
        <line num="110" count="0" type="stmt"/>
        <line num="111" count="0" type="stmt"/>
        <line num="112" count="0" type="stmt"/>
        <line num="115" count="0" type="cond" truecount="0" falsecount="2"/>
        <line num="116" count="0" type="stmt"/>
        <line num="118" count="0" type="stmt"/>
        <line num="119" count="0" type="cond" truecount="0" falsecount="2"/>
        <line num="121" count="0" type="stmt"/>
        <line num="129" count="1" type="stmt"/>
        <line num="130" count="0" type="stmt"/>
        <line num="131" count="0" type="stmt"/>
        <line num="132" count="0" type="cond" truecount="0" falsecount="4"/>
        <line num="136" count="0" type="cond" truecount="0" falsecount="2"/>
        <line num="137" count="0" type="stmt"/>
        <line num="138" count="0" type="cond" truecount="0" falsecount="2"/>
        <line num="139" count="0" type="stmt"/>
        <line num="140" count="0" type="stmt"/>
        <line num="141" count="0" type="stmt"/>
        <line num="144" count="0" type="stmt"/>
        <line num="145" count="0" type="stmt"/>
        <line num="149" count="1" type="stmt"/>
      </file>
    </package>
    <package name="src.components.board">
      <metrics statements="43" coveredstatements="34" conditionals="36" coveredconditionals="16" methods="8" coveredmethods="5"/>
      <file name="Board.tsx" path="C:\heckteckdraughts\PHASE3\src\components\board\Board.tsx">
        <metrics statements="31" coveredstatements="25" conditionals="27" coveredconditionals="12" methods="6" coveredmethods="3"/>
        <line num="14" count="1" type="cond" truecount="1" falsecount="0"/>
        <line num="16" count="1" type="stmt"/>
        <line num="17" count="1" type="stmt"/>
        <line num="18" count="1" type="stmt"/>
        <line num="20" count="1" type="stmt"/>
        <line num="21" count="0" type="cond" truecount="0" falsecount="2"/>
        <line num="22" count="0" type="cond" truecount="0" falsecount="4"/>
        <line num="23" count="0" type="stmt"/>
        <line num="25" count="0" type="stmt"/>
        <line num="28" count="0" type="stmt"/>
        <line num="32" count="1" type="stmt"/>
        <line num="33" count="1" type="stmt"/>
        <line num="34" count="1" type="stmt"/>
        <line num="35" count="10" type="stmt"/>
        <line num="36" count="100" type="stmt"/>
        <line num="37" count="100" type="stmt"/>
        <line num="39" count="100" type="cond" truecount="0" falsecount="2"/>
        <line num="40" count="100" type="cond" truecount="1" falsecount="1"/>
        <line num="42" count="100" type="stmt"/>
        <line num="58" count="0" type="cond" truecount="0" falsecount="2"/>
        <line num="69" count="10" type="stmt"/>
        <line num="72" count="1" type="stmt"/>
        <line num="73" count="1" type="cond" truecount="1" falsecount="1"/>
        <line num="74" count="1" type="stmt"/>
        <line num="75" count="1" type="stmt"/>
        <line num="76" count="10" type="stmt"/>
        <line num="77" count="100" type="stmt"/>
        <line num="78" count="100" type="cond" truecount="2" falsecount="0"/>
        <line num="79" count="40" type="stmt"/>
        <line num="92" count="1" type="stmt"/>
        <line num="95" count="1" type="stmt"/>
      </file>
      <file name="Piece.tsx" path="C:\heckteckdraughts\PHASE3\src\components\board\Piece.tsx">
        <metrics statements="12" coveredstatements="9" conditionals="9" coveredconditionals="4" methods="2" coveredmethods="2"/>
        <line num="14" count="1" type="stmt"/>
        <line num="15" count="40" type="cond" truecount="1" falsecount="1"/>
        <line num="17" count="40" type="stmt"/>
        <line num="18" count="40" type="cond" truecount="2" falsecount="3"/>
        <line num="19" count="20" type="stmt"/>
        <line num="20" count="0" type="stmt"/>
        <line num="21" count="20" type="stmt"/>
        <line num="22" count="0" type="stmt"/>
        <line num="23" count="0" type="stmt"/>
        <line num="27" count="40" type="stmt"/>
        <line num="28" count="40" type="stmt"/>
        <line num="30" count="40" type="stmt"/>
      </file>
    </package>
    <package name="src.components.layout">
      <metrics statements="13" coveredstatements="6" conditionals="0" coveredconditionals="0" methods="10" coveredmethods="3"/>
      <file name="MainLayout.tsx" path="C:\heckteckdraughts\PHASE3\src\components\layout\MainLayout.tsx">
        <metrics statements="5" coveredstatements="2" conditionals="0" coveredconditionals="0" methods="4" coveredmethods="1"/>
        <line num="18" count="2" type="stmt"/>
        <line num="29" count="2" type="stmt"/>
        <line num="40" count="0" type="stmt"/>
        <line num="41" count="0" type="stmt"/>
        <line num="42" count="0" type="stmt"/>
      </file>
      <file name="PlayersBar.tsx" path="C:\heckteckdraughts\PHASE3\src\components\layout\PlayersBar.tsx">
        <metrics statements="2" coveredstatements="2" conditionals="0" coveredconditionals="0" methods="1" coveredmethods="1"/>
        <line num="3" count="2" type="stmt"/>
        <line num="4" count="2" type="stmt"/>
      </file>
      <file name="TopNav.tsx" path="C:\heckteckdraughts\PHASE3\src\components\layout\TopNav.tsx">
        <metrics statements="6" coveredstatements="2" conditionals="0" coveredconditionals="0" methods="5" coveredmethods="1"/>
        <line num="17" count="2" type="stmt"/>
        <line num="30" count="2" type="stmt"/>
        <line num="40" count="0" type="stmt"/>
        <line num="56" count="0" type="stmt"/>
        <line num="68" count="0" type="stmt"/>
        <line num="81" count="0" type="stmt"/>
      </file>
    </package>
    <package name="src.components.ui">
      <metrics statements="10" coveredstatements="10" conditionals="6" coveredconditionals="4" methods="5" coveredmethods="5"/>
      <file name="LoadingScreen.tsx" path="C:\heckteckdraughts\PHASE3\src\components\ui\LoadingScreen.tsx">
        <metrics statements="10" coveredstatements="10" conditionals="6" coveredconditionals="4" methods="5" coveredmethods="5"/>
        <line num="3" count="2" type="stmt"/>
        <line num="4" count="3" type="stmt"/>
        <line num="5" count="3" type="stmt"/>
        <line num="7" count="3" type="stmt"/>
        <line num="10" count="2" type="stmt"/>
        <line num="11" count="1" type="stmt"/>
        <line num="12" count="1" type="stmt"/>
        <line num="15" count="2" type="stmt"/>
        <line num="18" count="3" type="cond" truecount="2" falsecount="0"/>
        <line num="20" count="2" type="stmt"/>
      </file>
    </package>
    <package name="src.components.ui.panels">
      <metrics statements="14" coveredstatements="9" conditionals="25" coveredconditionals="12" methods="5" coveredmethods="3"/>
      <file name="AnalysisPanel.tsx" path="C:\heckteckdraughts\PHASE3\src\components\ui\panels\AnalysisPanel.tsx">
        <metrics statements="2" coveredstatements="2" conditionals="17" coveredconditionals="10" methods="1" coveredmethods="1"/>
        <line num="12" count="1" type="stmt"/>
        <line num="19" count="1" type="stmt"/>
      </file>
      <file name="MoveHistory.tsx" path="C:\heckteckdraughts\PHASE3\src\components\ui\panels\MoveHistory.tsx">
        <metrics statements="12" coveredstatements="7" conditionals="8" coveredconditionals="2" methods="4" coveredmethods="2"/>
        <line num="9" count="1" type="stmt"/>
        <line num="10" count="1" type="stmt"/>
        <line num="12" count="1" type="stmt"/>
        <line num="13" count="1" type="cond" truecount="1" falsecount="1"/>
        <line num="14" count="1" type="stmt"/>
        <line num="18" count="1" type="stmt"/>
        <line num="19" count="0" type="stmt"/>
        <line num="20" count="0" type="stmt"/>
        <line num="21" count="0" type="cond" truecount="0" falsecount="2"/>
        <line num="22" count="0" type="stmt"/>
        <line num="25" count="1" type="stmt"/>
        <line num="44" count="0" type="stmt"/>
      </file>
    </package>
    <package name="src.data">
      <metrics statements="0" coveredstatements="0" conditionals="0" coveredconditionals="0" methods="0" coveredmethods="0"/>
      <file name="openings.json" path="C:\heckteckdraughts\PHASE3\src\data\openings.json">
        <metrics statements="0" coveredstatements="0" conditionals="0" coveredconditionals="0" methods="0" coveredmethods="0"/>
      </file>
    </package>
    <package name="src.engine">
      <metrics statements="107" coveredstatements="100" conditionals="60" coveredconditionals="51" methods="22" coveredmethods="20"/>
      <file name="constants.ts" path="C:\heckteckdraughts\PHASE3\src\engine\constants.ts">
        <metrics statements="21" coveredstatements="21" conditionals="6" coveredconditionals="6" methods="4" coveredmethods="4"/>
        <line num="6" count="9" type="stmt"/>
        <line num="8" count="9" type="cond" truecount="2" falsecount="0"/>
        <line num="9" count="9" type="stmt"/>
        <line num="10" count="9" type="stmt"/>
        <line num="11" count="9" type="stmt"/>
        <line num="12" count="9" type="stmt"/>
        <line num="13" count="9" type="stmt"/>
        <line num="16" count="9" type="cond" truecount="2" falsecount="0"/>
        <line num="17" count="9" type="stmt"/>
        <line num="18" count="9" type="stmt"/>
        <line num="23" count="9" type="stmt"/>
        <line num="34" count="1602" type="stmt"/>
        <line num="40" count="9" type="stmt"/>
        <line num="41" count="9" type="stmt"/>
        <line num="42" count="9" type="stmt"/>
        <line num="43" count="9" type="stmt"/>
        <line num="45" count="90" type="stmt"/>
        <line num="46" count="900" type="cond" truecount="2" falsecount="0"/>
        <line num="47" count="450" type="stmt"/>
        <line num="51" count="9" type="stmt"/>
        <line num="59" count="9" type="stmt"/>
      </file>
      <file name="game.ts" path="C:\heckteckdraughts\PHASE3\src\engine\game.ts">
        <metrics statements="86" coveredstatements="79" conditionals="54" coveredconditionals="45" methods="18" coveredmethods="16"/>
        <line num="30" count="6" type="stmt"/>
        <line num="31" count="6" type="stmt"/>
        <line num="32" count="6" type="stmt"/>
        <line num="33" count="6" type="stmt"/>
        <line num="34" count="6" type="stmt"/>
        <line num="35" count="6" type="stmt"/>
        <line num="37" count="6" type="stmt"/>
        <line num="41" count="6" type="stmt"/>
        <line num="43" count="60" type="stmt"/>
        <line num="45" count="6" type="stmt"/>
        <line num="46" count="6" type="stmt"/>
        <line num="47" count="6" type="stmt"/>
        <line num="48" count="6" type="stmt"/>
        <line num="49" count="6" type="stmt"/>
        <line num="51" count="6" type="stmt"/>
        <line num="55" count="6" type="stmt"/>
        <line num="56" count="60" type="stmt"/>
        <line num="57" count="600" type="cond" truecount="2" falsecount="0"/>
        <line num="58" count="300" type="cond" truecount="4" falsecount="0"/>
        <line num="59" count="120" type="stmt"/>
        <line num="63" count="6" type="stmt"/>
        <line num="67" count="15" type="stmt"/>
        <line num="68" count="15" type="cond" truecount="2" falsecount="0"/>
        <line num="69" count="2" type="stmt"/>
        <line num="70" count="4" type="stmt"/>
        <line num="73" count="2" type="cond" truecount="2" falsecount="0"/>
        <line num="75" count="2" type="cond" truecount="4" falsecount="0"/>
        <line num="76" count="1" type="stmt"/>
        <line num="79" count="1" type="stmt"/>
        <line num="83" count="14" type="stmt"/>
        <line num="84" count="140" type="stmt"/>
        <line num="86" count="14" type="stmt"/>
        <line num="87" count="14" type="stmt"/>
        <line num="89" count="14" type="cond" truecount="4" falsecount="0"/>
        <line num="90" count="1" type="stmt"/>
        <line num="91" count="2" type="stmt"/>
        <line num="93" count="1" type="stmt"/>
        <line num="95" count="13" type="stmt"/>
        <line num="98" count="14" type="cond" truecount="1" falsecount="1"/>
        <line num="99" count="0" type="stmt"/>
        <line num="103" count="14" type="stmt"/>
        <line num="109" count="14" type="stmt"/>
        <line num="112" count="15" type="stmt"/>
        <line num="113" count="15" type="stmt"/>
        <line num="114" count="15" type="stmt"/>
        <line num="118" count="30" type="stmt"/>
        <line num="119" count="30" type="stmt"/>
        <line num="120" count="300" type="stmt"/>
        <line num="121" count="3000" type="cond" truecount="2" falsecount="0"/>
        <line num="122" count="523" type="stmt"/>
        <line num="127" count="523" type="stmt"/>
        <line num="131" count="30" type="stmt"/>
        <line num="135" count="15" type="stmt"/>
        <line num="136" count="15" type="cond" truecount="1" falsecount="1"/>
        <line num="137" count="0" type="stmt"/>
        <line num="138" count="0" type="stmt"/>
        <line num="141" count="15" type="stmt"/>
        <line num="142" count="15" type="stmt"/>
        <line num="143" count="150" type="stmt"/>
        <line num="144" count="1500" type="cond" truecount="2" falsecount="0"/>
        <line num="145" count="261" type="stmt"/>
        <line num="149" count="15" type="stmt"/>
        <line num="153" count="261" type="stmt"/>
        <line num="154" count="261" type="cond" truecount="2" falsecount="0"/>
        <line num="156" count="261" type="cond" truecount="1" falsecount="1"/>
        <line num="162" count="261" type="stmt"/>
        <line num="163" count="522" type="stmt"/>
        <line num="164" count="522" type="stmt"/>
        <line num="166" count="522" type="cond" truecount="1" falsecount="1"/>
        <line num="167" count="0" type="cond" truecount="0" falsecount="2"/>
        <line num="171" count="0" type="stmt"/>
        <line num="172" count="0" type="stmt"/>
        <line num="173" count="0" type="stmt"/>
        <line num="175" count="522" type="cond" truecount="4" falsecount="0"/>
        <line num="180" count="125" type="stmt"/>
        <line num="186" count="15" type="stmt"/>
        <line num="187" count="15" type="cond" truecount="2" falsecount="0"/>
        <line num="188" count="1" type="stmt"/>
        <line num="192" count="1" type="stmt"/>
        <line num="195" count="14" type="stmt"/>
        <line num="196" count="14" type="cond" truecount="2" falsecount="0"/>
        <line num="200" count="20" type="stmt"/>
        <line num="204" count="34" type="stmt"/>
        <line num="208" count="4500" type="stmt"/>
        <line num="212" count="450" type="stmt"/>
        <line num="216" count="14" type="stmt"/>
      </file>
    </package>
    <package name="src.engine.ai">
      <metrics statements="459" coveredstatements="368" conditionals="420" coveredconditionals="324" methods="49" coveredmethods="40"/>
      <file name="ai.constants.ts" path="C:\heckteckdraughts\PHASE3\src\engine\ai\ai.constants.ts">
        <metrics statements="6" coveredstatements="6" conditionals="0" coveredconditionals="0" methods="0" coveredmethods="0"/>
        <line num="5" count="2" type="stmt"/>
        <line num="147" count="2" type="stmt"/>
        <line num="148" count="2" type="stmt"/>
        <line num="149" count="2" type="stmt"/>
        <line num="150" count="2" type="stmt"/>
        <line num="151" count="2" type="stmt"/>
      </file>
      <file name="ai.endgame.ts" path="C:\heckteckdraughts\PHASE3\src\engine\ai\ai.endgame.ts">
        <metrics statements="55" coveredstatements="26" conditionals="42" coveredconditionals="15" methods="2" coveredmethods="1"/>
        <line num="9" count="8" type="stmt"/>
        <line num="12" count="0" type="stmt"/>
        <line num="13" count="0" type="stmt"/>
        <line num="14" count="0" type="stmt"/>
        <line num="15" count="0" type="cond" truecount="0" falsecount="2"/>
        <line num="18" count="0" type="stmt"/>
        <line num="22" count="1" type="stmt"/>
        <line num="24" count="1" type="stmt"/>
        <line num="25" count="1" type="stmt"/>
        <line num="26" count="1" type="stmt"/>
        <line num="27" count="1" type="stmt"/>
        <line num="29" count="1" type="stmt"/>
        <line num="30" count="10" type="cond" truecount="2" falsecount="0"/>
        <line num="31" count="10" type="stmt"/>
        <line num="32" count="50" type="stmt"/>
        <line num="33" count="50" type="cond" truecount="2" falsecount="0"/>
        <line num="35" count="3" type="cond" truecount="2" falsecount="0"/>
        <line num="36" count="2" type="stmt"/>
        <line num="37" count="2" type="stmt"/>
        <line num="38" count="2" type="stmt"/>
        <line num="39" count="1" type="cond" truecount="1" falsecount="1"/>
        <line num="40" count="1" type="stmt"/>
        <line num="41" count="1" type="stmt"/>
        <line num="42" count="1" type="stmt"/>
        <line num="43" count="0" type="cond" truecount="0" falsecount="2"/>
        <line num="44" count="0" type="stmt"/>
        <line num="45" count="0" type="stmt"/>
        <line num="46" count="0" type="stmt"/>
        <line num="47" count="0" type="stmt"/>
        <line num="48" count="0" type="stmt"/>
        <line num="49" count="0" type="cond" truecount="0" falsecount="2"/>
        <line num="50" count="0" type="stmt"/>
        <line num="51" count="0" type="stmt"/>
        <line num="52" count="0" type="stmt"/>
        <line num="53" count="0" type="stmt"/>
        <line num="54" count="0" type="stmt"/>
        <line num="59" count="1" type="stmt"/>
        <line num="61" count="1" type="cond" truecount="2" falsecount="4"/>
        <line num="62" count="0" type="stmt"/>
        <line num="65" count="1" type="cond" truecount="2" falsecount="2"/>
        <line num="66" count="0" type="stmt"/>
        <line num="67" count="0" type="stmt"/>
        <line num="69" count="0" type="cond" truecount="0" falsecount="6"/>
        <line num="70" count="0" type="cond" truecount="0" falsecount="2"/>
        <line num="71" count="0" type="stmt"/>
        <line num="72" count="0" type="cond" truecount="0" falsecount="2"/>
        <line num="73" count="0" type="stmt"/>
        <line num="78" count="1" type="cond" truecount="2" falsecount="2"/>
        <line num="79" count="0" type="stmt"/>
        <line num="80" count="0" type="stmt"/>
        <line num="81" count="1" type="cond" truecount="2" falsecount="2"/>
        <line num="82" count="0" type="stmt"/>
        <line num="83" count="0" type="stmt"/>
        <line num="86" count="1" type="stmt"/>
        <line num="90" count="2" type="stmt"/>
      </file>
      <file name="ai.move-ordering.ts" path="C:\heckteckdraughts\PHASE3\src\engine\ai\ai.move-ordering.ts">
        <metrics statements="56" coveredstatements="49" conditionals="54" coveredconditionals="42" methods="7" coveredmethods="6"/>
        <line num="9" count="1" type="stmt"/>
        <line num="17" count="3" type="stmt"/>
        <line num="18" count="192" type="stmt"/>
        <line num="19" count="3" type="stmt"/>
        <line num="23" count="847" type="cond" truecount="2" falsecount="0"/>
        <line num="25" count="655" type="stmt"/>
        <line num="26" count="655" type="cond" truecount="1" falsecount="1"/>
        <line num="28" count="847" type="stmt"/>
        <line num="29" count="5519" type="stmt"/>
        <line num="30" count="5519" type="stmt"/>
        <line num="32" count="5519" type="cond" truecount="4" falsecount="0"/>
        <line num="33" count="223" type="stmt"/>
        <line num="34" count="5296" type="cond" truecount="2" falsecount="0"/>
        <line num="36" count="195" type="stmt"/>
        <line num="37" count="195" type="stmt"/>
        <line num="39" count="195" type="stmt"/>
        <line num="40" count="195" type="stmt"/>
        <line num="41" count="195" type="cond" truecount="2" falsecount="2"/>
        <line num="42" count="5101" type="cond" truecount="1" falsecount="1"/>
        <line num="44" count="0" type="stmt"/>
        <line num="45" count="0" type="cond" truecount="0" falsecount="4"/>
        <line num="46" count="0" type="stmt"/>
        <line num="50" count="5101" type="cond" truecount="3" falsecount="1"/>
        <line num="51" count="5101" type="cond" truecount="4" falsecount="0"/>
        <line num="52" count="348" type="stmt"/>
        <line num="53" count="4753" type="cond" truecount="4" falsecount="0"/>
        <line num="54" count="253" type="stmt"/>
        <line num="58" count="5101" type="stmt"/>
        <line num="59" count="5101" type="stmt"/>
        <line num="60" count="5101" type="stmt"/>
        <line num="62" count="5101" type="stmt"/>
        <line num="63" count="5101" type="cond" truecount="1" falsecount="1"/>
        <line num="64" count="5101" type="stmt"/>
        <line num="66" count="5101" type="stmt"/>
        <line num="67" count="5101" type="stmt"/>
        <line num="70" count="5519" type="stmt"/>
        <line num="73" count="12182" type="stmt"/>
        <line num="75" count="655" type="stmt"/>
        <line num="76" count="5519" type="stmt"/>
        <line num="78" count="655" type="stmt"/>
        <line num="82" count="595" type="cond" truecount="4" falsecount="0"/>
        <line num="83" count="397" type="cond" truecount="1" falsecount="1"/>
        <line num="85" count="397" type="cond" truecount="4" falsecount="0"/>
        <line num="86" count="134" type="stmt"/>
        <line num="87" count="134" type="stmt"/>
        <line num="92" count="595" type="cond" truecount="4" falsecount="0"/>
        <line num="94" count="397" type="stmt"/>
        <line num="95" count="397" type="stmt"/>
        <line num="96" count="397" type="stmt"/>
        <line num="98" count="397" type="stmt"/>
        <line num="99" count="397" type="stmt"/>
        <line num="101" count="397" type="cond" truecount="1" falsecount="1"/>
        <line num="102" count="0" type="stmt"/>
        <line num="107" count="0" type="stmt"/>
        <line num="108" count="0" type="stmt"/>
        <line num="109" count="0" type="stmt"/>
      </file>
      <file name="ai.safety.ts" path="C:\heckteckdraughts\PHASE3\src\engine\ai\ai.safety.ts">
        <metrics statements="70" coveredstatements="54" conditionals="93" coveredconditionals="74" methods="8" coveredmethods="6"/>
        <line num="13" count="8" type="stmt"/>
        <line num="24" count="1922" type="stmt"/>
        <line num="25" count="1922" type="stmt"/>
        <line num="27" count="1922" type="stmt"/>
        <line num="28" count="19220" type="cond" truecount="2" falsecount="0"/>
        <line num="29" count="19220" type="stmt"/>
        <line num="30" count="96100" type="stmt"/>
        <line num="31" count="96100" type="cond" truecount="2" falsecount="0"/>
        <line num="33" count="75369" type="cond" truecount="2" falsecount="0"/>
        <line num="34" count="96100" type="cond" truecount="2" falsecount="0"/>
        <line num="36" count="96100" type="stmt"/>
        <line num="38" count="96100" type="cond" truecount="2" falsecount="0"/>
        <line num="39" count="75369" type="cond" truecount="2" falsecount="0"/>
        <line num="40" count="560" type="stmt"/>
        <line num="41" count="74809" type="cond" truecount="2" falsecount="0"/>
        <line num="42" count="54877" type="stmt"/>
        <line num="46" count="75369" type="cond" truecount="1" falsecount="1"/>
        <line num="47" count="0" type="cond" truecount="0" falsecount="2"/>
        <line num="48" count="0" type="stmt"/>
        <line num="50" count="0" type="cond" truecount="0" falsecount="2"/>
        <line num="51" count="0" type="stmt"/>
        <line num="55" count="75369" type="cond" truecount="2" falsecount="0"/>
        <line num="59" count="1922" type="stmt"/>
        <line num="61" count="1922" type="stmt"/>
        <line num="65" count="75369" type="cond" truecount="2" falsecount="0"/>
        <line num="66" count="75369" type="cond" truecount="2" falsecount="0"/>
        <line num="68" count="75369" type="stmt"/>
        <line num="70" count="75369" type="cond" truecount="2" falsecount="0"/>
        <line num="71" count="67901" type="stmt"/>
        <line num="72" count="67901" type="cond" truecount="4" falsecount="0"/>
        <line num="74" count="75369" type="cond" truecount="4" falsecount="0"/>
        <line num="75" count="66065" type="stmt"/>
        <line num="76" count="66065" type="cond" truecount="4" falsecount="0"/>
        <line num="79" count="75369" type="cond" truecount="2" falsecount="0"/>
        <line num="81" count="2659" type="cond" truecount="2" falsecount="0"/>
        <line num="82" count="2561" type="stmt"/>
        <line num="83" count="2561" type="cond" truecount="4" falsecount="0"/>
        <line num="85" count="1112" type="cond" truecount="2" falsecount="0"/>
        <line num="86" count="1041" type="stmt"/>
        <line num="87" count="1041" type="cond" truecount="4" falsecount="0"/>
        <line num="90" count="560" type="stmt"/>
        <line num="94" count="74809" type="cond" truecount="2" falsecount="0"/>
        <line num="95" count="74809" type="stmt"/>
        <line num="96" count="74809" type="cond" truecount="5" falsecount="0"/>
        <line num="97" count="47308" type="stmt"/>
        <line num="98" count="74809" type="cond" truecount="6" falsecount="0"/>
        <line num="99" count="7569" type="stmt"/>
        <line num="100" count="74809" type="stmt"/>
        <line num="104" count="156827" type="cond" truecount="2" falsecount="0"/>
        <line num="105" count="153708" type="cond" truecount="4" falsecount="0"/>
        <line num="106" count="77921" type="cond" truecount="2" falsecount="0"/>
        <line num="110" count="0" type="stmt"/>
        <line num="111" count="0" type="stmt"/>
        <line num="112" count="0" type="cond" truecount="0" falsecount="4"/>
        <line num="113" count="0" type="stmt"/>
        <line num="115" count="0" type="stmt"/>
        <line num="119" count="0" type="stmt"/>
        <line num="120" count="0" type="stmt"/>
        <line num="121" count="0" type="stmt"/>
        <line num="122" count="0" type="cond" truecount="0" falsecount="2"/>
        <line num="123" count="0" type="stmt"/>
        <line num="124" count="0" type="cond" truecount="0" falsecount="4"/>
        <line num="127" count="0" type="stmt"/>
        <line num="131" count="1922" type="stmt"/>
        <line num="132" count="1922" type="cond" truecount="1" falsecount="1"/>
        <line num="133" count="1922" type="cond" truecount="1" falsecount="1"/>
        <line num="134" count="1922" type="cond" truecount="1" falsecount="1"/>
        <line num="135" count="1922" type="cond" truecount="1" falsecount="1"/>
        <line num="136" count="1922" type="stmt"/>
        <line num="140" count="2" type="stmt"/>
      </file>
      <file name="ai.tactics.ts" path="C:\heckteckdraughts\PHASE3\src\engine\ai\ai.tactics.ts">
        <metrics statements="57" coveredstatements="50" conditionals="70" coveredconditionals="65" methods="7" coveredmethods="6"/>
        <line num="13" count="8" type="stmt"/>
        <line num="23" count="1922" type="stmt"/>
        <line num="24" count="1922" type="stmt"/>
        <line num="26" count="1922" type="stmt"/>
        <line num="27" count="19220" type="cond" truecount="2" falsecount="0"/>
        <line num="28" count="19220" type="stmt"/>
        <line num="29" count="96100" type="stmt"/>
        <line num="30" count="96100" type="cond" truecount="2" falsecount="0"/>
        <line num="32" count="75369" type="cond" truecount="2" falsecount="0"/>
        <line num="33" count="96100" type="cond" truecount="2" falsecount="0"/>
        <line num="35" count="96100" type="cond" truecount="2" falsecount="0"/>
        <line num="36" count="1068" type="stmt"/>
        <line num="39" count="75369" type="cond" truecount="1" falsecount="1"/>
        <line num="40" count="75369" type="cond" truecount="2" falsecount="0"/>
        <line num="41" count="75369" type="cond" truecount="4" falsecount="0"/>
        <line num="42" count="18927" type="cond" truecount="2" falsecount="0"/>
        <line num="43" count="18172" type="stmt"/>
        <line num="48" count="75369" type="cond" truecount="2" falsecount="0"/>
        <line num="49" count="54877" type="stmt"/>
        <line num="54" count="1922" type="stmt"/>
        <line num="58" count="75369" type="cond" truecount="2" falsecount="0"/>
        <line num="59" count="75369" type="stmt"/>
        <line num="61" count="75369" type="cond" truecount="2" falsecount="0"/>
        <line num="62" count="60294" type="stmt"/>
        <line num="63" count="60294" type="stmt"/>
        <line num="64" count="60294" type="cond" truecount="4" falsecount="0"/>
        <line num="65" count="581" type="stmt"/>
        <line num="69" count="74788" type="cond" truecount="2" falsecount="0"/>
        <line num="70" count="59566" type="stmt"/>
        <line num="71" count="59566" type="stmt"/>
        <line num="72" count="59566" type="cond" truecount="4" falsecount="0"/>
        <line num="73" count="487" type="stmt"/>
        <line num="77" count="74301" type="stmt"/>
        <line num="81" count="94296" type="cond" truecount="2" falsecount="0"/>
        <line num="82" count="94296" type="stmt"/>
        <line num="84" count="94296" type="cond" truecount="4" falsecount="0"/>
        <line num="85" count="19220" type="stmt"/>
        <line num="87" count="75076" type="stmt"/>
        <line num="88" count="75076" type="cond" truecount="2" falsecount="0"/>
        <line num="89" count="67662" type="stmt"/>
        <line num="90" count="67662" type="cond" truecount="4" falsecount="0"/>
        <line num="92" count="75076" type="cond" truecount="4" falsecount="0"/>
        <line num="93" count="12683" type="stmt"/>
        <line num="94" count="12683" type="cond" truecount="4" falsecount="0"/>
        <line num="96" count="75076" type="stmt"/>
        <line num="100" count="123021" type="cond" truecount="2" falsecount="0"/>
        <line num="101" count="103189" type="cond" truecount="4" falsecount="0"/>
        <line num="102" count="52032" type="cond" truecount="2" falsecount="0"/>
        <line num="106" count="75369" type="cond" truecount="2" falsecount="0"/>
        <line num="110" count="0" type="stmt"/>
        <line num="111" count="0" type="stmt"/>
        <line num="112" count="0" type="stmt"/>
        <line num="113" count="0" type="cond" truecount="0" falsecount="2"/>
        <line num="115" count="0" type="cond" truecount="0" falsecount="2"/>
        <line num="116" count="0" type="stmt"/>
        <line num="118" count="0" type="stmt"/>
        <line num="122" count="2" type="stmt"/>
      </file>
      <file name="ai.tt.ts" path="C:\heckteckdraughts\PHASE3\src\engine\ai\ai.tt.ts">
        <metrics statements="54" coveredstatements="49" conditionals="30" coveredconditionals="22" methods="5" coveredmethods="4"/>
        <line num="9" count="1" type="stmt"/>
        <line num="24" count="3" type="stmt"/>
        <line num="25" count="3" type="stmt"/>
        <line num="26" count="3" type="stmt"/>
        <line num="27" count="3" type="stmt"/>
        <line num="30" count="3" type="cond" truecount="1" falsecount="1"/>
        <line num="31" count="3" type="stmt"/>
        <line num="32" count="3" type="stmt"/>
        <line num="36" count="8" type="stmt"/>
        <line num="40" count="842" type="stmt"/>
        <line num="42" count="842" type="stmt"/>
        <line num="43" count="842" type="stmt"/>
        <line num="44" count="842" type="stmt"/>
        <line num="46" count="842" type="cond" truecount="3" falsecount="2"/>
        <line num="47" count="842" type="stmt"/>
        <line num="48" count="842" type="cond" truecount="4" falsecount="0"/>
        <line num="49" count="595" type="cond" truecount="1" falsecount="1"/>
        <line num="50" count="201" type="stmt"/>
        <line num="52" count="842" type="stmt"/>
        <line num="53" count="842" type="cond" truecount="1" falsecount="1"/>
        <line num="54" count="842" type="stmt"/>
        <line num="55" count="842" type="stmt"/>
        <line num="56" count="842" type="stmt"/>
        <line num="59" count="842" type="stmt"/>
        <line num="60" count="842" type="stmt"/>
        <line num="61" count="842" type="stmt"/>
        <line num="62" count="842" type="stmt"/>
        <line num="64" count="842" type="cond" truecount="3" falsecount="1"/>
        <line num="65" count="842" type="stmt"/>
        <line num="70" count="908" type="stmt"/>
        <line num="72" count="908" type="cond" truecount="2" falsecount="0"/>
        <line num="73" count="334" type="stmt"/>
        <line num="75" count="334" type="stmt"/>
        <line num="76" count="334" type="stmt"/>
        <line num="77" count="334" type="stmt"/>
        <line num="79" count="334" type="stmt"/>
        <line num="80" count="334" type="stmt"/>
        <line num="82" count="334" type="stmt"/>
        <line num="83" count="334" type="cond" truecount="4" falsecount="0"/>
        <line num="84" count="220" type="cond" truecount="1" falsecount="1"/>
        <line num="85" count="83" type="stmt"/>
        <line num="87" count="334" type="stmt"/>
        <line num="88" count="334" type="cond" truecount="1" falsecount="1"/>
        <line num="89" count="334" type="stmt"/>
        <line num="90" count="334" type="stmt"/>
        <line num="91" count="334" type="stmt"/>
        <line num="98" count="334" type="stmt"/>
        <line num="101" count="574" type="stmt"/>
        <line num="102" count="574" type="stmt"/>
        <line num="106" count="0" type="stmt"/>
        <line num="107" count="0" type="stmt"/>
        <line num="108" count="0" type="stmt"/>
        <line num="109" count="0" type="stmt"/>
        <line num="110" count="0" type="stmt"/>
      </file>
      <file name="ai.utils.ts" path="C:\heckteckdraughts\PHASE3\src\engine\ai\ai.utils.ts">
        <metrics statements="161" coveredstatements="134" conditionals="131" coveredconditionals="106" methods="20" coveredmethods="17"/>
        <line num="29" count="765776" type="cond" truecount="4" falsecount="0"/>
        <line num="33" count="110050" type="cond" truecount="2" falsecount="0"/>
        <line num="34" count="84576" type="cond" truecount="2" falsecount="0"/>
        <line num="40" count="22058" type="cond" truecount="2" falsecount="0"/>
        <line num="41" count="12607" type="cond" truecount="2" falsecount="0"/>
        <line num="47" count="2769" type="stmt"/>
        <line num="57" count="2769" type="stmt"/>
        <line num="58" count="2769" type="stmt"/>
        <line num="59" count="27690" type="stmt"/>
        <line num="61" count="2769" type="stmt"/>
        <line num="62" count="2769" type="stmt"/>
        <line num="63" count="2769" type="stmt"/>
        <line num="65" count="2769" type="cond" truecount="1" falsecount="1"/>
        <line num="66" count="2769" type="stmt"/>
        <line num="67" count="2769" type="stmt"/>
        <line num="68" count="724" type="stmt"/>
        <line num="72" count="2769" type="cond" truecount="1" falsecount="1"/>
        <line num="73" count="0" type="stmt"/>
        <line num="77" count="2769" type="stmt"/>
        <line num="89" count="855" type="stmt"/>
        <line num="90" count="855" type="cond" truecount="2" falsecount="0"/>
        <line num="92" count="553" type="stmt"/>
        <line num="93" count="553" type="stmt"/>
        <line num="95" count="553" type="stmt"/>
        <line num="96" count="5530" type="cond" truecount="2" falsecount="0"/>
        <line num="100" count="5530" type="stmt"/>
        <line num="101" count="27650" type="cond" truecount="2" falsecount="0"/>
        <line num="102" count="10957" type="stmt"/>
        <line num="106" count="553" type="stmt"/>
        <line num="110" count="1558" type="stmt"/>
        <line num="111" count="1558" type="stmt"/>
        <line num="112" count="1558" type="stmt"/>
        <line num="113" count="15580" type="stmt"/>
        <line num="115" count="1558" type="stmt"/>
        <line num="117" count="1558" type="stmt"/>
        <line num="118" count="15580" type="cond" truecount="2" falsecount="0"/>
        <line num="119" count="15580" type="stmt"/>
        <line num="120" count="77900" type="cond" truecount="2" falsecount="0"/>
        <line num="121" count="30362" type="stmt"/>
        <line num="133" count="1558" type="cond" truecount="2" falsecount="0"/>
        <line num="134" count="538" type="stmt"/>
        <line num="135" count="538" type="stmt"/>
        <line num="136" count="794" type="cond" truecount="2" falsecount="0"/>
        <line num="137" count="794" type="stmt"/>
        <line num="140" count="1020" type="stmt"/>
        <line num="152" count="31232" type="cond" truecount="1" falsecount="1"/>
        <line num="153" count="31232" type="stmt"/>
        <line num="154" count="31232" type="cond" truecount="1" falsecount="1"/>
        <line num="155" count="31232" type="stmt"/>
        <line num="157" count="31232" type="stmt"/>
        <line num="158" count="31232" type="stmt"/>
        <line num="159" count="31232" type="cond" truecount="2" falsecount="0"/>
        <line num="161" count="31232" type="cond" truecount="4" falsecount="0"/>
        <line num="165" count="31232" type="stmt"/>
        <line num="167" count="31232" type="stmt"/>
        <line num="168" count="124928" type="cond" truecount="2" falsecount="0"/>
        <line num="169" count="4" type="stmt"/>
        <line num="170" count="4" type="stmt"/>
        <line num="171" count="4" type="stmt"/>
        <line num="172" count="4" type="stmt"/>
        <line num="174" count="4" type="stmt"/>
        <line num="175" count="9" type="stmt"/>
        <line num="176" count="9" type="cond" truecount="1" falsecount="1"/>
        <line num="177" count="0" type="cond" truecount="0" falsecount="2"/>
        <line num="178" count="0" type="stmt"/>
        <line num="179" count="0" type="stmt"/>
        <line num="180" count="0" type="stmt"/>
        <line num="181" count="0" type="stmt"/>
        <line num="183" count="9" type="stmt"/>
        <line num="184" count="9" type="stmt"/>
        <line num="187" count="4" type="cond" truecount="1" falsecount="1"/>
        <line num="190" count="0" type="cond" truecount="0" falsecount="2"/>
        <line num="193" count="0" type="stmt"/>
        <line num="194" count="0" type="stmt"/>
        <line num="196" count="0" type="stmt"/>
        <line num="200" count="0" type="stmt"/>
        <line num="202" count="0" type="stmt"/>
        <line num="203" count="0" type="stmt"/>
        <line num="204" count="0" type="stmt"/>
        <line num="206" count="0" type="stmt"/>
        <line num="216" count="0" type="stmt"/>
        <line num="217" count="0" type="stmt"/>
        <line num="218" count="0" type="stmt"/>
        <line num="220" count="0" type="stmt"/>
        <line num="221" count="0" type="stmt"/>
        <line num="225" count="124924" type="stmt"/>
        <line num="229" count="124924" type="stmt"/>
        <line num="234" count="124924" type="cond" truecount="2" falsecount="0"/>
        <line num="235" count="75426" type="stmt"/>
        <line num="236" count="75426" type="cond" truecount="2" falsecount="0"/>
        <line num="240" count="870" type="cond" truecount="1" falsecount="1"/>
        <line num="242" count="78" type="cond" truecount="2" falsecount="0"/>
        <line num="245" count="870" type="stmt"/>
        <line num="246" count="870" type="stmt"/>
        <line num="247" count="870" type="stmt"/>
        <line num="248" count="870" type="stmt"/>
        <line num="250" count="870" type="stmt"/>
        <line num="260" count="870" type="stmt"/>
        <line num="261" count="870" type="stmt"/>
        <line num="262" count="870" type="stmt"/>
        <line num="269" count="31232" type="cond" truecount="4" falsecount="0"/>
        <line num="270" count="794" type="stmt"/>
        <line num="276" count="31232" type="stmt"/>
        <line num="280" count="10957" type="stmt"/>
        <line num="281" count="10957" type="cond" truecount="2" falsecount="0"/>
        <line num="283" count="10957" type="cond" truecount="2" falsecount="0"/>
        <line num="284" count="1" type="stmt"/>
        <line num="285" count="1" type="stmt"/>
        <line num="286" count="4" type="stmt"/>
        <line num="287" count="4" type="stmt"/>
        <line num="288" count="4" type="cond" truecount="2" falsecount="0"/>
        <line num="289" count="9" type="stmt"/>
        <line num="294" count="9" type="stmt"/>
        <line num="295" count="9" type="stmt"/>
        <line num="300" count="10956" type="cond" truecount="2" falsecount="0"/>
        <line num="303" count="10956" type="stmt"/>
        <line num="304" count="21912" type="stmt"/>
        <line num="305" count="21912" type="stmt"/>
        <line num="306" count="21912" type="cond" truecount="4" falsecount="0"/>
        <line num="307" count="5334" type="stmt"/>
        <line num="320" count="6" type="stmt"/>
        <line num="323" count="942" type="cond" truecount="2" falsecount="0"/>
        <line num="324" count="3" type="stmt"/>
        <line num="325" count="3" type="stmt"/>
        <line num="326" count="1500" type="stmt"/>
        <line num="327" count="1500" type="stmt"/>
        <line num="330" count="300" type="stmt"/>
        <line num="338" count="942" type="stmt"/>
        <line num="342" count="942" type="stmt"/>
        <line num="343" count="942" type="stmt"/>
        <line num="345" count="942" type="stmt"/>
        <line num="346" count="9420" type="cond" truecount="2" falsecount="0"/>
        <line num="347" count="9420" type="stmt"/>
        <line num="348" count="47100" type="stmt"/>
        <line num="349" count="47100" type="cond" truecount="2" falsecount="0"/>
        <line num="350" count="37454" type="stmt"/>
        <line num="351" count="37454" type="stmt"/>
        <line num="356" count="942" type="cond" truecount="2" falsecount="0"/>
        <line num="357" count="669" type="stmt"/>
        <line num="360" count="942" type="stmt"/>
        <line num="364" count="0" type="stmt"/>
        <line num="365" count="0" type="stmt"/>
        <line num="371" count="9614" type="stmt"/>
        <line num="372" count="9614" type="stmt"/>
        <line num="373" count="9614" type="stmt"/>
        <line num="374" count="9614" type="stmt"/>
        <line num="376" count="9614" type="stmt"/>
        <line num="377" count="96140" type="cond" truecount="2" falsecount="0"/>
        <line num="378" count="96140" type="stmt"/>
        <line num="379" count="480700" type="stmt"/>
        <line num="380" count="480700" type="cond" truecount="2" falsecount="0"/>
        <line num="382" count="376853" type="cond" truecount="3" falsecount="1"/>
        <line num="383" count="188493" type="cond" truecount="0" falsecount="2"/>
        <line num="385" count="0" type="stmt"/>
        <line num="386" count="0" type="stmt"/>
        <line num="387" count="0" type="cond" truecount="0" falsecount="2"/>
        <line num="388" count="0" type="stmt"/>
        <line num="389" count="0" type="stmt"/>
        <line num="393" count="9614" type="stmt"/>
        <line num="397" count="11454" type="cond" truecount="3" falsecount="1"/>
        <line num="398" count="11454" type="stmt"/>
      </file>
    </package>
    <package name="src.engine.ai-evaluation">
      <metrics statements="170" coveredstatements="134" conditionals="128" coveredconditionals="83" methods="19" coveredmethods="13"/>
      <file name="draw-evaluator.ts" path="C:\heckteckdraughts\PHASE3\src\engine\ai-evaluation\draw-evaluator.ts">
        <metrics statements="18" coveredstatements="10" conditionals="24" coveredconditionals="6" methods="5" coveredmethods="3"/>
        <line num="9" count="6" type="stmt"/>
        <line num="12" count="1922" type="stmt"/>
        <line num="14" count="1922" type="cond" truecount="2" falsecount="2"/>
        <line num="15" count="0" type="cond" truecount="0" falsecount="4"/>
        <line num="18" count="1922" type="stmt"/>
        <line num="22" count="1922" type="cond" truecount="1" falsecount="1"/>
        <line num="23" count="0" type="stmt"/>
        <line num="26" count="1922" type="cond" truecount="1" falsecount="1"/>
        <line num="27" count="0" type="cond" truecount="0" falsecount="2"/>
        <line num="28" count="0" type="cond" truecount="0" falsecount="2"/>
        <line num="30" count="0" type="stmt"/>
        <line num="32" count="1922" type="stmt"/>
        <line num="36" count="1922" type="stmt"/>
        <line num="38" count="1922" type="cond" truecount="2" falsecount="2"/>
        <line num="39" count="0" type="cond" truecount="0" falsecount="4"/>
        <line num="42" count="1922" type="stmt"/>
        <line num="46" count="0" type="stmt"/>
        <line num="50" count="0" type="stmt"/>
      </file>
      <file name="eval.constants.ts" path="C:\heckteckdraughts\PHASE3\src\engine\ai-evaluation\eval.constants.ts">
        <metrics statements="10" coveredstatements="10" conditionals="0" coveredconditionals="0" methods="0" coveredmethods="0"/>
        <line num="5" count="2" type="stmt"/>
        <line num="6" count="2" type="stmt"/>
        <line num="7" count="2" type="stmt"/>
        <line num="9" count="2" type="stmt"/>
        <line num="22" count="2" type="stmt"/>
        <line num="35" count="2" type="stmt"/>
        <line num="39" count="2" type="stmt"/>
        <line num="43" count="2" type="stmt"/>
        <line num="72" count="2" type="stmt"/>
        <line num="85" count="2" type="stmt"/>
      </file>
      <file name="material-evaluator.ts" path="C:\heckteckdraughts\PHASE3\src\engine\ai-evaluation\material-evaluator.ts">
        <metrics statements="31" coveredstatements="23" conditionals="16" coveredconditionals="9" methods="3" coveredmethods="2"/>
        <line num="25" count="6" type="cond" truecount="2" falsecount="0"/>
        <line num="32" count="1922" type="stmt"/>
        <line num="33" count="1922" type="stmt"/>
        <line num="34" count="1922" type="stmt"/>
        <line num="35" count="1922" type="stmt"/>
        <line num="36" count="1922" type="stmt"/>
        <line num="37" count="1922" type="stmt"/>
        <line num="39" count="1922" type="stmt"/>
        <line num="40" count="19220" type="stmt"/>
        <line num="41" count="192200" type="stmt"/>
        <line num="42" count="192200" type="cond" truecount="2" falsecount="0"/>
        <line num="44" count="75369" type="cond" truecount="2" falsecount="0"/>
        <line num="45" count="37671" type="stmt"/>
        <line num="46" count="37671" type="stmt"/>
        <line num="47" count="37698" type="cond" truecount="1" falsecount="1"/>
        <line num="48" count="0" type="stmt"/>
        <line num="49" count="0" type="stmt"/>
        <line num="50" count="37698" type="cond" truecount="1" falsecount="1"/>
        <line num="51" count="37698" type="stmt"/>
        <line num="52" count="37698" type="stmt"/>
        <line num="53" count="0" type="cond" truecount="0" falsecount="2"/>
        <line num="54" count="0" type="stmt"/>
        <line num="55" count="0" type="stmt"/>
        <line num="60" count="1922" type="stmt"/>
        <line num="62" count="1922" type="stmt"/>
        <line num="63" count="1922" type="cond" truecount="1" falsecount="1"/>
        <line num="64" count="0" type="stmt"/>
        <line num="67" count="1922" type="stmt"/>
        <line num="69" count="1922" type="stmt"/>
        <line num="79" count="0" type="stmt"/>
        <line num="80" count="0" type="cond" truecount="0" falsecount="2"/>
      </file>
      <file name="pattern-evaluator.ts" path="C:\heckteckdraughts\PHASE3\src\engine\ai-evaluation\pattern-evaluator.ts">
        <metrics statements="30" coveredstatements="30" conditionals="44" coveredconditionals="43" methods="3" coveredmethods="3"/>
        <line num="12" count="6" type="stmt"/>
        <line num="21" count="1922" type="stmt"/>
        <line num="23" count="1922" type="stmt"/>
        <line num="24" count="19220" type="stmt"/>
        <line num="25" count="192200" type="cond" truecount="2" falsecount="0"/>
        <line num="27" count="96100" type="stmt"/>
        <line num="28" count="96100" type="cond" truecount="2" falsecount="0"/>
        <line num="30" count="75369" type="cond" truecount="2" falsecount="0"/>
        <line num="31" count="192200" type="cond" truecount="2" falsecount="0"/>
        <line num="32" count="192200" type="cond" truecount="2" falsecount="0"/>
        <line num="34" count="192200" type="cond" truecount="2" falsecount="0"/>
        <line num="35" count="75369" type="stmt"/>
        <line num="36" count="75369" type="cond" truecount="4" falsecount="0"/>
        <line num="37" count="56149" type="stmt"/>
        <line num="38" count="56149" type="cond" truecount="4" falsecount="0"/>
        <line num="39" count="47320" type="stmt"/>
        <line num="40" count="56149" type="cond" truecount="4" falsecount="0"/>
        <line num="41" count="46947" type="stmt"/>
        <line num="43" count="56149" type="cond" truecount="2" falsecount="0"/>
        <line num="44" count="1254" type="stmt"/>
        <line num="49" count="75369" type="cond" truecount="1" falsecount="1"/>
        <line num="50" count="75369" type="stmt"/>
        <line num="51" count="75369" type="stmt"/>
        <line num="52" count="75369" type="cond" truecount="6" falsecount="0"/>
        <line num="53" count="56149" type="cond" truecount="2" falsecount="0"/>
        <line num="54" count="56149" type="cond" truecount="2" falsecount="0"/>
        <line num="56" count="56149" type="cond" truecount="4" falsecount="0"/>
        <line num="57" count="39366" type="stmt"/>
        <line num="63" count="1922" type="stmt"/>
        <line num="67" count="150738" type="cond" truecount="2" falsecount="0"/>
      </file>
      <file name="phase-calculator.ts" path="C:\heckteckdraughts\PHASE3\src\engine\ai-evaluation\phase-calculator.ts">
        <metrics statements="13" coveredstatements="7" conditionals="4" coveredconditionals="0" methods="3" coveredmethods="1"/>
        <line num="9" count="6" type="stmt"/>
        <line num="10" count="6" type="stmt"/>
        <line num="11" count="6" type="stmt"/>
        <line num="14" count="1923" type="stmt"/>
        <line num="15" count="1923" type="stmt"/>
        <line num="17" count="1923" type="stmt"/>
        <line num="19" count="1923" type="stmt"/>
        <line num="23" count="0" type="stmt"/>
        <line num="24" count="0" type="stmt"/>
        <line num="28" count="0" type="stmt"/>
        <line num="29" count="0" type="cond" truecount="0" falsecount="2"/>
        <line num="30" count="0" type="cond" truecount="0" falsecount="2"/>
        <line num="31" count="0" type="stmt"/>
      </file>
      <file name="position-evaluator.ts" path="C:\heckteckdraughts\PHASE3\src\engine\ai-evaluation\position-evaluator.ts">
        <metrics statements="34" coveredstatements="25" conditionals="22" coveredconditionals="11" methods="3" coveredmethods="2"/>
        <line num="32" count="6" type="stmt"/>
        <line num="33" count="6" type="stmt"/>
        <line num="34" count="6" type="stmt"/>
        <line num="35" count="6" type="stmt"/>
        <line num="36" count="6" type="stmt"/>
        <line num="37" count="6" type="stmt"/>
        <line num="38" count="6" type="stmt"/>
        <line num="39" count="6" type="stmt"/>
        <line num="43" count="1925" type="stmt"/>
        <line num="44" count="1925" type="cond" truecount="2" falsecount="0"/>
        <line num="45" count="1924" type="cond" truecount="2" falsecount="0"/>
        <line num="48" count="1923" type="stmt"/>
        <line num="51" count="1923" type="cond" truecount="2" falsecount="0"/>
        <line num="52" count="1" type="stmt"/>
        <line num="53" count="1" type="cond" truecount="1" falsecount="1"/>
        <line num="56" count="1922" type="stmt"/>
        <line num="57" count="1922" type="stmt"/>
        <line num="58" count="1922" type="stmt"/>
        <line num="59" count="1922" type="stmt"/>
        <line num="60" count="1922" type="stmt"/>
        <line num="63" count="1922" type="stmt"/>
        <line num="66" count="1922" type="stmt"/>
        <line num="68" count="1922" type="stmt"/>
        <line num="70" count="1922" type="stmt"/>
        <line num="72" count="1922" type="cond" truecount="2" falsecount="0"/>
        <line num="76" count="0" type="stmt"/>
        <line num="78" count="0" type="cond" truecount="0" falsecount="4"/>
        <line num="79" count="0" type="stmt"/>
        <line num="83" count="0" type="cond" truecount="0" falsecount="4"/>
        <line num="85" count="0" type="cond" truecount="0" falsecount="2"/>
        <line num="88" count="0" type="stmt"/>
        <line num="91" count="0" type="stmt"/>
        <line num="92" count="0" type="stmt"/>
        <line num="94" count="0" type="stmt"/>
      </file>
      <file name="positional-evaluator.ts" path="C:\heckteckdraughts\PHASE3\src\engine\ai-evaluation\positional-evaluator.ts">
        <metrics statements="28" coveredstatements="26" conditionals="14" coveredconditionals="13" methods="1" coveredmethods="1"/>
        <line num="22" count="1922" type="stmt"/>
        <line num="23" count="1922" type="stmt"/>
        <line num="25" count="1922" type="stmt"/>
        <line num="27" count="1922" type="stmt"/>
        <line num="28" count="1922" type="stmt"/>
        <line num="30" count="1922" type="stmt"/>
        <line num="31" count="19220" type="stmt"/>
        <line num="32" count="192200" type="stmt"/>
        <line num="33" count="192200" type="cond" truecount="2" falsecount="0"/>
        <line num="35" count="96100" type="stmt"/>
        <line num="36" count="96100" type="cond" truecount="2" falsecount="0"/>
        <line num="38" count="75369" type="cond" truecount="2" falsecount="0"/>
        <line num="39" count="192200" type="cond" truecount="2" falsecount="0"/>
        <line num="41" count="192200" type="stmt"/>
        <line num="42" count="192200" type="cond" truecount="2" falsecount="0"/>
        <line num="45" count="192200" type="stmt"/>
        <line num="46" count="192200" type="stmt"/>
        <line num="48" count="192200" type="cond" truecount="1" falsecount="1"/>
        <line num="49" count="0" type="stmt"/>
        <line num="50" count="0" type="stmt"/>
        <line num="54" count="75369" type="stmt"/>
        <line num="61" count="75369" type="stmt"/>
        <line num="64" count="75369" type="cond" truecount="2" falsecount="0"/>
        <line num="65" count="37671" type="stmt"/>
        <line num="66" count="37671" type="stmt"/>
        <line num="68" count="37698" type="stmt"/>
        <line num="69" count="37698" type="stmt"/>
        <line num="74" count="1922" type="stmt"/>
      </file>
      <file name="weight-normalization.ts" path="C:\heckteckdraughts\PHASE3\src\engine\ai-evaluation\weight-normalization.ts">
        <metrics statements="6" coveredstatements="3" conditionals="4" coveredconditionals="1" methods="1" coveredmethods="1"/>
        <line num="20" count="1922" type="cond" truecount="1" falsecount="1"/>
        <line num="21" count="1922" type="stmt"/>
        <line num="22" count="0" type="cond" truecount="0" falsecount="2"/>
        <line num="23" count="0" type="stmt"/>
        <line num="25" count="0" type="stmt"/>
        <line num="28" count="1922" type="stmt"/>
      </file>
    </package>
    <package name="src.engine.ai-search">
      <metrics statements="159" coveredstatements="138" conditionals="96" coveredconditionals="83" methods="22" coveredmethods="17"/>
      <file name="negamax-search.ts" path="C:\heckteckdraughts\PHASE3\src\engine\ai-search\negamax-search.ts">
        <metrics statements="61" coveredstatements="59" conditionals="55" coveredconditionals="50" methods="5" coveredmethods="4"/>
        <line num="21" count="3" type="stmt"/>
        <line num="23" count="3" type="stmt"/>
        <line num="24" count="3" type="stmt"/>
        <line num="25" count="3" type="stmt"/>
        <line num="26" count="0" type="stmt"/>
        <line num="29" count="3" type="stmt"/>
        <line num="30" count="3" type="stmt"/>
        <line num="31" count="3" type="stmt"/>
        <line num="35" count="6" type="stmt"/>
        <line num="36" count="6" type="stmt"/>
        <line num="37" count="6" type="stmt"/>
        <line num="41" count="2517" type="stmt"/>
        <line num="42" count="2517" type="cond" truecount="2" falsecount="0"/>
        <line num="44" count="2517" type="cond" truecount="2" falsecount="0"/>
        <line num="45" count="1" type="cond" truecount="1" falsecount="1"/>
        <line num="46" count="1" type="stmt"/>
        <line num="47" count="1" type="stmt"/>
        <line num="51" count="2516" type="cond" truecount="2" falsecount="0"/>
        <line num="52" count="1616" type="cond" truecount="1" falsecount="1"/>
        <line num="55" count="900" type="stmt"/>
        <line num="56" count="900" type="stmt"/>
        <line num="58" count="900" type="cond" truecount="1" falsecount="1"/>
        <line num="59" count="900" type="stmt"/>
        <line num="60" count="900" type="cond" truecount="4" falsecount="0"/>
        <line num="61" count="201" type="cond" truecount="2" falsecount="0"/>
        <line num="62" count="200" type="cond" truecount="4" falsecount="0"/>
        <line num="63" count="200" type="cond" truecount="4" falsecount="0"/>
        <line num="64" count="200" type="cond" truecount="2" falsecount="0"/>
        <line num="66" count="847" type="cond" truecount="2" falsecount="0"/>
        <line num="69" count="847" type="stmt"/>
        <line num="70" count="847" type="cond" truecount="1" falsecount="1"/>
        <line num="71" count="0" type="stmt"/>
        <line num="74" count="847" type="stmt"/>
        <line num="76" count="847" type="stmt"/>
        <line num="77" count="847" type="stmt"/>
        <line num="78" count="847" type="stmt"/>
        <line num="80" count="847" type="stmt"/>
        <line num="81" count="2464" type="stmt"/>
        <line num="82" count="2464" type="stmt"/>
        <line num="86" count="2464" type="cond" truecount="2" falsecount="0"/>
        <line num="87" count="847" type="stmt"/>
        <line num="89" count="1617" type="stmt"/>
        <line num="91" count="1617" type="cond" truecount="4" falsecount="0"/>
        <line num="92" count="44" type="stmt"/>
        <line num="96" count="2464" type="cond" truecount="2" falsecount="0"/>
        <line num="98" count="2459" type="cond" truecount="2" falsecount="0"/>
        <line num="99" count="1014" type="stmt"/>
        <line num="100" count="1014" type="stmt"/>
        <line num="101" count="1014" type="cond" truecount="2" falsecount="0"/>
        <line num="102" count="684" type="stmt"/>
        <line num="103" count="684" type="cond" truecount="2" falsecount="0"/>
        <line num="104" count="595" type="stmt"/>
        <line num="105" count="595" type="stmt"/>
        <line num="106" count="595" type="stmt"/>
        <line num="112" count="842" type="cond" truecount="3" falsecount="1"/>
        <line num="113" count="842" type="stmt"/>
        <line num="114" count="842" type="cond" truecount="4" falsecount="0"/>
        <line num="115" count="595" type="stmt"/>
        <line num="117" count="842" type="stmt"/>
        <line num="120" count="842" type="stmt"/>
        <line num="124" count="3" type="stmt"/>
      </file>
      <file name="quiescence-search.ts" path="C:\heckteckdraughts\PHASE3\src\engine\ai-search\quiescence-search.ts">
        <metrics statements="13" coveredstatements="13" conditionals="11" coveredconditionals="10" methods="2" coveredmethods="2"/>
        <line num="11" count="3" type="stmt"/>
        <line num="14" count="3" type="stmt"/>
        <line num="18" count="1921" type="stmt"/>
        <line num="20" count="1921" type="cond" truecount="2" falsecount="0"/>
        <line num="21" count="698" type="cond" truecount="2" falsecount="0"/>
        <line num="23" count="698" type="cond" truecount="1" falsecount="1"/>
        <line num="25" count="698" type="stmt"/>
        <line num="27" count="698" type="stmt"/>
        <line num="28" count="305" type="stmt"/>
        <line num="29" count="305" type="stmt"/>
        <line num="31" count="305" type="cond" truecount="2" falsecount="0"/>
        <line num="32" count="198" type="cond" truecount="2" falsecount="0"/>
        <line num="35" count="591" type="stmt"/>
      </file>
      <file name="search-engine.ts" path="C:\heckteckdraughts\PHASE3\src\engine\ai-search\search-engine.ts">
        <metrics statements="20" coveredstatements="19" conditionals="5" coveredconditionals="5" methods="3" coveredmethods="2"/>
        <line num="23" count="3" type="stmt"/>
        <line num="24" count="3" type="stmt"/>
        <line num="25" count="3" type="stmt"/>
        <line num="27" count="3" type="stmt"/>
        <line num="28" count="3" type="stmt"/>
        <line num="30" count="3" type="stmt"/>
        <line num="31" count="3" type="stmt"/>
        <line num="32" count="3" type="stmt"/>
        <line num="37" count="3" type="stmt"/>
        <line num="39" count="3" type="stmt"/>
        <line num="43" count="3" type="cond" truecount="2" falsecount="0"/>
        <line num="44" count="1" type="stmt"/>
        <line num="47" count="1" type="stmt"/>
        <line num="48" count="1" type="stmt"/>
        <line num="50" count="1" type="stmt"/>
        <line num="52" count="1" type="stmt"/>
        <line num="61" count="2" type="stmt"/>
        <line num="62" count="2" type="stmt"/>
        <line num="64" count="2" type="stmt"/>
        <line num="72" count="0" type="stmt"/>
      </file>
      <file name="search-iterative-deepening.ts" path="C:\heckteckdraughts\PHASE3\src\engine\ai-search\search-iterative-deepening.ts">
        <metrics statements="38" coveredstatements="34" conditionals="24" coveredconditionals="18" methods="5" coveredmethods="4"/>
        <line num="11" count="3" type="stmt"/>
        <line num="12" count="3" type="stmt"/>
        <line num="15" count="3" type="stmt"/>
        <line num="19" count="0" type="stmt"/>
        <line num="20" count="0" type="stmt"/>
        <line num="24" count="3" type="stmt"/>
        <line num="25" count="3" type="stmt"/>
        <line num="29" count="3" type="stmt"/>
        <line num="31" count="3" type="stmt"/>
        <line num="32" count="1" type="cond" truecount="1" falsecount="1"/>
        <line num="33" count="1" type="stmt"/>
        <line num="36" count="3" type="stmt"/>
        <line num="37" count="3" type="stmt"/>
        <line num="39" count="3" type="stmt"/>
        <line num="40" count="3" type="cond" truecount="1" falsecount="1"/>
        <line num="41" count="3" type="cond" truecount="2" falsecount="0"/>
        <line num="43" count="2" type="stmt"/>
        <line num="44" count="9" type="stmt"/>
        <line num="45" count="9" type="stmt"/>
        <line num="46" count="9" type="stmt"/>
        <line num="47" count="9" type="stmt"/>
        <line num="49" count="9" type="cond" truecount="2" falsecount="0"/>
        <line num="50" count="5" type="stmt"/>
        <line num="51" count="5" type="stmt"/>
        <line num="54" count="9" type="stmt"/>
        <line num="56" count="9" type="cond" truecount="3" falsecount="1"/>
        <line num="57" count="0" type="stmt"/>
        <line num="60" count="9" type="cond" truecount="4" falsecount="0"/>
        <line num="61" count="1" type="cond" truecount="1" falsecount="1"/>
        <line num="64" count="8" type="stmt"/>
        <line num="68" count="8" type="stmt"/>
        <line num="69" count="8" type="stmt"/>
        <line num="70" count="8" type="stmt"/>
        <line num="72" count="8" type="cond" truecount="3" falsecount="1"/>
        <line num="73" count="8" type="stmt"/>
        <line num="75" count="0" type="stmt"/>
        <line num="78" count="8" type="cond" truecount="1" falsecount="1"/>
        <line num="81" count="2" type="stmt"/>
      </file>
      <file name="search-stats.ts" path="C:\heckteckdraughts\PHASE3\src\engine\ai-search\search-stats.ts">
        <metrics statements="27" coveredstatements="13" conditionals="1" coveredconditionals="0" methods="7" coveredmethods="5"/>
        <line num="10" count="3" type="stmt"/>
        <line num="11" count="3" type="stmt"/>
        <line num="14" count="3" type="stmt"/>
        <line num="15" count="3" type="stmt"/>
        <line num="19" count="3" type="stmt"/>
        <line num="20" count="3" type="stmt"/>
        <line num="24" count="3" type="stmt"/>
        <line num="28" count="6" type="stmt"/>
        <line num="29" count="6" type="stmt"/>
        <line num="30" count="6" type="stmt"/>
        <line num="32" count="6" type="stmt"/>
        <line num="41" count="3" type="stmt"/>
        <line num="42" count="3" type="stmt"/>
        <line num="48" count="0" type="stmt"/>
        <line num="49" count="0" type="stmt"/>
        <line num="51" count="0" type="stmt"/>
        <line num="53" count="0" type="stmt"/>
        <line num="61" count="0" type="stmt"/>
        <line num="62" count="0" type="stmt"/>
        <line num="63" count="0" type="stmt"/>
        <line num="65" count="0" type="stmt"/>
        <line num="66" count="0" type="stmt"/>
        <line num="67" count="0" type="stmt"/>
        <line num="68" count="0" type="stmt"/>
        <line num="69" count="0" type="stmt"/>
        <line num="71" count="0" type="stmt"/>
        <line num="75" count="0" type="stmt"/>
      </file>
    </package>
    <package name="src.engine.game">
      <metrics statements="117" coveredstatements="78" conditionals="81" coveredconditionals="43" methods="20" coveredmethods="18"/>
      <file name="capture-handler.ts" path="C:\heckteckdraughts\PHASE3\src\engine\game\capture-handler.ts">
        <metrics statements="55" coveredstatements="31" conditionals="32" coveredconditionals="16" methods="5" coveredmethods="4"/>
        <line num="8" count="2" type="stmt"/>
        <line num="17" count="523" type="stmt"/>
        <line num="18" count="5230" type="stmt"/>
        <line num="20" count="523" type="stmt"/>
        <line num="29" count="523" type="stmt"/>
        <line num="40" count="529" type="stmt"/>
        <line num="41" count="529" type="stmt"/>
        <line num="42" count="529" type="cond" truecount="2" falsecount="0"/>
        <line num="44" count="529" type="stmt"/>
        <line num="45" count="2116" type="cond" truecount="1" falsecount="1"/>
        <line num="46" count="0" type="stmt"/>
        <line num="47" count="0" type="stmt"/>
        <line num="48" count="0" type="stmt"/>
        <line num="50" count="0" type="stmt"/>
        <line num="51" count="0" type="stmt"/>
        <line num="52" count="0" type="cond" truecount="0" falsecount="2"/>
        <line num="53" count="0" type="cond" truecount="0" falsecount="4"/>
        <line num="54" count="0" type="stmt"/>
        <line num="56" count="0" type="stmt"/>
        <line num="58" count="0" type="cond" truecount="0" falsecount="2"/>
        <line num="59" count="0" type="stmt"/>
        <line num="60" count="0" type="cond" truecount="0" falsecount="2"/>
        <line num="63" count="0" type="cond" truecount="0" falsecount="2"/>
        <line num="64" count="0" type="stmt"/>
        <line num="65" count="0" type="stmt"/>
        <line num="67" count="0" type="stmt"/>
        <line num="68" count="0" type="stmt"/>
        <line num="69" count="0" type="stmt"/>
        <line num="71" count="0" type="stmt"/>
        <line num="80" count="0" type="stmt"/>
        <line num="81" count="0" type="stmt"/>
        <line num="82" count="0" type="stmt"/>
        <line num="85" count="0" type="stmt"/>
        <line num="86" count="0" type="stmt"/>
        <line num="89" count="2116" type="stmt"/>
        <line num="90" count="2116" type="stmt"/>
        <line num="91" count="2116" type="stmt"/>
        <line num="92" count="2116" type="stmt"/>
        <line num="94" count="2116" type="cond" truecount="2" falsecount="0"/>
        <line num="95" count="1280" type="stmt"/>
        <line num="96" count="1280" type="cond" truecount="1" falsecount="1"/>
        <line num="100" count="1280" type="cond" truecount="4" falsecount="0"/>
        <line num="101" count="6" type="stmt"/>
        <line num="102" count="2" type="cond" truecount="1" falsecount="1"/>
        <line num="105" count="6" type="cond" truecount="1" falsecount="1"/>
        <line num="106" count="6" type="stmt"/>
        <line num="107" count="6" type="stmt"/>
        <line num="108" count="6" type="stmt"/>
        <line num="109" count="6" type="stmt"/>
        <line num="111" count="6" type="stmt"/>
        <line num="120" count="6" type="stmt"/>
        <line num="121" count="6" type="stmt"/>
        <line num="122" count="6" type="stmt"/>
        <line num="129" count="529" type="cond" truecount="4" falsecount="0"/>
        <line num="130" count="4" type="stmt"/>
      </file>
      <file name="draw-detector.ts" path="C:\heckteckdraughts\PHASE3\src\engine\game\draw-detector.ts">
        <metrics statements="28" coveredstatements="21" conditionals="26" coveredconditionals="16" methods="4" coveredmethods="4"/>
        <line num="18" count="14" type="cond" truecount="2" falsecount="0"/>
        <line num="19" count="9" type="cond" truecount="1" falsecount="1"/>
        <line num="20" count="9" type="cond" truecount="1" falsecount="1"/>
        <line num="24" count="14" type="cond" truecount="1" falsecount="1"/>
        <line num="25" count="14" type="stmt"/>
        <line num="29" count="9" type="stmt"/>
        <line num="33" count="9" type="stmt"/>
        <line num="34" count="9" type="stmt"/>
        <line num="35" count="9" type="stmt"/>
        <line num="36" count="9" type="stmt"/>
        <line num="38" count="9" type="stmt"/>
        <line num="39" count="90" type="cond" truecount="2" falsecount="0"/>
        <line num="40" count="90" type="stmt"/>
        <line num="41" count="450" type="stmt"/>
        <line num="42" count="450" type="cond" truecount="2" falsecount="0"/>
        <line num="44" count="322" type="cond" truecount="2" falsecount="0"/>
        <line num="45" count="161" type="stmt"/>
        <line num="46" count="161" type="cond" truecount="1" falsecount="1"/>
        <line num="47" count="161" type="stmt"/>
        <line num="48" count="0" type="cond" truecount="0" falsecount="2"/>
        <line num="49" count="0" type="stmt"/>
        <line num="50" count="0" type="stmt"/>
        <line num="51" count="0" type="cond" truecount="0" falsecount="2"/>
        <line num="52" count="0" type="stmt"/>
        <line num="53" count="0" type="stmt"/>
        <line num="58" count="9" type="cond" truecount="1" falsecount="1"/>
        <line num="64" count="0" type="stmt"/>
        <line num="67" count="9" type="stmt"/>
      </file>
      <file name="move-validator.ts" path="C:\heckteckdraughts\PHASE3\src\engine\game\move-validator.ts">
        <metrics statements="13" coveredstatements="12" conditionals="11" coveredconditionals="7" methods="5" coveredmethods="5"/>
        <line num="19" count="4" type="cond" truecount="4" falsecount="1"/>
        <line num="21" count="4" type="stmt"/>
        <line num="22" count="4" type="stmt"/>
        <line num="24" count="4" type="cond" truecount="2" falsecount="0"/>
        <line num="26" count="2" type="stmt"/>
        <line num="27" count="2" type="stmt"/>
        <line num="28" count="2" type="cond" truecount="1" falsecount="1"/>
        <line num="31" count="2" type="stmt"/>
        <line num="32" count="2" type="stmt"/>
        <line num="36" count="2" type="stmt"/>
        <line num="40" count="2" type="stmt"/>
        <line num="41" count="11" type="stmt"/>
        <line num="45" count="0" type="cond" truecount="0" falsecount="2"/>
      </file>
      <file name="position-recorder.ts" path="C:\heckteckdraughts\PHASE3\src\engine\game\position-recorder.ts">
        <metrics statements="21" coveredstatements="14" conditionals="12" coveredconditionals="4" methods="6" coveredmethods="5"/>
        <line num="14" count="6" type="stmt"/>
        <line num="15" count="6" type="stmt"/>
        <line num="16" count="6" type="stmt"/>
        <line num="20" count="20" type="stmt"/>
        <line num="22" count="20" type="cond" truecount="1" falsecount="1"/>
        <line num="23" count="20" type="stmt"/>
        <line num="26" count="20" type="cond" truecount="2" falsecount="0"/>
        <line num="27" count="20" type="stmt"/>
        <line num="31" count="14" type="stmt"/>
        <line num="32" count="14" type="cond" truecount="1" falsecount="1"/>
        <line num="36" count="14" type="stmt"/>
        <line num="40" count="6" type="stmt"/>
        <line num="41" count="6" type="stmt"/>
        <line num="42" count="6" type="stmt"/>
        <line num="46" count="0" type="cond" truecount="0" falsecount="2"/>
        <line num="47" count="0" type="stmt"/>
        <line num="48" count="0" type="stmt"/>
        <line num="50" count="0" type="stmt"/>
        <line num="51" count="0" type="cond" truecount="0" falsecount="2"/>
        <line num="52" count="0" type="cond" truecount="0" falsecount="2"/>
        <line num="53" count="0" type="stmt"/>
      </file>
    </package>
    <package name="src.hooks">
      <metrics statements="24" coveredstatements="17" conditionals="6" coveredconditionals="1" methods="6" coveredmethods="4"/>
      <file name="useEngine.ts" path="C:\heckteckdraughts\PHASE3\src\hooks\useEngine.ts">
        <metrics statements="24" coveredstatements="17" conditionals="6" coveredconditionals="1" methods="6" coveredmethods="4"/>
        <line num="6" count="1" type="stmt"/>
        <line num="7" count="1" type="stmt"/>
        <line num="8" count="1" type="stmt"/>
        <line num="9" count="1" type="stmt"/>
        <line num="11" count="1" type="stmt"/>
        <line num="12" count="1" type="stmt"/>
        <line num="17" count="1" type="stmt"/>
        <line num="18" count="1" type="stmt"/>
        <line num="20" count="1" type="cond" truecount="1" falsecount="2"/>
        <line num="22" count="1" type="stmt"/>
        <line num="23" count="1" type="stmt"/>
        <line num="25" count="0" type="stmt"/>
        <line num="26" count="0" type="stmt"/>
        <line num="28" count="0" type="stmt"/>
        <line num="29" count="0" type="stmt"/>
        <line num="33" count="1" type="stmt"/>
        <line num="35" count="1" type="stmt"/>
        <line num="36" count="1" type="stmt"/>
        <line num="40" count="1" type="cond" truecount="0" falsecount="1"/>
        <line num="41" count="0" type="cond" truecount="0" falsecount="2"/>
        <line num="42" count="0" type="stmt"/>
        <line num="48" count="1" type="stmt"/>
        <line num="49" count="0" type="stmt"/>
        <line num="52" count="1" type="stmt"/>
      </file>
    </package>
    <package name="src.utils">
      <metrics statements="83" coveredstatements="82" conditionals="56" coveredconditionals="50" methods="15" coveredmethods="15"/>
      <file name="fen-parser.ts" path="C:\heckteckdraughts\PHASE3\src\utils\fen-parser.ts">
        <metrics statements="42" coveredstatements="42" conditionals="34" coveredconditionals="33" methods="6" coveredmethods="6"/>
        <line num="21" count="5" type="stmt"/>
        <line num="22" count="5" type="stmt"/>
        <line num="23" count="5" type="stmt"/>
        <line num="24" count="50" type="stmt"/>
        <line num="25" count="500" type="stmt"/>
        <line num="26" count="500" type="cond" truecount="2" falsecount="0"/>
        <line num="29" count="5" type="stmt"/>
        <line num="36" count="23" type="cond" truecount="4" falsecount="0"/>
        <line num="37" count="1" type="stmt"/>
        <line num="39" count="22" type="stmt"/>
        <line num="40" count="22" type="cond" truecount="2" falsecount="0"/>
        <line num="41" count="1" type="stmt"/>
        <line num="43" count="21" type="stmt"/>
        <line num="45" count="21" type="stmt"/>
        <line num="48" count="210" type="stmt"/>
        <line num="53" count="23" type="stmt"/>
        <line num="54" count="23" type="stmt"/>
        <line num="56" count="23" type="stmt"/>
        <line num="60" count="42" type="cond" truecount="2" falsecount="0"/>
        <line num="63" count="36" type="stmt"/>
        <line num="65" count="36" type="stmt"/>
        <line num="66" count="272" type="cond" truecount="2" falsecount="0"/>
        <line num="67" count="271" type="stmt"/>
        <line num="68" count="271" type="stmt"/>
        <line num="69" count="271" type="stmt"/>
        <line num="71" count="271" type="cond" truecount="1" falsecount="1"/>
        <line num="73" count="271" type="cond" truecount="2" falsecount="0"/>
        <line num="74" count="135" type="cond" truecount="2" falsecount="0"/>
        <line num="76" count="136" type="cond" truecount="2" falsecount="0"/>
        <line num="85" count="6" type="stmt"/>
        <line num="86" count="6" type="stmt"/>
        <line num="89" count="6" type="stmt"/>
        <line num="90" count="60" type="stmt"/>
        <line num="91" count="600" type="stmt"/>
        <line num="92" count="600" type="cond" truecount="2" falsecount="0"/>
        <line num="94" count="51" type="stmt"/>
        <line num="96" count="51" type="cond" truecount="4" falsecount="0"/>
        <line num="98" count="600" type="cond" truecount="4" falsecount="0"/>
        <line num="99" count="25" type="stmt"/>
        <line num="101" count="26" type="stmt"/>
        <line num="107" count="124" type="stmt"/>
        <line num="109" count="6" type="stmt"/>
      </file>
      <file name="opening-book.ts" path="C:\heckteckdraughts\PHASE3\src\utils\opening-book.ts">
        <metrics statements="41" coveredstatements="40" conditionals="22" coveredconditionals="17" methods="9" coveredmethods="9"/>
        <line num="24" count="6" type="stmt"/>
        <line num="25" count="6" type="stmt"/>
        <line num="26" count="6" type="stmt"/>
        <line num="30" count="6" type="stmt"/>
        <line num="31" count="60" type="stmt"/>
        <line num="32" count="600" type="stmt"/>
        <line num="33" count="600" type="cond" truecount="2" falsecount="0"/>
        <line num="34" count="300" type="stmt"/>
        <line num="41" count="6" type="cond" truecount="2" falsecount="0"/>
        <line num="43" count="4" type="stmt"/>
        <line num="44" count="2" type="stmt"/>
        <line num="45" count="2" type="stmt"/>
        <line num="46" count="2" type="stmt"/>
        <line num="49" count="4" type="stmt"/>
        <line num="51" count="4" type="stmt"/>
        <line num="52" count="60" type="cond" truecount="2" falsecount="0"/>
        <line num="53" count="31" type="stmt"/>
        <line num="54" count="31" type="cond" truecount="1" falsecount="1"/>
        <line num="55" count="31" type="stmt"/>
        <line num="60" count="4" type="cond" truecount="2" falsecount="0"/>
        <line num="63" count="3" type="stmt"/>
        <line num="64" count="628" type="stmt"/>
        <line num="65" count="428" type="stmt"/>
        <line num="66" count="58" type="cond" truecount="2" falsecount="2"/>
        <line num="70" count="3" type="stmt"/>
        <line num="72" count="3" type="stmt"/>
        <line num="76" count="60" type="cond" truecount="1" falsecount="1"/>
        <line num="79" count="60" type="stmt"/>
        <line num="80" count="30" type="stmt"/>
        <line num="81" count="30" type="stmt"/>
        <line num="82" count="30" type="stmt"/>
        <line num="83" count="30" type="stmt"/>
        <line num="85" count="30" type="cond" truecount="2" falsecount="0"/>
        <line num="88" count="31" type="stmt"/>
        <line num="92" count="3" type="stmt"/>
        <line num="93" count="3" type="stmt"/>
        <line num="95" count="3" type="stmt"/>
        <line num="96" count="3" type="stmt"/>
        <line num="98" count="3" type="cond" truecount="3" falsecount="1"/>
        <line num="99" count="0" type="stmt"/>
        <line num="102" count="3" type="stmt"/>
      </file>
    </package>
  </project>
</coverage>
