{"C:\\heckteckdraughts\\PHASE3\\src\\App.tsx": {"path":"C:\\heckteckdraughts\\PHASE3\\src\\App.tsx","statementMap":{"0":{"start":{"line":15,"column":34},"end":{"line":15,"column":null}},"1":{"start":{"line":16,"column":30},"end":{"line":16,"column":null}},"2":{"start":{"line":17,"column":32},"end":{"line":17,"column":null}},"3":{"start":{"line":18,"column":38},"end":{"line":18,"column":null}},"4":{"start":{"line":21,"column":51},"end":{"line":21,"column":null}},"5":{"start":{"line":22,"column":34},"end":{"line":22,"column":null}},"6":{"start":{"line":23,"column":36},"end":{"line":23,"column":null}},"7":{"start":{"line":26,"column":13},"end":{"line":29,"column":null}},"8":{"start":{"line":27,"column":4},"end":{"line":27,"column":null}},"9":{"start":{"line":28,"column":4},"end":{"line":28,"column":null}},"10":{"start":{"line":30,"column":26},"end":{"line":30,"column":null}},"11":{"start":{"line":31,"column":42},"end":{"line":31,"column":null}},"12":{"start":{"line":32,"column":34},"end":{"line":32,"column":null}},"13":{"start":{"line":33,"column":36},"end":{"line":33,"column":null}},"14":{"start":{"line":34,"column":40},"end":{"line":34,"column":null}},"15":{"start":{"line":37,"column":8},"end":{"line":41,"column":null}},"16":{"start":{"line":38,"column":4},"end":{"line":38,"column":null}},"17":{"start":{"line":38,"column":41},"end":{"line":38,"column":59}},"18":{"start":{"line":39,"column":4},"end":{"line":39,"column":null}},"19":{"start":{"line":40,"column":4},"end":{"line":40,"column":null}},"20":{"start":{"line":40,"column":26},"end":{"line":40,"column":31}},"21":{"start":{"line":43,"column":34},"end":{"line":48,"column":null}},"22":{"start":{"line":44,"column":17},"end":{"line":44,"column":null}},"23":{"start":{"line":45,"column":15},"end":{"line":45,"column":null}},"24":{"start":{"line":46,"column":16},"end":{"line":46,"column":null}},"25":{"start":{"line":47,"column":4},"end":{"line":47,"column":null}},"26":{"start":{"line":50,"column":32},"end":{"line":56,"column":null}},"27":{"start":{"line":51,"column":4},"end":{"line":51,"column":null}},"28":{"start":{"line":52,"column":4},"end":{"line":52,"column":null}},"29":{"start":{"line":53,"column":4},"end":{"line":53,"column":null}},"30":{"start":{"line":54,"column":4},"end":{"line":54,"column":null}},"31":{"start":{"line":55,"column":4},"end":{"line":55,"column":null}},"32":{"start":{"line":59,"column":8},"end":{"line":59,"column":null}},"33":{"start":{"line":61,"column":2},"end":{"line":73,"column":null}},"34":{"start":{"line":62,"column":21},"end":{"line":62,"column":null}},"35":{"start":{"line":64,"column":4},"end":{"line":72,"column":null}},"36":{"start":{"line":65,"column":6},"end":{"line":65,"column":null}},"37":{"start":{"line":66,"column":6},"end":{"line":66,"column":null}},"38":{"start":{"line":67,"column":6},"end":{"line":67,"column":null}},"39":{"start":{"line":69,"column":21},"end":{"line":69,"column":null}},"40":{"start":{"line":70,"column":22},"end":{"line":70,"column":null}},"41":{"start":{"line":70,"column":48},"end":{"line":70,"column":54}},"42":{"start":{"line":71,"column":6},"end":{"line":71,"column":null}},"43":{"start":{"line":76,"column":2},"end":{"line":101,"column":null}},"44":{"start":{"line":77,"column":4},"end":{"line":100,"column":null}},"45":{"start":{"line":78,"column":6},"end":{"line":78,"column":null}},"46":{"start":{"line":79,"column":6},"end":{"line":79,"column":null}},"47":{"start":{"line":81,"column":6},"end":{"line":99,"column":null}},"48":{"start":{"line":83,"column":8},"end":{"line":95,"column":null}},"49":{"start":{"line":84,"column":26},"end":{"line":84,"column":null}},"50":{"start":{"line":85,"column":10},"end":{"line":92,"column":null}},"51":{"start":{"line":86,"column":12},"end":{"line":86,"column":null}},"52":{"start":{"line":87,"column":12},"end":{"line":91,"column":null}},"53":{"start":{"line":93,"column":10},"end":{"line":93,"column":null}},"54":{"start":{"line":94,"column":10},"end":{"line":94,"column":null}},"55":{"start":{"line":97,"column":8},"end":{"line":97,"column":null}},"56":{"start":{"line":98,"column":8},"end":{"line":98,"column":null}},"57":{"start":{"line":104,"column":28},"end":{"line":127,"column":null}},"58":{"start":{"line":105,"column":4},"end":{"line":105,"column":null}},"59":{"start":{"line":105,"column":20},"end":{"line":105,"column":null}},"60":{"start":{"line":107,"column":18},"end":{"line":107,"column":null}},"61":{"start":{"line":109,"column":4},"end":{"line":113,"column":null}},"62":{"start":{"line":110,"column":6},"end":{"line":110,"column":null}},"63":{"start":{"line":111,"column":6},"end":{"line":111,"column":null}},"64":{"start":{"line":112,"column":6},"end":{"line":112,"column":null}},"65":{"start":{"line":115,"column":4},"end":{"line":126,"column":null}},"66":{"start":{"line":116,"column":6},"end":{"line":116,"column":null}},"67":{"start":{"line":118,"column":25},"end":{"line":118,"column":null}},"68":{"start":{"line":119,"column":25},"end":{"line":119,"column":null}},"69":{"start":{"line":119,"column":48},"end":{"line":119,"column":88}},"70":{"start":{"line":121,"column":6},"end":{"line":125,"column":null}},"71":{"start":{"line":121,"column":41},"end":{"line":125,"column":8}},"72":{"start":{"line":129,"column":28},"end":{"line":147,"column":null}},"73":{"start":{"line":130,"column":23},"end":{"line":130,"column":null}},"74":{"start":{"line":131,"column":17},"end":{"line":134,"column":null}},"75":{"start":{"line":132,"column":6},"end":{"line":133,"column":null}},"76":{"start":{"line":136,"column":4},"end":{"line":146,"column":null}},"77":{"start":{"line":137,"column":22},"end":{"line":137,"column":null}},"78":{"start":{"line":138,"column":6},"end":{"line":142,"column":null}},"79":{"start":{"line":139,"column":8},"end":{"line":139,"column":null}},"80":{"start":{"line":140,"column":8},"end":{"line":140,"column":null}},"81":{"start":{"line":141,"column":8},"end":{"line":141,"column":null}},"82":{"start":{"line":144,"column":6},"end":{"line":144,"column":null}},"83":{"start":{"line":145,"column":6},"end":{"line":145,"column":null}},"84":{"start":{"line":149,"column":2},"end":{"line":180,"column":null}}},"fnMap":{"0":{"name":"App","decl":{"start":{"line":13,"column":9},"end":{"line":13,"column":15}},"loc":{"start":{"line":13,"column":15},"end":{"line":182,"column":null}},"line":13},"1":{"name":"(anonymous_1)","decl":{"start":{"line":26,"column":26},"end":{"line":26,"column":32}},"loc":{"start":{"line":26,"column":32},"end":{"line":29,"column":3}},"line":26},"2":{"name":"(anonymous_2)","decl":{"start":{"line":37,"column":35},"end":{"line":37,"column":41}},"loc":{"start":{"line":37,"column":41},"end":{"line":41,"column":5}},"line":37},"3":{"name":"(anonymous_3)","decl":{"start":{"line":38,"column":34},"end":{"line":38,"column":41}},"loc":{"start":{"line":38,"column":41},"end":{"line":38,"column":59}},"line":38},"4":{"name":"(anonymous_4)","decl":{"start":{"line":40,"column":21},"end":{"line":40,"column":26}},"loc":{"start":{"line":40,"column":26},"end":{"line":40,"column":31}},"line":40},"5":{"name":"(anonymous_5)","decl":{"start":{"line":43,"column":34},"end":{"line":43,"column":35}},"loc":{"start":{"line":43,"column":50},"end":{"line":48,"column":null}},"line":43},"6":{"name":"(anonymous_6)","decl":{"start":{"line":50,"column":32},"end":{"line":50,"column":33}},"loc":{"start":{"line":50,"column":51},"end":{"line":56,"column":null}},"line":50},"7":{"name":"(anonymous_7)","decl":{"start":{"line":61,"column":12},"end":{"line":61,"column":18}},"loc":{"start":{"line":61,"column":18},"end":{"line":73,"column":5}},"line":61},"8":{"name":"(anonymous_8)","decl":{"start":{"line":70,"column":43},"end":{"line":70,"column":48}},"loc":{"start":{"line":70,"column":48},"end":{"line":70,"column":54}},"line":70},"9":{"name":"(anonymous_9)","decl":{"start":{"line":76,"column":12},"end":{"line":76,"column":18}},"loc":{"start":{"line":76,"column":18},"end":{"line":101,"column":5}},"line":76},"10":{"name":"(anonymous_10)","decl":{"start":{"line":83,"column":19},"end":{"line":83,"column":25}},"loc":{"start":{"line":83,"column":25},"end":{"line":95,"column":11}},"line":83},"11":{"name":"(anonymous_11)","decl":{"start":{"line":104,"column":28},"end":{"line":104,"column":29}},"loc":{"start":{"line":104,"column":58},"end":{"line":127,"column":null}},"line":104},"12":{"name":"(anonymous_12)","decl":{"start":{"line":119,"column":43},"end":{"line":119,"column":48}},"loc":{"start":{"line":119,"column":48},"end":{"line":119,"column":88}},"line":119},"13":{"name":"(anonymous_13)","decl":{"start":{"line":121,"column":35},"end":{"line":121,"column":41}},"loc":{"start":{"line":121,"column":41},"end":{"line":125,"column":8}},"line":121},"14":{"name":"(anonymous_14)","decl":{"start":{"line":129,"column":28},"end":{"line":129,"column":29}},"loc":{"start":{"line":129,"column":98},"end":{"line":147,"column":null}},"line":129},"15":{"name":"(anonymous_15)","decl":{"start":{"line":131,"column":33},"end":{"line":131,"column":null}},"loc":{"start":{"line":132,"column":6},"end":{"line":133,"column":null}},"line":132}},"branchMap":{"0":{"loc":{"start":{"line":46,"column":16},"end":{"line":46,"column":null}},"type":"cond-expr","locations":[{"start":{"line":46,"column":43},"end":{"line":46,"column":49}},{"start":{"line":46,"column":49},"end":{"line":46,"column":null}}],"line":46},"1":{"loc":{"start":{"line":62,"column":21},"end":{"line":62,"column":null}},"type":"binary-expr","locations":[{"start":{"line":62,"column":21},"end":{"line":62,"column":43}},{"start":{"line":62,"column":43},"end":{"line":62,"column":null}}],"line":62},"2":{"loc":{"start":{"line":64,"column":4},"end":{"line":72,"column":null}},"type":"if","locations":[{"start":{"line":64,"column":4},"end":{"line":72,"column":null}},{"start":{},"end":{}}],"line":64},"3":{"loc":{"start":{"line":64,"column":8},"end":{"line":64,"column":87}},"type":"binary-expr","locations":[{"start":{"line":64,"column":8},"end":{"line":64,"column":20}},{"start":{"line":64,"column":20},"end":{"line":64,"column":31}},{"start":{"line":64,"column":31},"end":{"line":64,"column":57}},{"start":{"line":64,"column":57},"end":{"line":64,"column":87}}],"line":64},"4":{"loc":{"start":{"line":77,"column":4},"end":{"line":100,"column":null}},"type":"if","locations":[{"start":{"line":77,"column":4},"end":{"line":100,"column":null}},{"start":{},"end":{}}],"line":77},"5":{"loc":{"start":{"line":81,"column":6},"end":{"line":99,"column":null}},"type":"if","locations":[{"start":{"line":81,"column":6},"end":{"line":99,"column":null}},{"start":{"line":96,"column":13},"end":{"line":99,"column":null}}],"line":81},"6":{"loc":{"start":{"line":85,"column":10},"end":{"line":92,"column":null}},"type":"if","locations":[{"start":{"line":85,"column":10},"end":{"line":92,"column":null}},{"start":{},"end":{}}],"line":85},"7":{"loc":{"start":{"line":105,"column":4},"end":{"line":105,"column":null}},"type":"if","locations":[{"start":{"line":105,"column":4},"end":{"line":105,"column":null}},{"start":{},"end":{}}],"line":105},"8":{"loc":{"start":{"line":109,"column":4},"end":{"line":113,"column":null}},"type":"if","locations":[{"start":{"line":109,"column":4},"end":{"line":113,"column":null}},{"start":{},"end":{}}],"line":109},"9":{"loc":{"start":{"line":109,"column":8},"end":{"line":109,"column":86}},"type":"binary-expr","locations":[{"start":{"line":109,"column":8},"end":{"line":109,"column":27}},{"start":{"line":109,"column":27},"end":{"line":109,"column":57}},{"start":{"line":109,"column":57},"end":{"line":109,"column":86}}],"line":109},"10":{"loc":{"start":{"line":115,"column":4},"end":{"line":126,"column":null}},"type":"if","locations":[{"start":{"line":115,"column":4},"end":{"line":126,"column":null}},{"start":{},"end":{}}],"line":115},"11":{"loc":{"start":{"line":119,"column":48},"end":{"line":119,"column":88}},"type":"binary-expr","locations":[{"start":{"line":119,"column":48},"end":{"line":119,"column":70}},{"start":{"line":119,"column":70},"end":{"line":119,"column":88}}],"line":119},"12":{"loc":{"start":{"line":132,"column":6},"end":{"line":133,"column":null}},"type":"binary-expr","locations":[{"start":{"line":132,"column":6},"end":{"line":132,"column":33}},{"start":{"line":132,"column":33},"end":{"line":132,"column":null}},{"start":{"line":133,"column":6},"end":{"line":133,"column":29}},{"start":{"line":133,"column":29},"end":{"line":133,"column":null}}],"line":132},"13":{"loc":{"start":{"line":136,"column":4},"end":{"line":146,"column":null}},"type":"if","locations":[{"start":{"line":136,"column":4},"end":{"line":146,"column":null}},{"start":{"line":143,"column":11},"end":{"line":146,"column":null}}],"line":136},"14":{"loc":{"start":{"line":138,"column":6},"end":{"line":142,"column":null}},"type":"if","locations":[{"start":{"line":138,"column":6},"end":{"line":142,"column":null}},{"start":{},"end":{}}],"line":138},"15":{"loc":{"start":{"line":165,"column":22},"end":{"line":165,"column":null}},"type":"cond-expr","locations":[{"start":{"line":165,"column":42},"end":{"line":165,"column":86}},{"start":{"line":165,"column":86},"end":{"line":165,"column":null}}],"line":165}},"s":{"0":1,"1":1,"2":1,"3":1,"4":1,"5":1,"6":1,"7":1,"8":1,"9":1,"10":1,"11":1,"12":1,"13":1,"14":1,"15":1,"16":0,"17":0,"18":0,"19":0,"20":0,"21":1,"22":0,"23":0,"24":0,"25":0,"26":1,"27":0,"28":0,"29":0,"30":0,"31":0,"32":1,"33":1,"34":1,"35":1,"36":0,"37":0,"38":0,"39":0,"40":0,"41":0,"42":0,"43":1,"44":1,"45":0,"46":0,"47":0,"48":0,"49":0,"50":0,"51":0,"52":0,"53":0,"54":0,"55":0,"56":0,"57":1,"58":0,"59":0,"60":0,"61":0,"62":0,"63":0,"64":0,"65":0,"66":0,"67":0,"68":0,"69":0,"70":0,"71":0,"72":1,"73":0,"74":0,"75":0,"76":0,"77":0,"78":0,"79":0,"80":0,"81":0,"82":0,"83":0,"84":1},"f":{"0":1,"1":1,"2":0,"3":0,"4":0,"5":0,"6":0,"7":1,"8":0,"9":1,"10":0,"11":0,"12":0,"13":0,"14":0,"15":0},"b":{"0":[0,0],"1":[1,1],"2":[0,1],"3":[1,0,0,0],"4":[0,1],"5":[0,0],"6":[0,0],"7":[0,0],"8":[0,0],"9":[0,0,0],"10":[0,0],"11":[0,0],"12":[0,0,0,0],"13":[0,0],"14":[0,0],"15":[0,1]},"meta":{"lastBranch":16,"lastFunction":16,"lastStatement":85,"seen":{"f:13:9:13:15":0,"s:15:34:15:Infinity":0,"s:16:30:16:Infinity":1,"s:17:32:17:Infinity":2,"s:18:38:18:Infinity":3,"s:21:51:21:Infinity":4,"s:22:34:22:Infinity":5,"s:23:36:23:Infinity":6,"s:26:13:29:Infinity":7,"f:26:26:26:32":1,"s:27:4:27:Infinity":8,"s:28:4:28:Infinity":9,"s:30:26:30:Infinity":10,"s:31:42:31:Infinity":11,"s:32:34:32:Infinity":12,"s:33:36:33:Infinity":13,"s:34:40:34:Infinity":14,"s:37:8:41:Infinity":15,"f:37:35:37:41":2,"s:38:4:38:Infinity":16,"f:38:34:38:41":3,"s:38:41:38:59":17,"s:39:4:39:Infinity":18,"s:40:4:40:Infinity":19,"f:40:21:40:26":4,"s:40:26:40:31":20,"s:43:34:48:Infinity":21,"f:43:34:43:35":5,"s:44:17:44:Infinity":22,"s:45:15:45:Infinity":23,"s:46:16:46:Infinity":24,"b:46:43:46:49:46:49:46:Infinity":0,"s:47:4:47:Infinity":25,"s:50:32:56:Infinity":26,"f:50:32:50:33":6,"s:51:4:51:Infinity":27,"s:52:4:52:Infinity":28,"s:53:4:53:Infinity":29,"s:54:4:54:Infinity":30,"s:55:4:55:Infinity":31,"s:59:8:59:Infinity":32,"s:61:2:73:Infinity":33,"f:61:12:61:18":7,"s:62:21:62:Infinity":34,"b:62:21:62:43:62:43:62:Infinity":1,"b:64:4:72:Infinity:undefined:undefined:undefined:undefined":2,"s:64:4:72:Infinity":35,"b:64:8:64:20:64:20:64:31:64:31:64:57:64:57:64:87":3,"s:65:6:65:Infinity":36,"s:66:6:66:Infinity":37,"s:67:6:67:Infinity":38,"s:69:21:69:Infinity":39,"s:70:22:70:Infinity":40,"f:70:43:70:48":8,"s:70:48:70:54":41,"s:71:6:71:Infinity":42,"s:76:2:101:Infinity":43,"f:76:12:76:18":9,"b:77:4:100:Infinity:undefined:undefined:undefined:undefined":4,"s:77:4:100:Infinity":44,"s:78:6:78:Infinity":45,"s:79:6:79:Infinity":46,"b:81:6:99:Infinity:96:13:99:Infinity":5,"s:81:6:99:Infinity":47,"s:83:8:95:Infinity":48,"f:83:19:83:25":10,"s:84:26:84:Infinity":49,"b:85:10:92:Infinity:undefined:undefined:undefined:undefined":6,"s:85:10:92:Infinity":50,"s:86:12:86:Infinity":51,"s:87:12:91:Infinity":52,"s:93:10:93:Infinity":53,"s:94:10:94:Infinity":54,"s:97:8:97:Infinity":55,"s:98:8:98:Infinity":56,"s:104:28:127:Infinity":57,"f:104:28:104:29":11,"b:105:4:105:Infinity:undefined:undefined:undefined:undefined":7,"s:105:4:105:Infinity":58,"s:105:20:105:Infinity":59,"s:107:18:107:Infinity":60,"b:109:4:113:Infinity:undefined:undefined:undefined:undefined":8,"s:109:4:113:Infinity":61,"b:109:8:109:27:109:27:109:57:109:57:109:86":9,"s:110:6:110:Infinity":62,"s:111:6:111:Infinity":63,"s:112:6:112:Infinity":64,"b:115:4:126:Infinity:undefined:undefined:undefined:undefined":10,"s:115:4:126:Infinity":65,"s:116:6:116:Infinity":66,"s:118:25:118:Infinity":67,"s:119:25:119:Infinity":68,"f:119:43:119:48":12,"s:119:48:119:88":69,"b:119:48:119:70:119:70:119:88":11,"s:121:6:125:Infinity":70,"f:121:35:121:41":13,"s:121:41:125:8":71,"s:129:28:147:Infinity":72,"f:129:28:129:29":14,"s:130:23:130:Infinity":73,"s:131:17:134:Infinity":74,"f:131:33:131:Infinity":15,"s:132:6:133:Infinity":75,"b:132:6:132:33:132:33:132:Infinity:133:6:133:29:133:29:133:Infinity":12,"b:136:4:146:Infinity:143:11:146:Infinity":13,"s:136:4:146:Infinity":76,"s:137:22:137:Infinity":77,"b:138:6:142:Infinity:undefined:undefined:undefined:undefined":14,"s:138:6:142:Infinity":78,"s:139:8:139:Infinity":79,"s:140:8:140:Infinity":80,"s:141:8:141:Infinity":81,"s:144:6:144:Infinity":82,"s:145:6:145:Infinity":83,"s:149:2:180:Infinity":84,"b:165:42:165:86:165:86:165:Infinity":15}}}
,"C:\\heckteckdraughts\\PHASE3\\src\\components\\board\\Board.tsx": {"path":"C:\\heckteckdraughts\\PHASE3\\src\\components\\board\\Board.tsx","statementMap":{"0":{"start":{"line":14,"column":36},"end":{"line":129,"column":null}},"1":{"start":{"line":16,"column":25},"end":{"line":16,"column":null}},"2":{"start":{"line":17,"column":31},"end":{"line":17,"column":null}},"3":{"start":{"line":18,"column":25},"end":{"line":18,"column":null}},"4":{"start":{"line":20,"column":28},"end":{"line":30,"column":null}},"5":{"start":{"line":21,"column":4},"end":{"line":29,"column":null}},"6":{"start":{"line":22,"column":6},"end":{"line":26,"column":null}},"7":{"start":{"line":23,"column":8},"end":{"line":23,"column":null}},"8":{"start":{"line":25,"column":8},"end":{"line":25,"column":null}},"9":{"start":{"line":28,"column":6},"end":{"line":28,"column":null}},"10":{"start":{"line":32,"column":8},"end":{"line":70,"column":null}},"11":{"start":{"line":33,"column":18},"end":{"line":33,"column":null}},"12":{"start":{"line":34,"column":4},"end":{"line":68,"column":null}},"13":{"start":{"line":34,"column":19},"end":{"line":34,"column":22}},"14":{"start":{"line":35,"column":6},"end":{"line":67,"column":null}},"15":{"start":{"line":35,"column":21},"end":{"line":35,"column":24}},"16":{"start":{"line":36,"column":14},"end":{"line":36,"column":null}},"17":{"start":{"line":37,"column":29},"end":{"line":37,"column":null}},"18":{"start":{"line":39,"column":26},"end":{"line":39,"column":null}},"19":{"start":{"line":39,"column":47},"end":{"line":39,"column":77}},"20":{"start":{"line":40,"column":27},"end":{"line":40,"column":null}},"21":{"start":{"line":42,"column":8},"end":{"line":66,"column":null}},"22":{"start":{"line":58,"column":27},"end":{"line":58,"column":null}},"23":{"start":{"line":69,"column":4},"end":{"line":69,"column":null}},"24":{"start":{"line":72,"column":8},"end":{"line":93,"column":null}},"25":{"start":{"line":73,"column":4},"end":{"line":73,"column":null}},"26":{"start":{"line":73,"column":17},"end":{"line":73,"column":null}},"27":{"start":{"line":74,"column":18},"end":{"line":74,"column":null}},"28":{"start":{"line":75,"column":4},"end":{"line":91,"column":null}},"29":{"start":{"line":75,"column":17},"end":{"line":75,"column":20}},"30":{"start":{"line":76,"column":6},"end":{"line":90,"column":null}},"31":{"start":{"line":76,"column":19},"end":{"line":76,"column":22}},"32":{"start":{"line":77,"column":21},"end":{"line":77,"column":null}},"33":{"start":{"line":78,"column":8},"end":{"line":89,"column":null}},"34":{"start":{"line":79,"column":10},"end":{"line":88,"column":null}},"35":{"start":{"line":92,"column":4},"end":{"line":92,"column":null}},"36":{"start":{"line":95,"column":2},"end":{"line":127,"column":null}}},"fnMap":{"0":{"name":"(anonymous_0)","decl":{"start":{"line":14,"column":36},"end":{"line":14,"column":37}},"loc":{"start":{"line":14,"column":115},"end":{"line":129,"column":null}},"line":14},"1":{"name":"(anonymous_1)","decl":{"start":{"line":20,"column":28},"end":{"line":20,"column":29}},"loc":{"start":{"line":20,"column":58},"end":{"line":30,"column":null}},"line":20},"2":{"name":"(anonymous_2)","decl":{"start":{"line":32,"column":26},"end":{"line":32,"column":32}},"loc":{"start":{"line":32,"column":32},"end":{"line":70,"column":5}},"line":32},"3":{"name":"(anonymous_3)","decl":{"start":{"line":39,"column":42},"end":{"line":39,"column":47}},"loc":{"start":{"line":39,"column":47},"end":{"line":39,"column":77}},"line":39},"4":{"name":"(anonymous_4)","decl":{"start":{"line":58,"column":21},"end":{"line":58,"column":27}},"loc":{"start":{"line":58,"column":27},"end":{"line":58,"column":null}},"line":58},"5":{"name":"(anonymous_5)","decl":{"start":{"line":72,"column":33},"end":{"line":72,"column":39}},"loc":{"start":{"line":72,"column":39},"end":{"line":93,"column":5}},"line":72}},"branchMap":{"0":{"loc":{"start":{"line":14,"column":93},"end":{"line":14,"column":109}},"type":"default-arg","locations":[{"start":{"line":14,"column":106},"end":{"line":14,"column":109}}],"line":14},"1":{"loc":{"start":{"line":21,"column":4},"end":{"line":29,"column":null}},"type":"if","locations":[{"start":{"line":21,"column":4},"end":{"line":29,"column":null}},{"start":{"line":27,"column":11},"end":{"line":29,"column":null}}],"line":21},"2":{"loc":{"start":{"line":22,"column":6},"end":{"line":26,"column":null}},"type":"if","locations":[{"start":{"line":22,"column":6},"end":{"line":26,"column":null}},{"start":{"line":24,"column":13},"end":{"line":26,"column":null}}],"line":22},"3":{"loc":{"start":{"line":22,"column":10},"end":{"line":22,"column":68}},"type":"binary-expr","locations":[{"start":{"line":22,"column":10},"end":{"line":22,"column":40}},{"start":{"line":22,"column":40},"end":{"line":22,"column":68}}],"line":22},"4":{"loc":{"start":{"line":39,"column":47},"end":{"line":39,"column":77}},"type":"binary-expr","locations":[{"start":{"line":39,"column":47},"end":{"line":39,"column":64}},{"start":{"line":39,"column":64},"end":{"line":39,"column":77}}],"line":39},"5":{"loc":{"start":{"line":40,"column":27},"end":{"line":40,"column":null}},"type":"binary-expr","locations":[{"start":{"line":40,"column":27},"end":{"line":40,"column":58}},{"start":{"line":40,"column":58},"end":{"line":40,"column":null}}],"line":40},"6":{"loc":{"start":{"line":47,"column":14},"end":{"line":47,"column":null}},"type":"binary-expr","locations":[{"start":{"line":47,"column":14},"end":{"line":47,"column":22}},{"start":{"line":47,"column":22},"end":{"line":47,"column":null}}],"line":47},"7":{"loc":{"start":{"line":48,"column":14},"end":{"line":48,"column":null}},"type":"binary-expr","locations":[{"start":{"line":48,"column":14},"end":{"line":48,"column":28}},{"start":{"line":48,"column":28},"end":{"line":48,"column":null}}],"line":48},"8":{"loc":{"start":{"line":49,"column":14},"end":{"line":49,"column":null}},"type":"binary-expr","locations":[{"start":{"line":49,"column":14},"end":{"line":49,"column":44}},{"start":{"line":49,"column":44},"end":{"line":49,"column":null}}],"line":49},"9":{"loc":{"start":{"line":50,"column":14},"end":{"line":50,"column":null}},"type":"binary-expr","locations":[{"start":{"line":50,"column":14},"end":{"line":50,"column":49}},{"start":{"line":50,"column":49},"end":{"line":50,"column":null}}],"line":50},"10":{"loc":{"start":{"line":58,"column":27},"end":{"line":58,"column":null}},"type":"binary-expr","locations":[{"start":{"line":58,"column":27},"end":{"line":58,"column":35}},{"start":{"line":58,"column":35},"end":{"line":58,"column":null}}],"line":58},"11":{"loc":{"start":{"line":60,"column":13},"end":{"line":63,"column":null}},"type":"binary-expr","locations":[{"start":{"line":60,"column":13},"end":{"line":60,"column":null}},{"start":{"line":61,"column":14},"end":{"line":63,"column":null}}],"line":60},"12":{"loc":{"start":{"line":73,"column":4},"end":{"line":73,"column":null}},"type":"if","locations":[{"start":{"line":73,"column":4},"end":{"line":73,"column":null}},{"start":{},"end":{}}],"line":73},"13":{"loc":{"start":{"line":78,"column":8},"end":{"line":89,"column":null}},"type":"if","locations":[{"start":{"line":78,"column":8},"end":{"line":89,"column":null}},{"start":{},"end":{}}],"line":78}},"s":{"0":1,"1":1,"2":1,"3":1,"4":1,"5":0,"6":0,"7":0,"8":0,"9":0,"10":1,"11":1,"12":1,"13":1,"14":10,"15":10,"16":100,"17":100,"18":100,"19":0,"20":100,"21":100,"22":0,"23":10,"24":1,"25":1,"26":0,"27":1,"28":1,"29":1,"30":10,"31":10,"32":100,"33":100,"34":40,"35":1,"36":1},"f":{"0":1,"1":0,"2":1,"3":0,"4":0,"5":1},"b":{"0":[1],"1":[0,0],"2":[0,0],"3":[0,0],"4":[0,0],"5":[100,0],"6":[100,50],"7":[100,0],"8":[100,0],"9":[100,0],"10":[0,0],"11":[100,50],"12":[0,1],"13":[40,60]},"meta":{"lastBranch":14,"lastFunction":6,"lastStatement":37,"seen":{"s:14:36:129:Infinity":0,"f:14:36:14:37":0,"b:14:106:14:109":0,"s:16:25:16:Infinity":1,"s:17:31:17:Infinity":2,"s:18:25:18:Infinity":3,"s:20:28:30:Infinity":4,"f:20:28:20:29":1,"b:21:4:29:Infinity:27:11:29:Infinity":1,"s:21:4:29:Infinity":5,"b:22:6:26:Infinity:24:13:26:Infinity":2,"s:22:6:26:Infinity":6,"b:22:10:22:40:22:40:22:68":3,"s:23:8:23:Infinity":7,"s:25:8:25:Infinity":8,"s:28:6:28:Infinity":9,"s:32:8:70:Infinity":10,"f:32:26:32:32":2,"s:33:18:33:Infinity":11,"s:34:4:68:Infinity":12,"s:34:19:34:22":13,"s:35:6:67:Infinity":14,"s:35:21:35:24":15,"s:36:14:36:Infinity":16,"s:37:29:37:Infinity":17,"s:39:26:39:Infinity":18,"f:39:42:39:47":3,"s:39:47:39:77":19,"b:39:47:39:64:39:64:39:77":4,"s:40:27:40:Infinity":20,"b:40:27:40:58:40:58:40:Infinity":5,"s:42:8:66:Infinity":21,"b:47:14:47:22:47:22:47:Infinity":6,"b:48:14:48:28:48:28:48:Infinity":7,"b:49:14:49:44:49:44:49:Infinity":8,"b:50:14:50:49:50:49:50:Infinity":9,"f:58:21:58:27":4,"s:58:27:58:Infinity":22,"b:58:27:58:35:58:35:58:Infinity":10,"b:60:13:60:Infinity:61:14:63:Infinity":11,"s:69:4:69:Infinity":23,"s:72:8:93:Infinity":24,"f:72:33:72:39":5,"b:73:4:73:Infinity:undefined:undefined:undefined:undefined":12,"s:73:4:73:Infinity":25,"s:73:17:73:Infinity":26,"s:74:18:74:Infinity":27,"s:75:4:91:Infinity":28,"s:75:17:75:20":29,"s:76:6:90:Infinity":30,"s:76:19:76:22":31,"s:77:21:77:Infinity":32,"b:78:8:89:Infinity:undefined:undefined:undefined:undefined":13,"s:78:8:89:Infinity":33,"s:79:10:88:Infinity":34,"s:92:4:92:Infinity":35,"s:95:2:127:Infinity":36}}}
,"C:\\heckteckdraughts\\PHASE3\\src\\components\\board\\Piece.tsx": {"path":"C:\\heckteckdraughts\\PHASE3\\src\\components\\board\\Piece.tsx","statementMap":{"0":{"start":{"line":14,"column":36},"end":{"line":49,"column":null}},"1":{"start":{"line":15,"column":2},"end":{"line":15,"column":null}},"2":{"start":{"line":15,"column":27},"end":{"line":15,"column":null}},"3":{"start":{"line":17,"column":24},"end":{"line":25,"column":null}},"4":{"start":{"line":18,"column":4},"end":{"line":24,"column":null}},"5":{"start":{"line":19,"column":24},"end":{"line":19,"column":null}},"6":{"start":{"line":20,"column":29},"end":{"line":20,"column":null}},"7":{"start":{"line":21,"column":24},"end":{"line":21,"column":null}},"8":{"start":{"line":22,"column":29},"end":{"line":22,"column":null}},"9":{"start":{"line":23,"column":15},"end":{"line":23,"column":null}},"10":{"start":{"line":27,"column":12},"end":{"line":27,"column":null}},"11":{"start":{"line":28,"column":12},"end":{"line":28,"column":null}},"12":{"start":{"line":30,"column":2},"end":{"line":47,"column":null}}},"fnMap":{"0":{"name":"(anonymous_0)","decl":{"start":{"line":14,"column":36},"end":{"line":14,"column":37}},"loc":{"start":{"line":14,"column":98},"end":{"line":49,"column":null}},"line":14},"1":{"name":"(anonymous_1)","decl":{"start":{"line":17,"column":24},"end":{"line":17,"column":25}},"loc":{"start":{"line":17,"column":38},"end":{"line":25,"column":null}},"line":17}},"branchMap":{"0":{"loc":{"start":{"line":15,"column":2},"end":{"line":15,"column":null}},"type":"if","locations":[{"start":{"line":15,"column":2},"end":{"line":15,"column":null}},{"start":{},"end":{}}],"line":15},"1":{"loc":{"start":{"line":18,"column":4},"end":{"line":24,"column":null}},"type":"switch","locations":[{"start":{"line":19,"column":6},"end":{"line":19,"column":null}},{"start":{"line":20,"column":6},"end":{"line":20,"column":null}},{"start":{"line":21,"column":6},"end":{"line":21,"column":null}},{"start":{"line":22,"column":6},"end":{"line":22,"column":null}},{"start":{"line":23,"column":6},"end":{"line":23,"column":null}}],"line":18},"2":{"loc":{"start":{"line":34,"column":8},"end":{"line":34,"column":null}},"type":"binary-expr","locations":[{"start":{"line":34,"column":8},"end":{"line":34,"column":22}},{"start":{"line":34,"column":22},"end":{"line":34,"column":null}}],"line":34}},"s":{"0":1,"1":40,"2":0,"3":40,"4":40,"5":20,"6":0,"7":20,"8":0,"9":0,"10":40,"11":40,"12":40},"f":{"0":40,"1":40},"b":{"0":[0,40],"1":[20,0,20,0,0],"2":[40,0]},"meta":{"lastBranch":3,"lastFunction":2,"lastStatement":13,"seen":{"s:14:36:49:Infinity":0,"f:14:36:14:37":0,"b:15:2:15:Infinity:undefined:undefined:undefined:undefined":0,"s:15:2:15:Infinity":1,"s:15:27:15:Infinity":2,"s:17:24:25:Infinity":3,"f:17:24:17:25":1,"b:19:6:19:Infinity:20:6:20:Infinity:21:6:21:Infinity:22:6:22:Infinity:23:6:23:Infinity":1,"s:18:4:24:Infinity":4,"s:19:24:19:Infinity":5,"s:20:29:20:Infinity":6,"s:21:24:21:Infinity":7,"s:22:29:22:Infinity":8,"s:23:15:23:Infinity":9,"s:27:12:27:Infinity":10,"s:28:12:28:Infinity":11,"s:30:2:47:Infinity":12,"b:34:8:34:22:34:22:34:Infinity":2}}}
,"C:\\heckteckdraughts\\PHASE3\\src\\components\\layout\\MainLayout.tsx": {"path":"C:\\heckteckdraughts\\PHASE3\\src\\components\\layout\\MainLayout.tsx","statementMap":{"0":{"start":{"line":18,"column":46},"end":{"line":50,"column":null}},"1":{"start":{"line":29,"column":2},"end":{"line":48,"column":null}},"2":{"start":{"line":40,"column":32},"end":{"line":40,"column":null}},"3":{"start":{"line":41,"column":27},"end":{"line":41,"column":null}},"4":{"start":{"line":42,"column":28},"end":{"line":42,"column":null}}},"fnMap":{"0":{"name":"(anonymous_0)","decl":{"start":{"line":18,"column":46},"end":{"line":18,"column":47}},"loc":{"start":{"line":28,"column":6},"end":{"line":50,"column":null}},"line":28},"1":{"name":"(anonymous_1)","decl":{"start":{"line":40,"column":26},"end":{"line":40,"column":32}},"loc":{"start":{"line":40,"column":32},"end":{"line":40,"column":null}},"line":40},"2":{"name":"(anonymous_2)","decl":{"start":{"line":41,"column":21},"end":{"line":41,"column":27}},"loc":{"start":{"line":41,"column":27},"end":{"line":41,"column":null}},"line":41},"3":{"name":"(anonymous_3)","decl":{"start":{"line":42,"column":22},"end":{"line":42,"column":28}},"loc":{"start":{"line":42,"column":28},"end":{"line":42,"column":null}},"line":42}},"branchMap":{},"s":{"0":2,"1":2,"2":0,"3":0,"4":0},"f":{"0":2,"1":0,"2":0,"3":0},"b":{},"meta":{"lastBranch":0,"lastFunction":4,"lastStatement":5,"seen":{"s:18:46:50:Infinity":0,"f:18:46:18:47":0,"s:29:2:48:Infinity":1,"f:40:26:40:32":1,"s:40:32:40:Infinity":2,"f:41:21:41:27":2,"s:41:27:41:Infinity":3,"f:42:22:42:28":3,"s:42:28:42:Infinity":4}}}
,"C:\\heckteckdraughts\\PHASE3\\src\\components\\layout\\PlayersBar.tsx": {"path":"C:\\heckteckdraughts\\PHASE3\\src\\components\\layout\\PlayersBar.tsx","statementMap":{"0":{"start":{"line":3,"column":29},"end":{"line":25,"column":null}},"1":{"start":{"line":4,"column":2},"end":{"line":23,"column":null}}},"fnMap":{"0":{"name":"(anonymous_0)","decl":{"start":{"line":3,"column":29},"end":{"line":3,"column":35}},"loc":{"start":{"line":3,"column":35},"end":{"line":25,"column":null}},"line":3}},"branchMap":{},"s":{"0":2,"1":2},"f":{"0":2},"b":{},"meta":{"lastBranch":0,"lastFunction":1,"lastStatement":2,"seen":{"s:3:29:25:Infinity":0,"f:3:29:3:35":0,"s:4:2:23:Infinity":1}}}
,"C:\\heckteckdraughts\\PHASE3\\src\\components\\layout\\TopNav.tsx": {"path":"C:\\heckteckdraughts\\PHASE3\\src\\components\\layout\\TopNav.tsx","statementMap":{"0":{"start":{"line":17,"column":38},"end":{"line":96,"column":null}},"1":{"start":{"line":30,"column":2},"end":{"line":94,"column":null}},"2":{"start":{"line":40,"column":31},"end":{"line":40,"column":null}},"3":{"start":{"line":56,"column":31},"end":{"line":56,"column":null}},"4":{"start":{"line":68,"column":31},"end":{"line":68,"column":null}},"5":{"start":{"line":81,"column":33},"end":{"line":81,"column":null}}},"fnMap":{"0":{"name":"(anonymous_0)","decl":{"start":{"line":17,"column":38},"end":{"line":17,"column":39}},"loc":{"start":{"line":29,"column":6},"end":{"line":96,"column":null}},"line":29},"1":{"name":"(anonymous_1)","decl":{"start":{"line":40,"column":24},"end":{"line":40,"column":25}},"loc":{"start":{"line":40,"column":31},"end":{"line":40,"column":null}},"line":40},"2":{"name":"(anonymous_2)","decl":{"start":{"line":56,"column":24},"end":{"line":56,"column":25}},"loc":{"start":{"line":56,"column":31},"end":{"line":56,"column":null}},"line":56},"3":{"name":"(anonymous_3)","decl":{"start":{"line":68,"column":24},"end":{"line":68,"column":25}},"loc":{"start":{"line":68,"column":31},"end":{"line":68,"column":null}},"line":68},"4":{"name":"(anonymous_4)","decl":{"start":{"line":81,"column":26},"end":{"line":81,"column":27}},"loc":{"start":{"line":81,"column":33},"end":{"line":81,"column":null}},"line":81}},"branchMap":{},"s":{"0":2,"1":2,"2":0,"3":0,"4":0,"5":0},"f":{"0":2,"1":0,"2":0,"3":0,"4":0},"b":{},"meta":{"lastBranch":0,"lastFunction":5,"lastStatement":6,"seen":{"s:17:38:96:Infinity":0,"f:17:38:17:39":0,"s:30:2:94:Infinity":1,"f:40:24:40:25":1,"s:40:31:40:Infinity":2,"f:56:24:56:25":2,"s:56:31:56:Infinity":3,"f:68:24:68:25":3,"s:68:31:68:Infinity":4,"f:81:26:81:27":4,"s:81:33:81:Infinity":5}}}
,"C:\\heckteckdraughts\\PHASE3\\src\\components\\ui\\LoadingScreen.tsx": {"path":"C:\\heckteckdraughts\\PHASE3\\src\\components\\ui\\LoadingScreen.tsx","statementMap":{"0":{"start":{"line":3,"column":32},"end":{"line":36,"column":null}},"1":{"start":{"line":4,"column":32},"end":{"line":4,"column":null}},"2":{"start":{"line":5,"column":32},"end":{"line":5,"column":null}},"3":{"start":{"line":7,"column":2},"end":{"line":16,"column":null}},"4":{"start":{"line":10,"column":18},"end":{"line":13,"column":null}},"5":{"start":{"line":11,"column":6},"end":{"line":11,"column":null}},"6":{"start":{"line":12,"column":6},"end":{"line":12,"column":null}},"7":{"start":{"line":12,"column":23},"end":{"line":12,"column":43}},"8":{"start":{"line":15,"column":4},"end":{"line":15,"column":null}},"9":{"start":{"line":15,"column":17},"end":{"line":15,"column":null}},"10":{"start":{"line":18,"column":2},"end":{"line":18,"column":null}},"11":{"start":{"line":18,"column":17},"end":{"line":18,"column":null}},"12":{"start":{"line":20,"column":2},"end":{"line":34,"column":null}}},"fnMap":{"0":{"name":"(anonymous_0)","decl":{"start":{"line":3,"column":32},"end":{"line":3,"column":38}},"loc":{"start":{"line":3,"column":38},"end":{"line":36,"column":null}},"line":3},"1":{"name":"(anonymous_1)","decl":{"start":{"line":7,"column":12},"end":{"line":7,"column":18}},"loc":{"start":{"line":7,"column":18},"end":{"line":16,"column":5}},"line":7},"2":{"name":"(anonymous_2)","decl":{"start":{"line":10,"column":29},"end":{"line":10,"column":35}},"loc":{"start":{"line":10,"column":35},"end":{"line":13,"column":7}},"line":10},"3":{"name":"(anonymous_3)","decl":{"start":{"line":12,"column":17},"end":{"line":12,"column":23}},"loc":{"start":{"line":12,"column":23},"end":{"line":12,"column":43}},"line":12},"4":{"name":"(anonymous_4)","decl":{"start":{"line":15,"column":11},"end":{"line":15,"column":17}},"loc":{"start":{"line":15,"column":17},"end":{"line":15,"column":null}},"line":15}},"branchMap":{"0":{"loc":{"start":{"line":18,"column":2},"end":{"line":18,"column":null}},"type":"if","locations":[{"start":{"line":18,"column":2},"end":{"line":18,"column":null}},{"start":{},"end":{}}],"line":18},"1":{"loc":{"start":{"line":25,"column":17},"end":{"line":25,"column":null}},"type":"cond-expr","locations":[{"start":{"line":25,"column":29},"end":{"line":25,"column":33}},{"start":{"line":25,"column":33},"end":{"line":25,"column":null}}],"line":25},"2":{"loc":{"start":{"line":26,"column":23},"end":{"line":26,"column":null}},"type":"cond-expr","locations":[{"start":{"line":26,"column":35},"end":{"line":26,"column":43}},{"start":{"line":26,"column":43},"end":{"line":26,"column":null}}],"line":26}},"s":{"0":2,"1":3,"2":3,"3":3,"4":2,"5":1,"6":1,"7":1,"8":2,"9":2,"10":3,"11":1,"12":2},"f":{"0":3,"1":2,"2":1,"3":1,"4":2},"b":{"0":[1,2],"1":[2,0],"2":[2,0]},"meta":{"lastBranch":3,"lastFunction":5,"lastStatement":13,"seen":{"s:3:32:36:Infinity":0,"f:3:32:3:38":0,"s:4:32:4:Infinity":1,"s:5:32:5:Infinity":2,"s:7:2:16:Infinity":3,"f:7:12:7:18":1,"s:10:18:13:Infinity":4,"f:10:29:10:35":2,"s:11:6:11:Infinity":5,"s:12:6:12:Infinity":6,"f:12:17:12:23":3,"s:12:23:12:43":7,"s:15:4:15:Infinity":8,"f:15:11:15:17":4,"s:15:17:15:Infinity":9,"b:18:2:18:Infinity:undefined:undefined:undefined:undefined":0,"s:18:2:18:Infinity":10,"s:18:17:18:Infinity":11,"s:20:2:34:Infinity":12,"b:25:29:25:33:25:33:25:Infinity":1,"b:26:35:26:43:26:43:26:Infinity":2}}}
,"C:\\heckteckdraughts\\PHASE3\\src\\components\\ui\\panels\\AnalysisPanel.tsx": {"path":"C:\\heckteckdraughts\\PHASE3\\src\\components\\ui\\panels\\AnalysisPanel.tsx","statementMap":{"0":{"start":{"line":12,"column":52},"end":{"line":55,"column":null}},"1":{"start":{"line":19,"column":2},"end":{"line":53,"column":null}}},"fnMap":{"0":{"name":"(anonymous_0)","decl":{"start":{"line":12,"column":52},"end":{"line":12,"column":53}},"loc":{"start":{"line":18,"column":6},"end":{"line":55,"column":null}},"line":18}},"branchMap":{"0":{"loc":{"start":{"line":13,"column":2},"end":{"line":13,"column":null}},"type":"default-arg","locations":[{"start":{"line":13,"column":10},"end":{"line":13,"column":null}}],"line":13},"1":{"loc":{"start":{"line":14,"column":2},"end":{"line":14,"column":null}},"type":"default-arg","locations":[{"start":{"line":14,"column":13},"end":{"line":14,"column":null}}],"line":14},"2":{"loc":{"start":{"line":15,"column":2},"end":{"line":15,"column":null}},"type":"default-arg","locations":[{"start":{"line":15,"column":10},"end":{"line":15,"column":null}}],"line":15},"3":{"loc":{"start":{"line":16,"column":2},"end":{"line":16,"column":null}},"type":"default-arg","locations":[{"start":{"line":16,"column":10},"end":{"line":16,"column":null}}],"line":16},"4":{"loc":{"start":{"line":17,"column":2},"end":{"line":17,"column":null}},"type":"default-arg","locations":[{"start":{"line":17,"column":15},"end":{"line":17,"column":null}}],"line":17},"5":{"loc":{"start":{"line":23,"column":9},"end":{"line":27,"column":null}},"type":"binary-expr","locations":[{"start":{"line":23,"column":9},"end":{"line":23,"column":null}},{"start":{"line":24,"column":10},"end":{"line":27,"column":null}}],"line":23},"6":{"loc":{"start":{"line":33,"column":67},"end":{"line":33,"column":139}},"type":"cond-expr","locations":[{"start":{"line":33,"column":79},"end":{"line":33,"column":98}},{"start":{"line":33,"column":98},"end":{"line":33,"column":139}}],"line":33},"7":{"loc":{"start":{"line":33,"column":98},"end":{"line":33,"column":139}},"type":"cond-expr","locations":[{"start":{"line":33,"column":110},"end":{"line":33,"column":127}},{"start":{"line":33,"column":127},"end":{"line":33,"column":139}}],"line":33},"8":{"loc":{"start":{"line":34,"column":13},"end":{"line":34,"column":null}},"type":"cond-expr","locations":[{"start":{"line":34,"column":25},"end":{"line":34,"column":50}},{"start":{"line":34,"column":50},"end":{"line":34,"column":null}}],"line":34},"9":{"loc":{"start":{"line":50,"column":11},"end":{"line":50,"column":null}},"type":"cond-expr","locations":[{"start":{"line":50,"column":25},"end":{"line":50,"column":34}},{"start":{"line":50,"column":34},"end":{"line":50,"column":null}}],"line":50},"10":{"loc":{"start":{"line":50,"column":34},"end":{"line":50,"column":null}},"type":"cond-expr","locations":[{"start":{"line":50,"column":46},"end":{"line":50,"column":67}},{"start":{"line":50,"column":67},"end":{"line":50,"column":null}}],"line":50}},"s":{"0":1,"1":1},"f":{"0":1},"b":{"0":[1],"1":[1],"2":[1],"3":[1],"4":[1],"5":[1,0],"6":[0,1],"7":[0,1],"8":[0,1],"9":[1,0],"10":[0,0]},"meta":{"lastBranch":11,"lastFunction":1,"lastStatement":2,"seen":{"s:12:52:55:Infinity":0,"f:12:52:12:53":0,"b:13:10:13:Infinity":0,"b:14:13:14:Infinity":1,"b:15:10:15:Infinity":2,"b:16:10:16:Infinity":3,"b:17:15:17:Infinity":4,"s:19:2:53:Infinity":1,"b:23:9:23:Infinity:24:10:27:Infinity":5,"b:33:79:33:98:33:98:33:139":6,"b:33:110:33:127:33:127:33:139":7,"b:34:25:34:50:34:50:34:Infinity":8,"b:50:25:50:34:50:34:50:Infinity":9,"b:50:46:50:67:50:67:50:Infinity":10}}}
,"C:\\heckteckdraughts\\PHASE3\\src\\components\\ui\\panels\\MoveHistory.tsx": {"path":"C:\\heckteckdraughts\\PHASE3\\src\\components\\ui\\panels\\MoveHistory.tsx","statementMap":{"0":{"start":{"line":9,"column":48},"end":{"line":55,"column":null}},"1":{"start":{"line":10,"column":8},"end":{"line":10,"column":null}},"2":{"start":{"line":12,"column":2},"end":{"line":16,"column":null}},"3":{"start":{"line":13,"column":4},"end":{"line":15,"column":null}},"4":{"start":{"line":14,"column":6},"end":{"line":14,"column":null}},"5":{"start":{"line":18,"column":22},"end":{"line":23,"column":null}},"6":{"start":{"line":19,"column":17},"end":{"line":19,"column":null}},"7":{"start":{"line":20,"column":15},"end":{"line":20,"column":null}},"8":{"start":{"line":21,"column":22},"end":{"line":21,"column":null}},"9":{"start":{"line":22,"column":4},"end":{"line":22,"column":null}},"10":{"start":{"line":25,"column":2},"end":{"line":53,"column":null}},"11":{"start":{"line":44,"column":10},"end":{"line":50,"column":null}}},"fnMap":{"0":{"name":"(anonymous_0)","decl":{"start":{"line":9,"column":48},"end":{"line":9,"column":49}},"loc":{"start":{"line":9,"column":63},"end":{"line":55,"column":null}},"line":9},"1":{"name":"(anonymous_1)","decl":{"start":{"line":12,"column":12},"end":{"line":12,"column":18}},"loc":{"start":{"line":12,"column":18},"end":{"line":16,"column":5}},"line":12},"2":{"name":"(anonymous_2)","decl":{"start":{"line":18,"column":22},"end":{"line":18,"column":23}},"loc":{"start":{"line":18,"column":38},"end":{"line":23,"column":null}},"line":18},"3":{"name":"(anonymous_3)","decl":{"start":{"line":43,"column":65},"end":{"line":43,"column":66}},"loc":{"start":{"line":44,"column":10},"end":{"line":50,"column":null}},"line":44}},"branchMap":{"0":{"loc":{"start":{"line":13,"column":4},"end":{"line":15,"column":null}},"type":"if","locations":[{"start":{"line":13,"column":4},"end":{"line":15,"column":null}},{"start":{},"end":{}}],"line":13},"1":{"loc":{"start":{"line":21,"column":22},"end":{"line":21,"column":null}},"type":"cond-expr","locations":[{"start":{"line":21,"column":49},"end":{"line":21,"column":55}},{"start":{"line":21,"column":55},"end":{"line":21,"column":null}}],"line":21},"2":{"loc":{"start":{"line":33,"column":9},"end":{"line":40,"column":null}},"type":"cond-expr","locations":[{"start":{"line":34,"column":10},"end":{"line":34,"column":null}},{"start":{"line":36,"column":10},"end":{"line":40,"column":null}}],"line":33},"3":{"loc":{"start":{"line":47,"column":13},"end":{"line":48,"column":null}},"type":"binary-expr","locations":[{"start":{"line":47,"column":13},"end":{"line":47,"column":null}},{"start":{"line":48,"column":14},"end":{"line":48,"column":null}}],"line":47}},"s":{"0":1,"1":1,"2":1,"3":1,"4":1,"5":1,"6":0,"7":0,"8":0,"9":0,"10":1,"11":0},"f":{"0":1,"1":1,"2":0,"3":0},"b":{"0":[1,0],"1":[0,0],"2":[1,0],"3":[0,0]},"meta":{"lastBranch":4,"lastFunction":4,"lastStatement":12,"seen":{"s:9:48:55:Infinity":0,"f:9:48:9:49":0,"s:10:8:10:Infinity":1,"s:12:2:16:Infinity":2,"f:12:12:12:18":1,"b:13:4:15:Infinity:undefined:undefined:undefined:undefined":0,"s:13:4:15:Infinity":3,"s:14:6:14:Infinity":4,"s:18:22:23:Infinity":5,"f:18:22:18:23":2,"s:19:17:19:Infinity":6,"s:20:15:20:Infinity":7,"s:21:22:21:Infinity":8,"b:21:49:21:55:21:55:21:Infinity":1,"s:22:4:22:Infinity":9,"s:25:2:53:Infinity":10,"b:34:10:34:Infinity:36:10:40:Infinity":2,"f:43:65:43:66":3,"s:44:10:50:Infinity":11,"b:47:13:47:Infinity:48:14:48:Infinity":3}}}
,"C:\\heckteckdraughts\\PHASE3\\src\\data\\openings.json": {"path":"C:\\heckteckdraughts\\PHASE3\\src\\data\\openings.json","statementMap":{},"fnMap":{},"branchMap":{},"s":{},"f":{},"b":{},"meta":{"lastBranch":0,"lastFunction":0,"lastStatement":0,"seen":{}}}
,"C:\\heckteckdraughts\\PHASE3\\src\\engine\\constants.ts": {"path":"C:\\heckteckdraughts\\PHASE3\\src\\engine\\constants.ts","statementMap":{"0":{"start":{"line":6,"column":26},"end":{"line":6,"column":null}},"1":{"start":{"line":8,"column":7},"end":{"line":8,"column":null}},"2":{"start":{"line":9,"column":2},"end":{"line":9,"column":9}},"3":{"start":{"line":10,"column":2},"end":{"line":10,"column":10}},"4":{"start":{"line":11,"column":2},"end":{"line":11,"column":10}},"5":{"start":{"line":12,"column":2},"end":{"line":12,"column":15}},"6":{"start":{"line":13,"column":2},"end":{"line":13,"column":15}},"7":{"start":{"line":8,"column":12},"end":{"line":8,"column":null}},"8":{"start":{"line":16,"column":7},"end":{"line":16,"column":null}},"9":{"start":{"line":17,"column":2},"end":{"line":17,"column":10}},"10":{"start":{"line":18,"column":2},"end":{"line":18,"column":10}},"11":{"start":{"line":16,"column":12},"end":{"line":16,"column":null}},"12":{"start":{"line":23,"column":54},"end":{"line":28,"column":null}},"13":{"start":{"line":34,"column":2},"end":{"line":34,"column":null}},"14":{"start":{"line":40,"column":13},"end":{"line":52,"column":null}},"15":{"start":{"line":41,"column":18},"end":{"line":41,"column":null}},"16":{"start":{"line":42,"column":14},"end":{"line":42,"column":null}},"17":{"start":{"line":43,"column":2},"end":{"line":50,"column":null}},"18":{"start":{"line":43,"column":17},"end":{"line":43,"column":20}},"19":{"start":{"line":45,"column":4},"end":{"line":49,"column":null}},"20":{"start":{"line":45,"column":19},"end":{"line":45,"column":35}},"21":{"start":{"line":46,"column":6},"end":{"line":48,"column":null}},"22":{"start":{"line":47,"column":8},"end":{"line":47,"column":null}},"23":{"start":{"line":51,"column":2},"end":{"line":51,"column":null}},"24":{"start":{"line":59,"column":26},"end":{"line":74,"column":null}}},"fnMap":{"0":{"name":"(anonymous_0)","decl":{"start":{"line":8,"column":7},"end":{"line":8,"column":12}},"loc":{"start":{"line":8,"column":7},"end":{"line":8,"column":null}},"line":8},"1":{"name":"(anonymous_1)","decl":{"start":{"line":16,"column":7},"end":{"line":16,"column":12}},"loc":{"start":{"line":16,"column":7},"end":{"line":16,"column":null}},"line":16},"2":{"name":"isDarkSquare","decl":{"start":{"line":33,"column":16},"end":{"line":33,"column":29}},"loc":{"start":{"line":33,"column":64},"end":{"line":35,"column":null}},"line":33},"3":{"name":"(anonymous_3)","decl":{"start":{"line":40,"column":43},"end":{"line":40,"column":55}},"loc":{"start":{"line":40,"column":55},"end":{"line":52,"column":3}},"line":40}},"branchMap":{"0":{"loc":{"start":{"line":8,"column":12},"end":{"line":8,"column":null}},"type":"binary-expr","locations":[{"start":{"line":8,"column":12},"end":{"line":8,"column":null}},{"start":{"line":8,"column":12},"end":{"line":8,"column":null}}],"line":8},"1":{"loc":{"start":{"line":16,"column":12},"end":{"line":16,"column":null}},"type":"binary-expr","locations":[{"start":{"line":16,"column":12},"end":{"line":16,"column":null}},{"start":{"line":16,"column":12},"end":{"line":16,"column":null}}],"line":16},"2":{"loc":{"start":{"line":46,"column":6},"end":{"line":48,"column":null}},"type":"if","locations":[{"start":{"line":46,"column":6},"end":{"line":48,"column":null}},{"start":{},"end":{}}],"line":46}},"s":{"0":9,"1":9,"2":9,"3":9,"4":9,"5":9,"6":9,"7":9,"8":9,"9":9,"10":9,"11":9,"12":9,"13":1602,"14":9,"15":9,"16":9,"17":9,"18":9,"19":90,"20":90,"21":900,"22":450,"23":9,"24":9},"f":{"0":9,"1":9,"2":1602,"3":9},"b":{"0":[9,9],"1":[9,9],"2":[450,450]},"meta":{"lastBranch":3,"lastFunction":4,"lastStatement":25,"seen":{"s:6:26:6:Infinity":0,"s:8:7:8:Infinity":1,"f:8:7:8:12":0,"s:9:2:9:9":2,"s:10:2:10:10":3,"s:11:2:11:10":4,"s:12:2:12:15":5,"s:13:2:13:15":6,"s:8:12:8:Infinity":7,"b:8:12:8:Infinity:8:12:8:Infinity":0,"s:16:7:16:Infinity":8,"f:16:7:16:12":1,"s:17:2:17:10":9,"s:18:2:18:10":10,"s:16:12:16:Infinity":11,"b:16:12:16:Infinity:16:12:16:Infinity":1,"s:23:54:28:Infinity":12,"f:33:16:33:29":2,"s:34:2:34:Infinity":13,"s:40:13:52:Infinity":14,"f:40:43:40:55":3,"s:41:18:41:Infinity":15,"s:42:14:42:Infinity":16,"s:43:2:50:Infinity":17,"s:43:17:43:20":18,"s:45:4:49:Infinity":19,"s:45:19:45:35":20,"b:46:6:48:Infinity:undefined:undefined:undefined:undefined":2,"s:46:6:48:Infinity":21,"s:47:8:47:Infinity":22,"s:51:2:51:Infinity":23,"s:59:26:74:Infinity":24}}}
,"C:\\heckteckdraughts\\PHASE3\\src\\engine\\game.ts": {"path":"C:\\heckteckdraughts\\PHASE3\\src\\engine\\game.ts","statementMap":{"0":{"start":{"line":30,"column":4},"end":{"line":30,"column":null}},"1":{"start":{"line":31,"column":4},"end":{"line":31,"column":null}},"2":{"start":{"line":32,"column":4},"end":{"line":32,"column":null}},"3":{"start":{"line":33,"column":4},"end":{"line":33,"column":null}},"4":{"start":{"line":34,"column":4},"end":{"line":34,"column":null}},"5":{"start":{"line":35,"column":4},"end":{"line":35,"column":null}},"6":{"start":{"line":37,"column":4},"end":{"line":37,"column":null}},"7":{"start":{"line":41,"column":4},"end":{"line":43,"column":null}},"8":{"start":{"line":43,"column":17},"end":{"line":43,"column":59}},"9":{"start":{"line":45,"column":4},"end":{"line":45,"column":null}},"10":{"start":{"line":46,"column":4},"end":{"line":46,"column":null}},"11":{"start":{"line":47,"column":4},"end":{"line":47,"column":null}},"12":{"start":{"line":48,"column":4},"end":{"line":48,"column":null}},"13":{"start":{"line":49,"column":4},"end":{"line":49,"column":null}},"14":{"start":{"line":51,"column":4},"end":{"line":51,"column":null}},"15":{"start":{"line":55,"column":4},"end":{"line":62,"column":null}},"16":{"start":{"line":55,"column":17},"end":{"line":55,"column":20}},"17":{"start":{"line":56,"column":6},"end":{"line":61,"column":null}},"18":{"start":{"line":56,"column":19},"end":{"line":56,"column":22}},"19":{"start":{"line":57,"column":8},"end":{"line":60,"column":null}},"20":{"start":{"line":58,"column":10},"end":{"line":59,"column":null}},"21":{"start":{"line":58,"column":21},"end":{"line":58,"column":null}},"22":{"start":{"line":58,"column":47},"end":{"line":59,"column":null}},"23":{"start":{"line":59,"column":26},"end":{"line":59,"column":null}},"24":{"start":{"line":63,"column":4},"end":{"line":63,"column":null}},"25":{"start":{"line":67,"column":30},"end":{"line":67,"column":null}},"26":{"start":{"line":68,"column":4},"end":{"line":81,"column":null}},"27":{"start":{"line":69,"column":28},"end":{"line":71,"column":null}},"28":{"start":{"line":70,"column":40},"end":{"line":70,"column":57}},"29":{"start":{"line":73,"column":24},"end":{"line":73,"column":null}},"30":{"start":{"line":75,"column":6},"end":{"line":80,"column":null}},"31":{"start":{"line":76,"column":8},"end":{"line":78,"column":null}},"32":{"start":{"line":79,"column":8},"end":{"line":79,"column":null}},"33":{"start":{"line":83,"column":18},"end":{"line":83,"column":null}},"34":{"start":{"line":84,"column":27},"end":{"line":84,"column":null}},"35":{"start":{"line":84,"column":52},"end":{"line":84,"column":70}},"36":{"start":{"line":86,"column":4},"end":{"line":86,"column":null}},"37":{"start":{"line":87,"column":4},"end":{"line":87,"column":null}},"38":{"start":{"line":89,"column":4},"end":{"line":96,"column":null}},"39":{"start":{"line":90,"column":6},"end":{"line":92,"column":null}},"40":{"start":{"line":91,"column":8},"end":{"line":91,"column":null}},"41":{"start":{"line":93,"column":6},"end":{"line":93,"column":null}},"42":{"start":{"line":95,"column":6},"end":{"line":95,"column":null}},"43":{"start":{"line":98,"column":4},"end":{"line":101,"column":null}},"44":{"start":{"line":99,"column":6},"end":{"line":100,"column":null}},"45":{"start":{"line":103,"column":4},"end":{"line":107,"column":null}},"46":{"start":{"line":109,"column":4},"end":{"line":110,"column":null}},"47":{"start":{"line":112,"column":4},"end":{"line":112,"column":null}},"48":{"start":{"line":113,"column":4},"end":{"line":113,"column":null}},"49":{"start":{"line":114,"column":4},"end":{"line":114,"column":null}},"50":{"start":{"line":118,"column":30},"end":{"line":118,"column":null}},"51":{"start":{"line":119,"column":4},"end":{"line":130,"column":null}},"52":{"start":{"line":119,"column":17},"end":{"line":119,"column":20}},"53":{"start":{"line":120,"column":6},"end":{"line":129,"column":null}},"54":{"start":{"line":120,"column":19},"end":{"line":120,"column":22}},"55":{"start":{"line":121,"column":8},"end":{"line":128,"column":null}},"56":{"start":{"line":122,"column":28},"end":{"line":126,"column":null}},"57":{"start":{"line":127,"column":10},"end":{"line":127,"column":null}},"58":{"start":{"line":131,"column":4},"end":{"line":131,"column":null}},"59":{"start":{"line":135,"column":21},"end":{"line":135,"column":null}},"60":{"start":{"line":136,"column":4},"end":{"line":139,"column":null}},"61":{"start":{"line":137,"column":21},"end":{"line":137,"column":null}},"62":{"start":{"line":137,"column":53},"end":{"line":137,"column":70}},"63":{"start":{"line":138,"column":6},"end":{"line":138,"column":null}},"64":{"start":{"line":138,"column":36},"end":{"line":138,"column":64}},"65":{"start":{"line":141,"column":32},"end":{"line":141,"column":null}},"66":{"start":{"line":142,"column":4},"end":{"line":148,"column":null}},"67":{"start":{"line":142,"column":17},"end":{"line":142,"column":20}},"68":{"start":{"line":143,"column":6},"end":{"line":147,"column":null}},"69":{"start":{"line":143,"column":19},"end":{"line":143,"column":22}},"70":{"start":{"line":144,"column":8},"end":{"line":146,"column":null}},"71":{"start":{"line":145,"column":10},"end":{"line":145,"column":null}},"72":{"start":{"line":149,"column":4},"end":{"line":149,"column":null}},"73":{"start":{"line":153,"column":18},"end":{"line":153,"column":null}},"74":{"start":{"line":154,"column":19},"end":{"line":154,"column":null}},"75":{"start":{"line":156,"column":17},"end":{"line":160,"column":null}},"76":{"start":{"line":162,"column":4},"end":{"line":182,"column":null}},"77":{"start":{"line":163,"column":15},"end":{"line":163,"column":null}},"78":{"start":{"line":164,"column":13},"end":{"line":164,"column":null}},"79":{"start":{"line":166,"column":6},"end":{"line":181,"column":null}},"80":{"start":{"line":167,"column":8},"end":{"line":174,"column":null}},"81":{"start":{"line":171,"column":10},"end":{"line":171,"column":null}},"82":{"start":{"line":172,"column":10},"end":{"line":172,"column":null}},"83":{"start":{"line":173,"column":10},"end":{"line":173,"column":null}},"84":{"start":{"line":175,"column":6},"end":{"line":181,"column":null}},"85":{"start":{"line":180,"column":8},"end":{"line":180,"column":null}},"86":{"start":{"line":186,"column":18},"end":{"line":186,"column":null}},"87":{"start":{"line":187,"column":4},"end":{"line":193,"column":null}},"88":{"start":{"line":188,"column":6},"end":{"line":191,"column":null}},"89":{"start":{"line":192,"column":6},"end":{"line":192,"column":null}},"90":{"start":{"line":195,"column":23},"end":{"line":195,"column":null}},"91":{"start":{"line":196,"column":4},"end":{"line":196,"column":null}},"92":{"start":{"line":196,"column":20},"end":{"line":196,"column":null}},"93":{"start":{"line":200,"column":4},"end":{"line":200,"column":null}},"94":{"start":{"line":204,"column":4},"end":{"line":204,"column":null}},"95":{"start":{"line":208,"column":4},"end":{"line":208,"column":null}},"96":{"start":{"line":212,"column":4},"end":{"line":212,"column":null}},"97":{"start":{"line":216,"column":4},"end":{"line":218,"column":null}}},"fnMap":{"0":{"name":"(anonymous_0)","decl":{"start":{"line":29,"column":2},"end":{"line":29,"column":16}},"loc":{"start":{"line":29,"column":16},"end":{"line":38,"column":null}},"line":29},"1":{"name":"(anonymous_1)","decl":{"start":{"line":40,"column":2},"end":{"line":40,"column":10}},"loc":{"start":{"line":40,"column":10},"end":{"line":52,"column":null}},"line":40},"2":{"name":"(anonymous_2)","decl":{"start":{"line":43,"column":11},"end":{"line":43,"column":17}},"loc":{"start":{"line":43,"column":17},"end":{"line":43,"column":59}},"line":43},"3":{"name":"(anonymous_3)","decl":{"start":{"line":54,"column":2},"end":{"line":54,"column":25}},"loc":{"start":{"line":54,"column":25},"end":{"line":64,"column":null}},"line":54},"4":{"name":"(anonymous_4)","decl":{"start":{"line":66,"column":2},"end":{"line":66,"column":11}},"loc":{"start":{"line":66,"column":32},"end":{"line":115,"column":null}},"line":66},"5":{"name":"(anonymous_5)","decl":{"start":{"line":70,"column":33},"end":{"line":70,"column":34}},"loc":{"start":{"line":70,"column":40},"end":{"line":70,"column":57}},"line":70},"6":{"name":"(anonymous_6)","decl":{"start":{"line":84,"column":43},"end":{"line":84,"column":44}},"loc":{"start":{"line":84,"column":52},"end":{"line":84,"column":70}},"line":84},"7":{"name":"(anonymous_7)","decl":{"start":{"line":117,"column":2},"end":{"line":117,"column":33}},"loc":{"start":{"line":117,"column":33},"end":{"line":132,"column":null}},"line":117},"8":{"name":"(anonymous_8)","decl":{"start":{"line":134,"column":2},"end":{"line":134,"column":26}},"loc":{"start":{"line":134,"column":26},"end":{"line":150,"column":null}},"line":134},"9":{"name":"(anonymous_9)","decl":{"start":{"line":137,"column":46},"end":{"line":137,"column":47}},"loc":{"start":{"line":137,"column":53},"end":{"line":137,"column":70}},"line":137},"10":{"name":"(anonymous_10)","decl":{"start":{"line":138,"column":29},"end":{"line":138,"column":30}},"loc":{"start":{"line":138,"column":36},"end":{"line":138,"column":64}},"line":138},"11":{"name":"(anonymous_11)","decl":{"start":{"line":152,"column":2},"end":{"line":152,"column":18}},"loc":{"start":{"line":152,"column":55},"end":{"line":183,"column":null}},"line":152},"12":{"name":"(anonymous_12)","decl":{"start":{"line":185,"column":2},"end":{"line":185,"column":20}},"loc":{"start":{"line":185,"column":20},"end":{"line":197,"column":null}},"line":185},"13":{"name":"(anonymous_13)","decl":{"start":{"line":199,"column":2},"end":{"line":199,"column":19}},"loc":{"start":{"line":199,"column":19},"end":{"line":201,"column":null}},"line":199},"14":{"name":"(anonymous_14)","decl":{"start":{"line":203,"column":2},"end":{"line":203,"column":25}},"loc":{"start":{"line":203,"column":25},"end":{"line":205,"column":null}},"line":203},"15":{"name":"(anonymous_15)","decl":{"start":{"line":207,"column":2},"end":{"line":207,"column":25}},"loc":{"start":{"line":207,"column":48},"end":{"line":209,"column":null}},"line":207},"16":{"name":"(anonymous_16)","decl":{"start":{"line":211,"column":2},"end":{"line":211,"column":11}},"loc":{"start":{"line":211,"column":40},"end":{"line":213,"column":null}},"line":211},"17":{"name":"(anonymous_17)","decl":{"start":{"line":215,"column":2},"end":{"line":215,"column":16}},"loc":{"start":{"line":215,"column":52},"end":{"line":220,"column":null}},"line":215}},"branchMap":{"0":{"loc":{"start":{"line":57,"column":8},"end":{"line":60,"column":null}},"type":"if","locations":[{"start":{"line":57,"column":8},"end":{"line":60,"column":null}},{"start":{},"end":{}}],"line":57},"1":{"loc":{"start":{"line":58,"column":10},"end":{"line":59,"column":null}},"type":"if","locations":[{"start":{"line":58,"column":10},"end":{"line":59,"column":null}},{"start":{"line":58,"column":47},"end":{"line":59,"column":null}}],"line":58},"2":{"loc":{"start":{"line":58,"column":47},"end":{"line":59,"column":null}},"type":"if","locations":[{"start":{"line":58,"column":47},"end":{"line":59,"column":null}},{"start":{},"end":{}}],"line":58},"3":{"loc":{"start":{"line":68,"column":4},"end":{"line":81,"column":null}},"type":"if","locations":[{"start":{"line":68,"column":4},"end":{"line":81,"column":null}},{"start":{},"end":{}}],"line":68},"4":{"loc":{"start":{"line":73,"column":24},"end":{"line":73,"column":null}},"type":"binary-expr","locations":[{"start":{"line":73,"column":24},"end":{"line":73,"column":41}},{"start":{"line":73,"column":41},"end":{"line":73,"column":null}}],"line":73},"5":{"loc":{"start":{"line":75,"column":6},"end":{"line":80,"column":null}},"type":"if","locations":[{"start":{"line":75,"column":6},"end":{"line":80,"column":null}},{"start":{},"end":{}}],"line":75},"6":{"loc":{"start":{"line":75,"column":10},"end":{"line":75,"column":62}},"type":"binary-expr","locations":[{"start":{"line":75,"column":10},"end":{"line":75,"column":24}},{"start":{"line":75,"column":24},"end":{"line":75,"column":62}}],"line":75},"7":{"loc":{"start":{"line":89,"column":4},"end":{"line":96,"column":null}},"type":"if","locations":[{"start":{"line":89,"column":4},"end":{"line":96,"column":null}},{"start":{"line":94,"column":11},"end":{"line":96,"column":null}}],"line":89},"8":{"loc":{"start":{"line":89,"column":8},"end":{"line":89,"column":51}},"type":"binary-expr","locations":[{"start":{"line":89,"column":8},"end":{"line":89,"column":25}},{"start":{"line":89,"column":25},"end":{"line":89,"column":51}}],"line":89},"9":{"loc":{"start":{"line":98,"column":4},"end":{"line":101,"column":null}},"type":"if","locations":[{"start":{"line":98,"column":4},"end":{"line":101,"column":null}},{"start":{},"end":{}}],"line":98},"10":{"loc":{"start":{"line":100,"column":8},"end":{"line":100,"column":null}},"type":"cond-expr","locations":[{"start":{"line":100,"column":32},"end":{"line":100,"column":51}},{"start":{"line":100,"column":51},"end":{"line":100,"column":null}}],"line":100},"11":{"loc":{"start":{"line":110,"column":6},"end":{"line":110,"column":null}},"type":"cond-expr","locations":[{"start":{"line":110,"column":44},"end":{"line":110,"column":59}},{"start":{"line":110,"column":59},"end":{"line":110,"column":null}}],"line":110},"12":{"loc":{"start":{"line":121,"column":8},"end":{"line":128,"column":null}},"type":"if","locations":[{"start":{"line":121,"column":8},"end":{"line":128,"column":null}},{"start":{},"end":{}}],"line":121},"13":{"loc":{"start":{"line":136,"column":4},"end":{"line":139,"column":null}},"type":"if","locations":[{"start":{"line":136,"column":4},"end":{"line":139,"column":null}},{"start":{},"end":{}}],"line":136},"14":{"loc":{"start":{"line":144,"column":8},"end":{"line":146,"column":null}},"type":"if","locations":[{"start":{"line":144,"column":8},"end":{"line":146,"column":null}},{"start":{},"end":{}}],"line":144},"15":{"loc":{"start":{"line":154,"column":19},"end":{"line":154,"column":null}},"type":"binary-expr","locations":[{"start":{"line":154,"column":19},"end":{"line":154,"column":49}},{"start":{"line":154,"column":49},"end":{"line":154,"column":null}}],"line":154},"16":{"loc":{"start":{"line":156,"column":17},"end":{"line":160,"column":null}},"type":"cond-expr","locations":[{"start":{"line":157,"column":8},"end":{"line":157,"column":null}},{"start":{"line":158,"column":8},"end":{"line":160,"column":null}}],"line":156},"17":{"loc":{"start":{"line":158,"column":8},"end":{"line":160,"column":null}},"type":"cond-expr","locations":[{"start":{"line":159,"column":8},"end":{"line":159,"column":null}},{"start":{"line":160,"column":8},"end":{"line":160,"column":null}}],"line":158},"18":{"loc":{"start":{"line":166,"column":6},"end":{"line":181,"column":null}},"type":"if","locations":[{"start":{"line":166,"column":6},"end":{"line":181,"column":null}},{"start":{"line":175,"column":6},"end":{"line":181,"column":null}}],"line":166},"19":{"loc":{"start":{"line":167,"column":8},"end":{"line":169,"column":null}},"type":"binary-expr","locations":[{"start":{"line":167,"column":8},"end":{"line":168,"column":null}},{"start":{"line":169,"column":10},"end":{"line":169,"column":null}}],"line":167},"20":{"loc":{"start":{"line":175,"column":6},"end":{"line":181,"column":null}},"type":"if","locations":[{"start":{"line":175,"column":6},"end":{"line":181,"column":null}},{"start":{},"end":{}}],"line":175},"21":{"loc":{"start":{"line":175,"column":6},"end":{"line":178,"column":null}},"type":"binary-expr","locations":[{"start":{"line":175,"column":6},"end":{"line":177,"column":null}},{"start":{"line":178,"column":8},"end":{"line":178,"column":null}}],"line":175},"22":{"loc":{"start":{"line":187,"column":4},"end":{"line":193,"column":null}},"type":"if","locations":[{"start":{"line":187,"column":4},"end":{"line":193,"column":null}},{"start":{},"end":{}}],"line":187},"23":{"loc":{"start":{"line":189,"column":8},"end":{"line":191,"column":null}},"type":"cond-expr","locations":[{"start":{"line":190,"column":12},"end":{"line":190,"column":null}},{"start":{"line":191,"column":12},"end":{"line":191,"column":null}}],"line":189},"24":{"loc":{"start":{"line":196,"column":4},"end":{"line":196,"column":null}},"type":"if","locations":[{"start":{"line":196,"column":4},"end":{"line":196,"column":null}},{"start":{},"end":{}}],"line":196},"25":{"loc":{"start":{"line":217,"column":7},"end":{"line":218,"column":null}},"type":"binary-expr","locations":[{"start":{"line":217,"column":7},"end":{"line":217,"column":32}},{"start":{"line":217,"column":32},"end":{"line":217,"column":null}},{"start":{"line":218,"column":7},"end":{"line":218,"column":32}},{"start":{"line":218,"column":32},"end":{"line":218,"column":null}}],"line":217}},"s":{"0":6,"1":6,"2":6,"3":6,"4":6,"5":6,"6":6,"7":6,"8":60,"9":6,"10":6,"11":6,"12":6,"13":6,"14":6,"15":6,"16":6,"17":60,"18":60,"19":600,"20":300,"21":120,"22":180,"23":120,"24":6,"25":15,"26":15,"27":2,"28":4,"29":2,"30":2,"31":1,"32":1,"33":14,"34":14,"35":140,"36":14,"37":14,"38":14,"39":1,"40":2,"41":1,"42":13,"43":14,"44":0,"45":14,"46":14,"47":15,"48":15,"49":15,"50":30,"51":30,"52":30,"53":300,"54":300,"55":3000,"56":523,"57":523,"58":30,"59":15,"60":15,"61":0,"62":0,"63":0,"64":0,"65":15,"66":15,"67":15,"68":150,"69":150,"70":1500,"71":261,"72":15,"73":261,"74":261,"75":261,"76":261,"77":522,"78":522,"79":522,"80":0,"81":0,"82":0,"83":0,"84":522,"85":125,"86":15,"87":15,"88":1,"89":1,"90":14,"91":14,"92":5,"93":20,"94":34,"95":4500,"96":450,"97":14},"f":{"0":6,"1":6,"2":60,"3":6,"4":15,"5":4,"6":140,"7":30,"8":15,"9":0,"10":0,"11":261,"12":15,"13":20,"14":34,"15":4500,"16":450,"17":14},"b":{"0":[300,300],"1":[120,180],"2":[120,60],"3":[2,13],"4":[2,2],"5":[1,1],"6":[2,2],"7":[1,13],"8":[14,14],"9":[0,14],"10":[0,0],"11":[8,6],"12":[523,2477],"13":[0,15],"14":[261,1239],"15":[261,261],"16":[0,261],"17":[120,141],"18":[0,522],"19":[0,0],"20":[125,397],"21":[522,464],"22":[1,14],"23":[1,0],"24":[5,9],"25":[14,8,14,6]},"meta":{"lastBranch":26,"lastFunction":18,"lastStatement":98,"seen":{"f:29:2:29:16":0,"s:30:4:30:Infinity":0,"s:31:4:31:Infinity":1,"s:32:4:32:Infinity":2,"s:33:4:33:Infinity":3,"s:34:4:34:Infinity":4,"s:35:4:35:Infinity":5,"s:37:4:37:Infinity":6,"f:40:2:40:10":1,"s:41:4:43:Infinity":7,"f:43:11:43:17":2,"s:43:17:43:59":8,"s:45:4:45:Infinity":9,"s:46:4:46:Infinity":10,"s:47:4:47:Infinity":11,"s:48:4:48:Infinity":12,"s:49:4:49:Infinity":13,"s:51:4:51:Infinity":14,"f:54:2:54:25":3,"s:55:4:62:Infinity":15,"s:55:17:55:20":16,"s:56:6:61:Infinity":17,"s:56:19:56:22":18,"b:57:8:60:Infinity:undefined:undefined:undefined:undefined":0,"s:57:8:60:Infinity":19,"b:58:10:59:Infinity:58:47:59:Infinity":1,"s:58:10:59:Infinity":20,"s:58:21:58:Infinity":21,"b:58:47:59:Infinity:undefined:undefined:undefined:undefined":2,"s:58:47:59:Infinity":22,"s:59:26:59:Infinity":23,"s:63:4:63:Infinity":24,"f:66:2:66:11":4,"s:67:30:67:Infinity":25,"b:68:4:81:Infinity:undefined:undefined:undefined:undefined":3,"s:68:4:81:Infinity":26,"s:69:28:71:Infinity":27,"f:70:33:70:34":5,"s:70:40:70:57":28,"s:73:24:73:Infinity":29,"b:73:24:73:41:73:41:73:Infinity":4,"b:75:6:80:Infinity:undefined:undefined:undefined:undefined":5,"s:75:6:80:Infinity":30,"b:75:10:75:24:75:24:75:62":6,"s:76:8:78:Infinity":31,"s:79:8:79:Infinity":32,"s:83:18:83:Infinity":33,"s:84:27:84:Infinity":34,"f:84:43:84:44":6,"s:84:52:84:70":35,"s:86:4:86:Infinity":36,"s:87:4:87:Infinity":37,"b:89:4:96:Infinity:94:11:96:Infinity":7,"s:89:4:96:Infinity":38,"b:89:8:89:25:89:25:89:51":8,"s:90:6:92:Infinity":39,"s:91:8:91:Infinity":40,"s:93:6:93:Infinity":41,"s:95:6:95:Infinity":42,"b:98:4:101:Infinity:undefined:undefined:undefined:undefined":9,"s:98:4:101:Infinity":43,"s:99:6:100:Infinity":44,"b:100:32:100:51:100:51:100:Infinity":10,"s:103:4:107:Infinity":45,"s:109:4:110:Infinity":46,"b:110:44:110:59:110:59:110:Infinity":11,"s:112:4:112:Infinity":47,"s:113:4:113:Infinity":48,"s:114:4:114:Infinity":49,"f:117:2:117:33":7,"s:118:30:118:Infinity":50,"s:119:4:130:Infinity":51,"s:119:17:119:20":52,"s:120:6:129:Infinity":53,"s:120:19:120:22":54,"b:121:8:128:Infinity:undefined:undefined:undefined:undefined":12,"s:121:8:128:Infinity":55,"s:122:28:126:Infinity":56,"s:127:10:127:Infinity":57,"s:131:4:131:Infinity":58,"f:134:2:134:26":8,"s:135:21:135:Infinity":59,"b:136:4:139:Infinity:undefined:undefined:undefined:undefined":13,"s:136:4:139:Infinity":60,"s:137:21:137:Infinity":61,"f:137:46:137:47":9,"s:137:53:137:70":62,"s:138:6:138:Infinity":63,"f:138:29:138:30":10,"s:138:36:138:64":64,"s:141:32:141:Infinity":65,"s:142:4:148:Infinity":66,"s:142:17:142:20":67,"s:143:6:147:Infinity":68,"s:143:19:143:22":69,"b:144:8:146:Infinity:undefined:undefined:undefined:undefined":14,"s:144:8:146:Infinity":70,"s:145:10:145:Infinity":71,"s:149:4:149:Infinity":72,"f:152:2:152:18":11,"s:153:18:153:Infinity":73,"s:154:19:154:Infinity":74,"b:154:19:154:49:154:49:154:Infinity":15,"s:156:17:160:Infinity":75,"b:157:8:157:Infinity:158:8:160:Infinity":16,"b:159:8:159:Infinity:160:8:160:Infinity":17,"s:162:4:182:Infinity":76,"s:163:15:163:Infinity":77,"s:164:13:164:Infinity":78,"b:166:6:181:Infinity:175:6:181:Infinity":18,"s:166:6:181:Infinity":79,"s:167:8:174:Infinity":80,"b:167:8:168:Infinity:169:10:169:Infinity":19,"s:171:10:171:Infinity":81,"s:172:10:172:Infinity":82,"s:173:10:173:Infinity":83,"b:175:6:181:Infinity:undefined:undefined:undefined:undefined":20,"s:175:6:181:Infinity":84,"b:175:6:177:Infinity:178:8:178:Infinity":21,"s:180:8:180:Infinity":85,"f:185:2:185:20":12,"s:186:18:186:Infinity":86,"b:187:4:193:Infinity:undefined:undefined:undefined:undefined":22,"s:187:4:193:Infinity":87,"s:188:6:191:Infinity":88,"b:190:12:190:Infinity:191:12:191:Infinity":23,"s:192:6:192:Infinity":89,"s:195:23:195:Infinity":90,"b:196:4:196:Infinity:undefined:undefined:undefined:undefined":24,"s:196:4:196:Infinity":91,"s:196:20:196:Infinity":92,"f:199:2:199:19":13,"s:200:4:200:Infinity":93,"f:203:2:203:25":14,"s:204:4:204:Infinity":94,"f:207:2:207:25":15,"s:208:4:208:Infinity":95,"f:211:2:211:11":16,"s:212:4:212:Infinity":96,"f:215:2:215:16":17,"s:216:4:218:Infinity":97,"b:217:7:217:32:217:32:217:Infinity:218:7:218:32:218:32:218:Infinity":25}}}
,"C:\\heckteckdraughts\\PHASE3\\src\\engine\\ai\\ai.constants.ts": {"path":"C:\\heckteckdraughts\\PHASE3\\src\\engine\\ai\\ai.constants.ts","statementMap":{"0":{"start":{"line":5,"column":25},"end":{"line":145,"column":null}},"1":{"start":{"line":147,"column":33},"end":{"line":147,"column":null}},"2":{"start":{"line":148,"column":29},"end":{"line":148,"column":null}},"3":{"start":{"line":149,"column":28},"end":{"line":149,"column":null}},"4":{"start":{"line":150,"column":30},"end":{"line":150,"column":null}},"5":{"start":{"line":151,"column":30},"end":{"line":151,"column":null}}},"fnMap":{},"branchMap":{},"s":{"0":2,"1":2,"2":2,"3":2,"4":2,"5":2},"f":{},"b":{},"meta":{"lastBranch":0,"lastFunction":0,"lastStatement":6,"seen":{"s:5:25:145:Infinity":0,"s:147:33:147:Infinity":1,"s:148:29:148:Infinity":2,"s:149:28:149:Infinity":3,"s:150:30:150:Infinity":4,"s:151:30:151:Infinity":5}}}
,"C:\\heckteckdraughts\\PHASE3\\src\\engine\\ai\\ai.endgame.ts": {"path":"C:\\heckteckdraughts\\PHASE3\\src\\engine\\ai\\ai.endgame.ts","statementMap":{"0":{"start":{"line":9,"column":19},"end":{"line":9,"column":null}},"1":{"start":{"line":12,"column":17},"end":{"line":12,"column":null}},"2":{"start":{"line":13,"column":4},"end":{"line":17,"column":null}},"3":{"start":{"line":13,"column":17},"end":{"line":13,"column":20}},"4":{"start":{"line":14,"column":6},"end":{"line":16,"column":null}},"5":{"start":{"line":14,"column":19},"end":{"line":14,"column":22}},"6":{"start":{"line":15,"column":8},"end":{"line":15,"column":null}},"7":{"start":{"line":15,"column":50},"end":{"line":15,"column":null}},"8":{"start":{"line":18,"column":4},"end":{"line":18,"column":null}},"9":{"start":{"line":22,"column":16},"end":{"line":22,"column":null}},"10":{"start":{"line":24,"column":24},"end":{"line":24,"column":27}},"11":{"start":{"line":24,"column":43},"end":{"line":24,"column":null}},"12":{"start":{"line":25,"column":56},"end":{"line":25,"column":null}},"13":{"start":{"line":26,"column":56},"end":{"line":26,"column":null}},"14":{"start":{"line":27,"column":21},"end":{"line":27,"column":24}},"15":{"start":{"line":27,"column":37},"end":{"line":27,"column":null}},"16":{"start":{"line":29,"column":4},"end":{"line":57,"column":null}},"17":{"start":{"line":29,"column":17},"end":{"line":29,"column":20}},"18":{"start":{"line":30,"column":14},"end":{"line":30,"column":null}},"19":{"start":{"line":31,"column":6},"end":{"line":56,"column":null}},"20":{"start":{"line":32,"column":22},"end":{"line":32,"column":null}},"21":{"start":{"line":33,"column":8},"end":{"line":33,"column":null}},"22":{"start":{"line":33,"column":34},"end":{"line":33,"column":null}},"23":{"start":{"line":35,"column":8},"end":{"line":55,"column":null}},"24":{"start":{"line":36,"column":10},"end":{"line":36,"column":null}},"25":{"start":{"line":37,"column":10},"end":{"line":37,"column":null}},"26":{"start":{"line":38,"column":10},"end":{"line":38,"column":null}},"27":{"start":{"line":39,"column":8},"end":{"line":55,"column":null}},"28":{"start":{"line":40,"column":10},"end":{"line":40,"column":null}},"29":{"start":{"line":41,"column":10},"end":{"line":41,"column":null}},"30":{"start":{"line":42,"column":10},"end":{"line":42,"column":null}},"31":{"start":{"line":43,"column":8},"end":{"line":55,"column":null}},"32":{"start":{"line":44,"column":10},"end":{"line":44,"column":null}},"33":{"start":{"line":45,"column":10},"end":{"line":45,"column":null}},"34":{"start":{"line":46,"column":10},"end":{"line":46,"column":null}},"35":{"start":{"line":47,"column":23},"end":{"line":47,"column":null}},"36":{"start":{"line":48,"column":10},"end":{"line":48,"column":null}},"37":{"start":{"line":49,"column":8},"end":{"line":55,"column":null}},"38":{"start":{"line":50,"column":10},"end":{"line":50,"column":null}},"39":{"start":{"line":51,"column":10},"end":{"line":51,"column":null}},"40":{"start":{"line":52,"column":10},"end":{"line":52,"column":null}},"41":{"start":{"line":53,"column":23},"end":{"line":53,"column":null}},"42":{"start":{"line":54,"column":10},"end":{"line":54,"column":null}},"43":{"start":{"line":59,"column":4},"end":{"line":59,"column":null}},"44":{"start":{"line":61,"column":4},"end":{"line":63,"column":null}},"45":{"start":{"line":62,"column":6},"end":{"line":62,"column":null}},"46":{"start":{"line":65,"column":4},"end":{"line":76,"column":null}},"47":{"start":{"line":66,"column":20},"end":{"line":66,"column":null}},"48":{"start":{"line":67,"column":20},"end":{"line":67,"column":null}},"49":{"start":{"line":69,"column":6},"end":{"line":75,"column":null}},"50":{"start":{"line":70,"column":8},"end":{"line":74,"column":null}},"51":{"start":{"line":71,"column":10},"end":{"line":71,"column":null}},"52":{"start":{"line":72,"column":8},"end":{"line":74,"column":null}},"53":{"start":{"line":73,"column":10},"end":{"line":73,"column":null}},"54":{"start":{"line":78,"column":4},"end":{"line":84,"column":null}},"55":{"start":{"line":79,"column":25},"end":{"line":79,"column":null}},"56":{"start":{"line":80,"column":6},"end":{"line":80,"column":null}},"57":{"start":{"line":81,"column":4},"end":{"line":84,"column":null}},"58":{"start":{"line":82,"column":25},"end":{"line":82,"column":null}},"59":{"start":{"line":83,"column":6},"end":{"line":83,"column":null}},"60":{"start":{"line":86,"column":4},"end":{"line":86,"column":null}},"61":{"start":{"line":90,"column":32},"end":{"line":90,"column":null}}},"fnMap":{"0":{"name":"(anonymous_0)","decl":{"start":{"line":11,"column":2},"end":{"line":11,"column":12}},"loc":{"start":{"line":11,"column":41},"end":{"line":19,"column":null}},"line":11},"1":{"name":"(anonymous_1)","decl":{"start":{"line":21,"column":2},"end":{"line":21,"column":18}},"loc":{"start":{"line":21,"column":46},"end":{"line":87,"column":null}},"line":21}},"branchMap":{"0":{"loc":{"start":{"line":15,"column":8},"end":{"line":15,"column":null}},"type":"if","locations":[{"start":{"line":15,"column":8},"end":{"line":15,"column":null}},{"start":{},"end":{}}],"line":15},"1":{"loc":{"start":{"line":30,"column":14},"end":{"line":30,"column":null}},"type":"cond-expr","locations":[{"start":{"line":30,"column":28},"end":{"line":30,"column":32}},{"start":{"line":30,"column":32},"end":{"line":30,"column":null}}],"line":30},"2":{"loc":{"start":{"line":33,"column":8},"end":{"line":33,"column":null}},"type":"if","locations":[{"start":{"line":33,"column":8},"end":{"line":33,"column":null}},{"start":{},"end":{}}],"line":33},"3":{"loc":{"start":{"line":35,"column":8},"end":{"line":55,"column":null}},"type":"if","locations":[{"start":{"line":35,"column":8},"end":{"line":55,"column":null}},{"start":{"line":39,"column":8},"end":{"line":55,"column":null}}],"line":35},"4":{"loc":{"start":{"line":39,"column":8},"end":{"line":55,"column":null}},"type":"if","locations":[{"start":{"line":39,"column":8},"end":{"line":55,"column":null}},{"start":{"line":43,"column":8},"end":{"line":55,"column":null}}],"line":39},"5":{"loc":{"start":{"line":43,"column":8},"end":{"line":55,"column":null}},"type":"if","locations":[{"start":{"line":43,"column":8},"end":{"line":55,"column":null}},{"start":{"line":49,"column":8},"end":{"line":55,"column":null}}],"line":43},"6":{"loc":{"start":{"line":49,"column":8},"end":{"line":55,"column":null}},"type":"if","locations":[{"start":{"line":49,"column":8},"end":{"line":55,"column":null}},{"start":{},"end":{}}],"line":49},"7":{"loc":{"start":{"line":61,"column":4},"end":{"line":63,"column":null}},"type":"if","locations":[{"start":{"line":61,"column":4},"end":{"line":63,"column":null}},{"start":{},"end":{}}],"line":61},"8":{"loc":{"start":{"line":61,"column":8},"end":{"line":61,"column":96}},"type":"binary-expr","locations":[{"start":{"line":61,"column":8},"end":{"line":61,"column":33}},{"start":{"line":61,"column":33},"end":{"line":61,"column":58}},{"start":{"line":61,"column":58},"end":{"line":61,"column":78}},{"start":{"line":61,"column":78},"end":{"line":61,"column":96}}],"line":61},"9":{"loc":{"start":{"line":65,"column":4},"end":{"line":76,"column":null}},"type":"if","locations":[{"start":{"line":65,"column":4},"end":{"line":76,"column":null}},{"start":{},"end":{}}],"line":65},"10":{"loc":{"start":{"line":65,"column":8},"end":{"line":65,"column":38}},"type":"binary-expr","locations":[{"start":{"line":65,"column":8},"end":{"line":65,"column":24}},{"start":{"line":65,"column":24},"end":{"line":65,"column":38}}],"line":65},"11":{"loc":{"start":{"line":69,"column":6},"end":{"line":75,"column":null}},"type":"if","locations":[{"start":{"line":69,"column":6},"end":{"line":75,"column":null}},{"start":{},"end":{}}],"line":69},"12":{"loc":{"start":{"line":69,"column":11},"end":{"line":69,"column":72}},"type":"binary-expr","locations":[{"start":{"line":69,"column":11},"end":{"line":69,"column":26}},{"start":{"line":69,"column":26},"end":{"line":69,"column":43}},{"start"
[...]
column":12},"end":{"line":66,"column":null}},"27":{"start":{"line":67,"column":19},"end":{"line":67,"column":null}},"28":{"start":{"line":68,"column":16},"end":{"line":68,"column":null}},"29":{"start":{"line":69,"column":19},"end":{"line":69,"column":null}},"30":{"start":{"line":71,"column":4},"end":{"line":71,"column":null}},"31":{"start":{"line":71,"column":17},"end":{"line":71,"column":null}},"32":{"start":{"line":73,"column":4},"end":{"line":77,"column":null}},"33":{"start":{"line":74,"column":6},"end":{"line":74,"column":null}},"34":{"start":{"line":76,"column":6},"end":{"line":76,"column":null}},"35":{"start":{"line":85,"column":26},"end":{"line":85,"column":null}},"36":{"start":{"line":86,"column":26},"end":{"line":86,"column":null}},"37":{"start":{"line":89,"column":2},"end":{"line":104,"column":null}},"38":{"start":{"line":89,"column":15},"end":{"line":89,"column":18}},"39":{"start":{"line":90,"column":4},"end":{"line":103,"column":null}},"40":{"start":{"line":90,"column":17},"end":{"line":90,"column":20}},"41":{"start":{"line":91,"column":20},"end":{"line":91,"column":null}},"42":{"start":{"line":92,"column":6},"end":{"line":92,"column":null}},"43":{"start":{"line":92,"column":32},"end":{"line":92,"column":null}},"44":{"start":{"line":94,"column":18},"end":{"line":94,"column":null}},"45":{"start":{"line":96,"column":8},"end":{"line":96,"column":null}},"46":{"start":{"line":98,"column":6},"end":{"line":102,"column":null}},"47":{"start":{"line":99,"column":8},"end":{"line":99,"column":null}},"48":{"start":{"line":101,"column":8},"end":{"line":101,"column":null}},"49":{"start":{"line":107,"column":17},"end":{"line":107,"column":null}},"50":{"start":{"line":107,"column":43},"end":{"line":107,"column":null}},"51":{"start":{"line":109,"column":2},"end":{"line":113,"column":null}}},"fnMap":{"0":{"name":"(anonymous_0)","decl":{"start":{"line":21,"column":28},"end":{"line":21,"column":34}},"loc":{"start":{"line":21,"column":34},"end":{"line":30,"column":3}},"line":21},"1":{"name":"parseFEN","decl":{"start":{"line":35,"column":16},"end":{"line":35,"column":25}},"loc":{"start":{"line":35,"column":48},"end":{"line":57,"column":null}},"line":35},"2":{"name":"(anonymous_2)","decl":{"start":{"line":48,"column":11},"end":{"line":48,"column":17}},"loc":{"start":{"line":48,"column":17},"end":{"line":48,"column":59}},"line":48},"3":{"name":"_applySection","decl":{"start":{"line":59,"column":9},"end":{"line":59,"column":23}},"loc":{"start":{"line":59,"column":78},"end":{"line":79,"column":null}},"line":59},"4":{"name":"generateFEN","decl":{"start":{"line":84,"column":16},"end":{"line":84,"column":28}},"loc":{"start":{"line":84,"column":56},"end":{"line":114,"column":null}},"line":84},"5":{"name":"(anonymous_5)","decl":{"start":{"line":107,"column":17},"end":{"line":107,"column":18}},"loc":{"start":{"line":107,"column":43},"end":{"line":107,"column":null}},"line":107}},"branchMap":{"0":{"loc":{"start":{"line":26,"column":6},"end":{"line":26,"column":null}},"type":"if","locations":[{"start":{"line":26,"column":6},"end":{"line":26,"column":null}},{"start":{},"end":{}}],"line":26},"1":{"loc":{"start":{"line":36,"column":2},"end":{"line":37,"column":null}},"type":"if","locations":[{"start":{"line":36,"column":2},"end":{"line":37,"column":null}},{"start":{},"end":{}}],"line":36},"2":{"loc":{"start":{"line":36,"column":6},"end":{"line":36,"column":null}},"type":"binary-expr","locations":[{"start":{"line":36,"column":6},"end":{"line":36,"column":14}},{"start":{"line":36,"column":14},"end":{"line":36,"column":null}}],"line":36},"3":{"loc":{"start":{"line":40,"column":2},"end":{"line":41,"column":null}},"type":"if","locations":[{"start":{"line":40,"column":2},"end":{"line":41,"column":null}},{"start":{},"end":{}}],"line":40},"4":{"loc":{"start":{"line":49,"column":19},"end":{"line":49,"column":null}},"type":"cond-expr","locations":[{"start":{"line":49,"column":34},"end":{"line":49,"column":49}},{"start":{"line":49,"column":49},"end":{"line":49,"column":null}}],"line":49},"5":{"loc":{"start":{"line":60,"column":2},"end":{"line":60,"column":null}},"type":"if","locations":[{"start":{"line":60,"column":2},"end":{"line":60,"column":null}},{"start":{},"end":{}}],"line":60},"6":{"loc":{"start":{"line":66,"column":4},"end":{"line":66,"column":null}},"type":"if","locations":[{"start":{"line":66,"column":4},"end":{"line":66,"column":null}},{"start":{},"end":{}}],"line":66},"7":{"loc":{"start":{"line":71,"column":4},"end":{"line":71,"column":null}},"type":"if","locations":[{"start":{"line":71,"column":4},"end":{"line":71,"column":null}},{"start":{},"end":{}}],"line":71},"8":{"loc":{"start":{"line":73,"column":4},"end":{"line":77,"column":null}},"type":"if","locations":[{"start":{"line":73,"column":4},"end":{"line":77,"column":null}},{"start":{"line":75,"column":11},"end":{"line":77,"column":null}}],"line":73},"9":{"loc":{"start":{"line":74,"column":34},"end":{"line":74,"column":null}},"type":"cond-expr","locations":[{"start":{"line":74,"column":43},"end":{"line":74,"column":62}},{"start":{"line":74,"column":62},"end":{"line":74,"column":null}}],"line":74},"10":{"loc":{"start":{"line":76,"column":34},"end":{"line":76,"column":null}},"type":"cond-expr","locations":[{"start":{"line":76,"column":43},"end":{"line":76,"column":62}},{"start":{"line":76,"column":62},"end":{"line":76,"column":null}}],"line":76},"11":{"loc":{"start":{"line":92,"column":6},"end":{"line":92,"column":null}},"type":"if","locations":[{"start":{"line":92,"column":6},"end":{"line":92,"column":null}},{"start":{},"end":{}}],"line":92},"12":{"loc":{"start":{"line":96,"column":8},"end":{"line":96,"column":null}},"type":"cond-expr","locations":[{"start":{"line":96,"column":67},"end":{"line":96,"column":73}},{"start":{"line":96,"column":73},"end":{"line":96,"column":null}}],"line":96},"13":{"loc":{"start":{"line":96,"column":8},"end":{"line":96,"column":67}},"type":"binary-expr","locations":[{"start":{"line":96,"column":8},"end":{"line":96,"column":38}},{"start":{"line":96,"column":38},"end":{"line":96,"column":67}}],"line":96},"14":{"loc":{"start":{"line":98,"column":6},"end":{"line":102,"column":null}},"type":"if","locations":[{"start":{"line":98,"column":6},"end":{"line":102,"column":null}},{"start":{"line":100,"column":13},"end":{"line":102,"column":null}}],"line":98},"15":{"loc":{"start":{"line":98,"column":10},"end":{"line":98,"column":63}},"type":"binary-expr","locations":[{"start":{"line":98,"column":10},"end":{"line":98,"column":35}},{"start":{"line":98,"column":35},"end":{"line":98,"column":63}}],"line":98},"16":{"loc":{"start":{"line":110,"column":4},"end":{"line":110,"column":null}},"type":"cond-expr","locations":[{"start":{"line":110,"column":46},"end":{"line":110,"column":52}},{"start":{"line":110,"column":52},"end":{"line":110,"column":null}}],"line":110}},"s":{"0":5,"1":5,"2":5,"3":5,"4":50,"5":50,"6":500,"7":500,"8":250,"9":5,"10":23,"11":1,"12":22,"13":22,"14":1,"15":21,"16":21,"17":210,"18":23,"19":23,"20":23,"21":42,"22":6,"23":36,"24":36,"25":272,"26":1,"27":271,"28":271,"29":271,"30":271,"31":0,"32":271,"33":135,"34":136,"35":6,"36":6,"37":6,"38":6,"39":60,"40":60,"41":600,"42":600,"43":549,"44":51,"45":51,"46":600,"47":25,"48":26,"49":6,"50":124,"51":6},"f":{"0":5,"1":23,"2":210,"3":42,"4":6,"5":124},"b":{"0":[250,250],"1":[1,22],"2":[23,22],"3":[1,21],"4":[19,2],"5":[6,36],"6":[1,271],"7":[0,271],"8":[135,136],"9":[2,133],"10":[1,135],"11":[549,51],"12":[2,49],"13":[51,50],"14":[25,26],"15":[600,27],"16":[4,2]},"meta":{"lastBranch":17,"lastFunction":6,"lastStatement":52,"seen":{"s:21:6:30:Infinity":0,"f:21:28:21:34":0,"s:22:14:22:Infinity":1,"s:23:2:28:Infinity":2,"s:23:15:23:18":3,"s:24:4:27:Infinity":4,"s:24:17:24:20":5,"s:25:18:25:Infinity":6,"b:26:6:26:Infinity:undefined:undefined:undefined:undefined":0,"s:26:6:26:Infinity":7,"s:26:21:26:Infinity":8,"s:29:2:29:Infinity":9,"f:35:16:35:25":1,"b:36:2:37:Infinity:undefined:undefined:undefined:undefined":1,"s:36:2:37:Infinity":10,"b:36:6:36:14:36:14:36:Infinity":2,"s:37:4:37:Infinity":11,"s:39:16:39:Infinity":12,"b:40:2:41:Infinity:undefined:undefined:undefined:undefined":3,"s:40:2:41:Infinity":13,"s:41:4:41:Infinity":14,"s:43:39:43:Infinity":15,"s:45:29:50:Infinity":16,"f:48:11:48:17":2,"s:48:17:48:59":17,"b:49:34:49:49:49:49:49:Infinity":4,"s:53:2:53:Infinity":18,"s:54:2:54:Infinity":19,"s:56:2:56:Infinity":20,"f:59:9:59:23":3,"b:60:2:60:Infinity:undefined:undefined:undefined:undefined":5,"s:60:2:60:Infinity":21,"s:60:27:60:Infinity":22,"s:63:17:63:Infinity":23,"s:65:2:78:Infinity":24,"b:66:4:66:Infinity:undefined:undefined:undefined:undefined":6,"s:66:4:66:Infinity":25,"s:66:12:66:Infinity":26,"s:67:19:67:Infinity":27,"s:68:16:68:Infinity":28,"s:69:19:69:Infinity":29,"b:71:4:71:Infinity:undefined:undefined:undefined:undefined":7,"s:71:4:71:Infinity":30,"s:71:17:71:Infinity":31,"b:73:4:77:Infinity:75:11:77:Infinity":8,"s:73:4:77:Infinity":32,"s:74:6:74:Infinity":33,"b:74:43:74:62:74:62:74:Infinity":9,"s:76:6:76:Infinity":34,"b:76:43:76:62:76:62:76:Infinity":10,"f:84:16:84:28":4,"s:85:26:85:Infinity":35,"s:86:26:86:Infinity":36,"s:89:2:104:Infinity":37,"s:89:15:89:18":38,"s:90:4:103:Infinity":39,"s:90:17:90:20":40,"s:91:20:91:Infinity":41,"b:92:6:92:Infinity:undefined:undefined:undefined:undefined":11,"s:92:6:92:Infinity":42,"s:92:32:92:Infinity":43,"s:94:18:94:Infinity":44,"s:96:8:96:Infinity":45,"b:96:67:96:73:96:73:96:Infinity":12,"b:96:8:96:38:96:38:96:67":13,"b:98:6:102:Infinity:100:13:102:Infinity":14,"s:98:6:102:Infinity":46,"b:98:10:98:35:98:35:98:63":15,"s:99:8:99:Infinity":47,"s:101:8:101:Infinity":48,"s:107:17:107:Infinity":49,"f:107:17:107:18":5,"s:107:43:107:Infinity":50,"s:109:2:113:Infinity":51,"b:110:46:110:52:110:52:110:Infinity":16}}}
,"C:\\heckteckdraughts\\PHASE3\\src\\utils\\opening-book.ts": {"path":"C:\\heckteckdraughts\\PHASE3\\src\\utils\\opening-book.ts","statementMap":{"0":{"start":{"line":24,"column":4},"end":{"line":24,"column":null}},"1":{"start":{"line":25,"column":4},"end":{"line":25,"column":null}},"2":{"start":{"line":26,"column":4},"end":{"line":26,"column":null}},"3":{"start":{"line":30,"column":4},"end":{"line":37,"column":null}},"4":{"start":{"line":30,"column":17},"end":{"line":30,"column":20}},"5":{"start":{"line":31,"column":6},"end":{"line":36,"column":null}},"6":{"start":{"line":31,"column":19},"end":{"line":31,"column":22}},"7":{"start":{"line":32,"column":20},"end":{"line":32,"column":null}},"8":{"start":{"line":33,"column":8},"end":{"line":35,"column":null}},"9":{"start":{"line":34,"column":10},"end":{"line":34,"column":null}},"10":{"start":{"line":41,"column":4},"end":{"line":41,"column":null}},"11":{"start":{"line":41,"column":26},"end":{"line":41,"column":null}},"12":{"start":{"line":43,"column":27},"end":{"line":47,"column":null}},"13":{"start":{"line":44,"column":22},"end":{"line":44,"column":null}},"14":{"start":{"line":45,"column":20},"end":{"line":45,"column":null}},"15":{"start":{"line":46,"column":6},"end":{"line":46,"column":null}},"16":{"start":{"line":49,"column":42},"end":{"line":49,"column":null}},"17":{"start":{"line":51,"column":4},"end":{"line":58,"column":null}},"18":{"start":{"line":52,"column":6},"end":{"line":57,"column":null}},"19":{"start":{"line":53,"column":25},"end":{"line":53,"column":null}},"20":{"start":{"line":54,"column":8},"end":{"line":56,"column":null}},"21":{"start":{"line":55,"column":10},"end":{"line":55,"column":null}},"22":{"start":{"line":60,"column":4},"end":{"line":60,"column":null}},"23":{"start":{"line":60,"column":37},"end":{"line":60,"column":null}},"24":{"start":{"line":63,"column":19},"end":{"line":67,"column":null}},"25":{"start":{"line":64,"column":18},"end":{"line":64,"column":null}},"26":{"start":{"line":64,"column":42},"end":{"line":64,"column":61}},"27":{"start":{"line":65,"column":18},"end":{"line":65,"column":null}},"28":{"start":{"line":65,"column":42},"end":{"line":65,"column":61}},"29":{"start":{"line":66,"column":6},"end":{"line":66,"column":null}},"30":{"start":{"line":70,"column":21},"end":{"line":70,"column":null}},"31":{"start":{"line":72,"column":4},"end":{"line":72,"column":null}},"32":{"start":{"line":76,"column":4},"end":{"line":76,"column":null}},"33":{"start":{"line":76,"column":54},"end":{"line":76,"column":null}},"34":{"start":{"line":79,"column":4},"end":{"line":86,"column":null}},"35":{"start":{"line":79,"column":17},"end":{"line":79,"column":20}},"36":{"start":{"line":80,"column":21},"end":{"line":80,"column":null}},"37":{"start":{"line":81,"column":24},"end":{"line":81,"column":null}},"38":{"start":{"line":82,"column":22},"end":{"line":82,"column":null}},"39":{"start":{"line":83,"column":23},"end":{"line":83,"column":null}},"40":{"start":{"line":85,"column":6},"end":{"line":85,"column":null}},"41":{"start":{"line":85,"column":42},"end":{"line":85,"column":null}},"42":{"start":{"line":88,"column":4},"end":{"line":88,"column":null}},"43":{"start":{"line":92,"column":20},"end":{"line":92,"column":null}},"44":{"start":{"line":93,"column":18},"end":{"line":93,"column":null}},"45":{"start":{"line":95,"column":22},"end":{"line":95,"column":null}},"46":{"start":{"line":96,"column":20},"end":{"line":96,"column":null}},"47":{"start":{"line":98,"column":4},"end":{"line":100,"column":null}},"48":{"start":{"line":99,"column":6},"end":{"line":99,"column":null}},"49":{"start":{"line":102,"column":4},"end":{"line":106,"column":null}}},"fnMap":{"0":{"name":"(anonymous_0)","decl":{"start":{"line":23,"column":2},"end":{"line":23,"column":16}},"loc":{"start":{"line":23,"column":16},"end":{"line":27,"column":null}},"line":23},"1":{"name":"(anonymous_1)","decl":{"start":{"line":29,"column":10},"end":{"line":29,"column":30}},"loc":{"start":{"line":29,"column":30},"end":{"line":38,"column":null}},"line":29},"2":{"name":"(anonymous_2)","decl":{"start":{"line":40,"column":9},"end":{"line":40,"column":18}},"loc":{"start":{"line":40,"column":55},"end":{"line":73,"column":null}},"line":40},"3":{"name":"(anonymous_3)","decl":{"start":{"line":43,"column":39},"end":{"line":43,"column":44}},"loc":{"start":{"line":43,"column":44},"end":{"line":47,"column":5}},"line":43},"4":{"name":"(anonymous_4)","decl":{"start":{"line":63,"column":39},"end":{"line":63,"column":40}},"loc":{"start":{"line":63,"column":49},"end":{"line":67,"column":5}},"line":63},"5":{"name":"(anonymous_5)","decl":{"start":{"line":64,"column":37},"end":{"line":64,"column":42}},"loc":{"start":{"line":64,"column":42},"end":{"line":64,"column":61}},"line":64},"6":{"name":"(anonymous_6)","decl":{"start":{"line":65,"column":37},"end":{"line":65,"column":42}},"loc":{"start":{"line":65,"column":42},"end":{"line":65,"column":61}},"line":65},"7":{"name":"(anonymous_7)","decl":{"start":{"line":75,"column":10},"end":{"line":75,"column":25}},"loc":{"start":{"line":75,"column":89},"end":{"line":89,"column":null}},"line":75},"8":{"name":"(anonymous_8)","decl":{"start":{"line":91,"column":10},"end":{"line":91,"column":31}},"loc":{"start":{"line":91,"column":58},"end":{"line":107,"column":null}},"line":91}},"branchMap":{"0":{"loc":{"start":{"line":33,"column":8},"end":{"line":35,"column":null}},"type":"if","locations":[{"start":{"line":33,"column":8},"end":{"line":35,"column":null}},{"start":{},"end":{}}],"line":33},"1":{"loc":{"start":{"line":41,"column":4},"end":{"line":41,"column":null}},"type":"if","locations":[{"start":{"line":41,"column":4},"end":{"line":41,"column":null}},{"start":{},"end":{}}],"line":41},"2":{"loc":{"start":{"line":52,"column":6},"end":{"line":57,"column":null}},"type":"if","locations":[{"start":{"line":52,"column":6},"end":{"line":57,"column":null}},{"start":{},"end":{}}],"line":52},"3":{"loc":{"start":{"line":54,"column":8},"end":{"line":56,"column":null}},"type":"if","locations":[{"start":{"line":54,"column":8},"end":{"line":56,"column":null}},{"start":{},"end":{}}],"line":54},"4":{"loc":{"start":{"line":60,"column":4},"end":{"line":60,"column":null}},"type":"if","locations":[{"start":{"line":60,"column":4},"end":{"line":60,"column":null}},{"start":{},"end":{}}],"line":60},"5":{"loc":{"start":{"line":66,"column":14},"end":{"line":66,"column":41}},"type":"binary-expr","locations":[{"start":{"line":66,"column":14},"end":{"line":66,"column":35}},{"start":{"line":66,"column":35},"end":{"line":66,"column":41}}],"line":66},"6":{"loc":{"start":{"line":66,"column":41},"end":{"line":66,"column":null}},"type":"binary-expr","locations":[{"start":{"line":66,"column":41},"end":{"line":66,"column":62}},{"start":{"line":66,"column":62},"end":{"line":66,"column":null}}],"line":66},"7":{"loc":{"start":{"line":76,"column":4},"end":{"line":76,"column":null}},"type":"if","locations":[{"start":{"line":76,"column":4},"end":{"line":76,"column":null}},{"start":{},"end":{}}],"line":76},"8":{"loc":{"start":{"line":85,"column":6},"end":{"line":85,"column":null}},"type":"if","locations":[{"start":{"line":85,"column":6},"end":{"line":85,"column":null}},{"start":{},"end":{}}],"line":85},"9":{"loc":{"start":{"line":98,"column":4},"end":{"line":100,"column":null}},"type":"if","locations":[{"start":{"line":98,"column":4},"end":{"line":100,"column":null}},{"start":{},"end":{}}],"line":98},"10":{"loc":{"start":{"line":98,"column":8},"end":{"line":98,"column":32}},"type":"binary-expr","locations":[{"start":{"line":98,"column":8},"end":{"line":98,"column":22}},{"start":{"line":98,"column":22},"end":{"line":98,"column":32}}],"line":98}},"s":{"0":6,"1":6,"2":6,"3":6,"4":6,"5":60,"6":60,"7":600,"8":600,"9":300,"10":6,"11":2,"12":4,"13":2,"14":2,"15":2,"16":4,"17":4,"18":60,"19":31,"20":31,"21":31,"22":4,"23":1,"24":3,"25":58,"26":628,"27":58,"28":428,"29":58,"30":3,"31":3,"32":60,"33":0,"34":60,"35":60,"36":30,"37":30,"38":30,"39":30,"40":30,"41":29,"42":31,"43":3,"44":3,"45":3,"46":3,"47":3,"48":0,"49":3},"f":{"0":6,"1":6,"2":6,"3":2,"4":58,"5":628,"6":428,"7":60,"8":3},"b":{"0":[300,300],"1":[2,4],"2":[31,29],"3":[31,0],"4":[1,3],"5":[58,0],"6":[58,0],"7":[0,60],"8":[29,1],"9":[0,3],"10":[3,3]},"meta":{"lastBranch":11,"lastFunction":9,"lastStatement":50,"seen":{"f:23:2:23:16":0,"s:24:4:24:Infinity":0,"s:25:4:25:Infinity":1,"s:26:4:26:Infinity":2,"f:29:10:29:30":1,"s:30:4:37:Infinity":3,"s:30:17:30:20":4,"s:31:6:36:Infinity":5,"s:31:19:31:22":6,"s:32:20:32:Infinity":7,"b:33:8:35:Infinity:undefined:undefined:undefined:undefined":0,"s:33:8:35:Infinity":8,"s:34:10:34:Infinity":9,"f:40:9:40:18":2,"b:41:4:41:Infinity:undefined:undefined:undefined:undefined":1,"s:41:4:41:Infinity":10,"s:41:26:41:Infinity":11,"s:43:27:47:Infinity":12,"f:43:39:43:44":3,"s:44:22:44:Infinity":13,"s:45:20:45:Infinity":14,"s:46:6:46:Infinity":15,"s:49:42:49:Infinity":16,"s:51:4:58:Infinity":17,"b:52:6:57:Infinity:undefined:undefined:undefined:undefined":2,"s:52:6:57:Infinity":18,"s:53:25:53:Infinity":19,"b:54:8:56:Infinity:undefined:undefined:undefined:undefined":3,"s:54:8:56:Infinity":20,"s:55:10:55:Infinity":21,"b:60:4:60:Infinity:undefined:undefined:undefined:undefined":4,"s:60:4:60:Infinity":22,"s:60:37:60:Infinity":23,"s:63:19:67:Infinity":24,"f:63:39:63:40":4,"s:64:18:64:Infinity":25,"f:64:37:64:42":5,"s:64:42:64:61":26,"s:65:18:65:Infinity":27,"f:65:37:65:42":6,"s:65:42:65:61":28,"s:66:6:66:Infinity":29,"b:66:14:66:35:66:35:66:41":5,"b:66:41:66:62:66:62:66:Infinity":6,"s:70:21:70:Infinity":30,"s:72:4:72:Infinity":31,"f:75:10:75:25":7,"b:76:4:76:Infinity:undefined:undefined:undefined:undefined":7,"s:76:4:76:Infinity":32,"s:76:54:76:Infinity":33,"s:79:4:86:Infinity":34,"s:79:17:79:20":35,"s:80:21:80:Infinity":36,"s:81:24:81:Infinity":37,"s:82:22:82:Infinity":38,"s:83:23:83:Infinity":39,"b:85:6:85:Infinity:undefined:undefined:undefined:undefined":8,"s:85:6:85:Infinity":40,"s:85:42:85:Infinity":41,"s:88:4:88:Infinity":42,"f:91:10:91:31":8,"s:92:20:92:Infinity":43,"s:93:18:93:Infinity":44,"s:95:22:95:Infinity":45,"s:96:20:96:Infinity":46,"b:98:4:100:Infinity:undefined:undefined:undefined:undefined":9,"s:98:4:100:Infinity":47,"b:98:8:98:22:98:22:98:32":10,"s:99:6:99:Infinity":48,"s:102:4:106:Infinity":49}}}
}
