{"C:\\heckteckdraughts\\PHASE3\\src\\engine\\constants.ts": {"path":"C:\\heckteckdraughts\\PHASE3\\src\\engine\\constants.ts","statementMap":{"0":{"start":{"line":6,"column":26},"end":{"line":6,"column":null}},"1":{"start":{"line":8,"column":7},"end":{"line":8,"column":null}},"2":{"start":{"line":9,"column":2},"end":{"line":9,"column":9}},"3":{"start":{"line":10,"column":2},"end":{"line":10,"column":10}},"4":{"start":{"line":11,"column":2},"end":{"line":11,"column":10}},"5":{"start":{"line":12,"column":2},"end":{"line":12,"column":15}},"6":{"start":{"line":13,"column":2},"end":{"line":13,"column":15}},"7":{"start":{"line":8,"column":12},"end":{"line":8,"column":null}},"8":{"start":{"line":16,"column":7},"end":{"line":16,"column":null}},"9":{"start":{"line":17,"column":2},"end":{"line":17,"column":10}},"10":{"start":{"line":18,"column":2},"end":{"line":18,"column":10}},"11":{"start":{"line":16,"column":12},"end":{"line":16,"column":null}},"12":{"start":{"line":23,"column":54},"end":{"line":28,"column":null}},"13":{"start":{"line":34,"column":2},"end":{"line":34,"column":null}},"14":{"start":{"line":40,"column":13},"end":{"line":52,"column":null}},"15":{"start":{"line":41,"column":18},"end":{"line":41,"column":null}},"16":{"start":{"line":42,"column":14},"end":{"line":42,"column":null}},"17":{"start":{"line":43,"column":2},"end":{"line":50,"column":null}},"18":{"start":{"line":43,"column":17},"end":{"line":43,"column":20}},"19":{"start":{"line":45,"column":4},"end":{"line":49,"column":null}},"20":{"start":{"line":45,"column":19},"end":{"line":45,"column":35}},"21":{"start":{"line":46,"column":6},"end":{"line":48,"column":null}},"22":{"start":{"line":47,"column":8},"end":{"line":47,"column":null}},"23":{"start":{"line":51,"column":2},"end":{"line":51,"column":null}},"24":{"start":{"line":59,"column":26},"end":{"line":74,"column":null}}},"fnMap":{"0":{"name":"(anonymous_0)","decl":{"start":{"line":8,"column":7},"end":{"line":8,"column":12}},"loc":{"start":{"line":8,"column":7},"end":{"line":8,"column":null}},"line":8},"1":{"name":"(anonymous_1)","decl":{"start":{"line":16,"column":7},"end":{"line":16,"column":12}},"loc":{"start":{"line":16,"column":7},"end":{"line":16,"column":null}},"line":16},"2":{"name":"isDarkSquare","decl":{"start":{"line":33,"column":16},"end":{"line":33,"column":29}},"loc":{"start":{"line":33,"column":64},"end":{"line":35,"column":null}},"line":33},"3":{"name":"(anonymous_3)","decl":{"start":{"line":40,"column":43},"end":{"line":40,"column":55}},"loc":{"start":{"line":40,"column":55},"end":{"line":52,"column":3}},"line":40}},"branchMap":{"0":{"loc":{"start":{"line":8,"column":12},"end":{"line":8,"column":null}},"type":"binary-expr","locations":[{"start":{"line":8,"column":12},"end":{"line":8,"column":null}},{"start":{"line":8,"column":12},"end":{"line":8,"column":null}}],"line":8},"1":{"loc":{"start":{"line":16,"column":12},"end":{"line":16,"column":null}},"type":"binary-expr","locations":[{"start":{"line":16,"column":12},"end":{"line":16,"column":null}},{"start":{"line":16,"column":12},"end":{"line":16,"column":null}}],"line":16},"2":{"loc":{"start":{"line":46,"column":6},"end":{"line":48,"column":null}},"type":"if","locations":[{"start":{"line":46,"column":6},"end":{"line":48,"column":null}},{"start":{},"end":{}}],"line":46}},"s":{"0":5,"1":5,"2":5,"3":5,"4":5,"5":5,"6":5,"7":5,"8":5,"9":5,"10":5,"11":5,"12":5,"13":1002,"14":5,"15":5,"16":5,"17":5,"18":5,"19":50,"20":50,"21":500,"22":250,"23":5,"24":5},"f":{"0":5,"1":5,"2":1002,"3":5},"b":{"0":[5,5],"1":[5,5],"2":[250,250]},"meta":{"lastBranch":3,"lastFunction":4,"lastStatement":25,"seen":{"s:6:26:6:Infinity":0,"s:8:7:8:Infinity":1,"f:8:7:8:12":0,"s:9:2:9:9":2,"s:10:2:10:10":3,"s:11:2:11:10":4,"s:12:2:12:15":5,"s:13:2:13:15":6,"s:8:12:8:Infinity":7,"b:8:12:8:Infinity:8:12:8:Infinity":0,"s:16:7:16:Infinity":8,"f:16:7:16:12":1,"s:17:2:17:10":9,"s:18:2:18:10":10,"s:16:12:16:Infinity":11,"b:16:12:16:Infinity:16:12:16:Infinity":1,"s:23:54:28:Infinity":12,"f:33:16:33:29":2,"s:34:2:34:Infinity":13,"s:40:13:52:Infinity":14,"f:40:43:40:55":3,"s:41:18:41:Infinity":15,"s:42:14:42:Infinity":16,"s:43:2:50:Infinity":17,"s:43:17:43:20":18,"s:45:4:49:Infinity":19,"s:45:19:45:35":20,"b:46:6:48:Infinity:undefined:undefined:undefined:undefined":2,"s:46:6:48:Infinity":21,"s:47:8:47:Infinity":22,"s:51:2:51:Infinity":23,"s:59:26:74:Infinity":24}}}
,"C:\\heckteckdraughts\\PHASE3\\src\\engine\\game.ts": {"path":"C:\\heckteckdraughts\\PHASE3\\src\\engine\\game.ts","statementMap":{"0":{"start":{"line":30,"column":4},"end":{"line":30,"column":null}},"1":{"start":{"line":31,"column":4},"end":{"line":31,"column":null}},"2":{"start":{"line":32,"column":4},"end":{"line":32,"column":null}},"3":{"start":{"line":33,"column":4},"end":{"line":33,"column":null}},"4":{"start":{"line":34,"column":4},"end":{"line":34,"column":null}},"5":{"start":{"line":35,"column":4},"end":{"line":35,"column":null}},"6":{"start":{"line":37,"column":4},"end":{"line":37,"column":null}},"7":{"start":{"line":41,"column":4},"end":{"line":43,"column":null}},"8":{"start":{"line":43,"column":17},"end":{"line":43,"column":59}},"9":{"start":{"line":45,"column":4},"end":{"line":45,"column":null}},"10":{"start":{"line":46,"column":4},"end":{"line":46,"column":null}},"11":{"start":{"line":47,"column":4},"end":{"line":47,"column":null}},"12":{"start":{"line":48,"column":4},"end":{"line":48,"column":null}},"13":{"start":{"line":49,"column":4},"end":{"line":49,"column":null}},"14":{"start":{"line":51,"column":4},"end":{"line":51,"column":null}},"15":{"start":{"line":55,"column":4},"end":{"line":62,"column":null}},"16":{"start":{"line":55,"column":17},"end":{"line":55,"column":20}},"17":{"start":{"line":56,"column":6},"end":{"line":61,"column":null}},"18":{"start":{"line":56,"column":19},"end":{"line":56,"column":22}},"19":{"start":{"line":57,"column":8},"end":{"line":60,"column":null}},"20":{"start":{"line":58,"column":10},"end":{"line":59,"column":null}},"21":{"start":{"line":58,"column":21},"end":{"line":58,"column":null}},"22":{"start":{"line":58,"column":47},"end":{"line":59,"column":null}},"23":{"start":{"line":59,"column":26},"end":{"line":59,"column":null}},"24":{"start":{"line":63,"column":4},"end":{"line":63,"column":null}},"25":{"start":{"line":67,"column":30},"end":{"line":67,"column":null}},"26":{"start":{"line":68,"column":4},"end":{"line":81,"column":null}},"27":{"start":{"line":69,"column":28},"end":{"line":71,"column":null}},"28":{"start":{"line":70,"column":40},"end":{"line":70,"column":57}},"29":{"start":{"line":73,"column":24},"end":{"line":73,"column":null}},"30":{"start":{"line":75,"column":6},"end":{"line":80,"column":null}},"31":{"start":{"line":76,"column":8},"end":{"line":78,"column":null}},"32":{"start":{"line":79,"column":8},"end":{"line":79,"column":null}},"33":{"start":{"line":83,"column":18},"end":{"line":83,"column":null}},"34":{"start":{"line":84,"column":27},"end":{"line":84,"column":null}},"35":{"start":{"line":84,"column":52},"end":{"line":84,"column":70}},"36":{"start":{"line":86,"column":4},"end":{"line":86,"column":null}},"37":{"start":{"line":87,"column":4},"end":{"line":87,"column":null}},"38":{"start":{"line":89,"column":4},"end":{"line":96,"column":null}},"39":{"start":{"line":90,"column":6},"end":{"line":92,"column":null}},"40":{"start":{"line":91,"column":8},"end":{"line":91,"column":null}},"41":{"start":{"line":93,"column":6},"end":{"line":93,"column":null}},"42":{"start":{"line":95,"column":6},"end":{"line":95,"column":null}},"43":{"start":{"line":98,"column":4},"end":{"line":101,"column":null}},"44":{"start":{"line":99,"column":6},"end":{"line":100,"column":null}},"45":{"start":{"line":103,"column":4},"end":{"line":107,"column":null}},"46":{"start":{"line":109,"column":4},"end":{"line":110,"column":null}},"47":{"start":{"line":112,"column":4},"end":{"line":112,"column":null}},"48":{"start":{"line":113,"column":4},"end":{"line":113,"column":null}},"49":{"start":{"line":114,"column":4},"end":{"line":114,"column":null}},"50":{"start":{"line":118,"column":30},"end":{"line":118,"column":null}},"51":{"start":{"line":119,"column":4},"end":{"line":130,"column":null}},"52":{"start":{"line":119,"column":17},"end":{"line":119,"column":20}},"53":{"start":{"line":120,"column":6},"end":{"line":129,"column":null}},"54":{"start":{"line":120,"column":19},"end":{"line":120,"column":22}},"55":{"start":{"line":121,"column":8},"end":{"line":128,"column":null}},"56":{"start":{"line":122,"column":28},"end":{"line":126,"column":null}},"57":{"start":{"line":127,"column":10},"end":{"line":127,"column":null}},"58":{"start":{"line":131,"column":4},"end":{"line":131,"column":null}},"59":{"start":{"line":135,"column":21},"end":{"line":135,"column":null}},"60":{"start":{"line":136,"column":4},"end":{"line":139,"column":null}},"61":{"start":{"line":137,"column":21},"end":{"line":137,"column":null}},"62":{"start":{"line":137,"column":53},"end":{"line":137,"column":70}},"63":{"start":{"line":138,"column":6},"end":{"line":138,"column":null}},"64":{"start":{"line":138,"column":36},"end":{"line":138,"column":64}},"65":{"start":{"line":141,"column":32},"end":{"line":141,"column":null}},"66":{"start":{"line":142,"column":4},"end":{"line":148,"column":null}},"67":{"start":{"line":142,"column":17},"end":{"line":142,"column":20}},"68":{"start":{"line":143,"column":6},"end":{"line":147,"column":null}},"69":{"start":{"line":143,"column":19},"end":{"line":143,"column":22}},"70":{"start":{"line":144,"column":8},"end":{"line":146,"column":null}},"71":{"start":{"line":145,"column":10},"end":{"line":145,"column":null}},"72":{"start":{"line":149,"column":4},"end":{"line":149,"column":null}},"73":{"start":{"line":153,"column":18},"end":{"line":153,"column":null}},"74":{"start":{"line":154,"column":19},"end":{"line":154,"column":null}},"75":{"start":{"line":156,"column":17},"end":{"line":160,"column":null}},"76":{"start":{"line":162,"column":4},"end":{"line":182,"column":null}},"77":{"start":{"line":163,"column":15},"end":{"line":163,"column":null}},"78":{"start":{"line":164,"column":13},"end":{"line":164,"column":null}},"79":{"start":{"line":166,"column":6},"end":{"line":181,"column":null}},"80":{"start":{"line":167,"column":8},"end":{"line":174,"column":null}},"81":{"start":{"line":171,"column":10},"end":{"line":171,"column":null}},"82":{"start":{"line":172,"column":10},"end":{"line":172,"column":null}},"83":{"start":{"line":173,"column":10},"end":{"line":173,"column":null}},"84":{"start":{"line":175,"column":6},"end":{"line":181,"column":null}},"85":{"start":{"line":180,"column":8},"end":{"line":180,"column":null}},"86":{"start":{"line":186,"column":18},"end":{"line":186,"column":null}},"87":{"start":{"line":187,"column":4},"end":{"line":193,"column":null}},"88":{"start":{"line":188,"column":6},"end":{"line":191,"column":null}},"89":{"start":{"line":192,"column":6},"end":{"line":192,"column":null}},"90":{"start":{"line":195,"column":23},"end":{"line":195,"column":null}},"91":{"start":{"line":196,"column":4},"end":{"line":196,"column":null}},"92":{"start":{"line":196,"column":20},"end":{"line":196,"column":null}},"93":{"start":{"line":200,"column":4},"end":{"line":200,"column":null}},"94":{"start":{"line":204,"column":4},"end":{"line":204,"column":null}},"95":{"start":{"line":208,"column":4},"end":{"line":208,"column":null}},"96":{"start":{"line":212,"column":4},"end":{"line":212,"column":null}},"97":{"start":{"line":216,"column":4},"end":{"line":218,"column":null}}},"fnMap":{"0":{"name":"(anonymous_0)","decl":{"start":{"line":29,"column":2},"end":{"line":29,"column":16}},"loc":{"start":{"line":29,"column":16},"end":{"line":38,"column":null}},"line":29},"1":{"name":"(anonymous_1)","decl":{"start":{"line":40,"column":2},"end":{"line":40,"column":10}},"loc":{"start":{"line":40,"column":10},"end":{"line":52,"column":null}},"line":40},"2":{"name":"(anonymous_2)","decl":{"start":{"line":43,"column":11},"end":{"line":43,"column":17}},"loc":{"start":{"line":43,"column":17},"end":{"line":43,"column":59}},"line":43},"3":{"name":"(anonymous_3)","decl":{"start":{"line":54,"column":2},"end":{"line":54,"column":25}},"loc":{"start":{"line":54,"column":25},"end":{"line":64,"column":null}},"line":54},"4":{"name":"(anonymous_4)","decl":{"start":{"line":66,"column":2},"end":{"line":66,"column":11}},"loc":{"start":{"line":66,"column":32},"end":{"line":115,"column":null}},"line":66},"5":{"name":"(anonymous_5)","decl":{"start":{"line":70,"column":33},"end":{"line":70,"column":34}},"loc":{"start":{"line":70,"column":40},"end":{"line":70,"column":57}},"line":70},"6":{"name":"(anonymous_6)","decl":{"start":{"line":84,"column":43},"end":{"line":84,"column":44}},"loc":{"start":{"line":84,"column":52},"end":{"line":84,"column":70}},"line":84},"7":{"name":"(anonymous_7)","decl":{"start":{"line":117,"column":2},"end":{"line":117,"column":33}},"loc":{"start":{"line":117,"column":33},"end":{"line":132,"column":null}},"line":117},"8":{"name":"(anonymous_8)","decl":{"start":{"line":134,"column":2},"end":{"line":134,"column":26}},"loc":{"start":{"line":134,"column":26},"end":{"line":150,"column":null}},"line":134},"9":{"name":"(anonymous_9)","decl":{"start":{"line":137,"column":46},"end":{"line":137,"column":47}},"loc":{"start":{"line":137,"column":53},"end":{"line":137,"column":70}},"line":137},"10":{"name":"(anonymous_10)","decl":{"start":{"line":138,"column":29},"end":{"line":138,"column":30}},"loc":{"start":{"line":138,"column":36},"end":{"line":138,"column":64}},"line":138},"11":{"name":"(anonymous_11)","decl":{"start":{"line":152,"column":2},"end":{"line":152,"column":18}},"loc":{"start":{"line":152,"column":55},"end":{"line":183,"column":null}},"line":152},"12":{"name":"(anonymous_12)","decl":{"start":{"line":185,"column":2},"end":{"line":185,"column":20}},"loc":{"start":{"line":185,"column":20},"end":{"line":197,"column":null}},"line":185},"13":{"name":"(anonymous_13)","decl":{"start":{"line":199,"column":2},"end":{"line":199,"column":19}},"loc":{"start":{"line":199,"column":19},"end":{"line":201,"column":null}},"line":199},"14":{"name":"(anonymous_14)","decl":{"start":{"line":203,"column":2},"end":{"line":203,"column":25}},"loc":{"start":{"line":203,"column":25},"end":{"line":205,"column":null}},"line":203},"15":{"name":"(anonymous_15)","decl":{"start":{"line":207,"column":2},"end":{"line":207,"column":25}},"loc":{"start":{"line":207,"column":48},"end":{"line":209,"column":null}},"line":207},"16":{"name":"(anonymous_16)","decl":{"start":{"line":211,"column":2},"end":{"line":211,"column":11}},"loc":{"start":{"line":211,"column":40},"end":{"line":213,"column":null}},"line":211},"17":{"name":"(anonymous_17)","decl":{"start":{"line":215,"column":2},"end":{"line":215,"column":16}},"loc":{"start":{"line":215,"column":52},"end":{"line":220,"column":null}},"line":215}},"branchMap":{"0":{"loc":{"start":{"line":57,"column":8},"end":{"line":60,"column":null}},"type":"if","locations":[{"start":{"line":57,"column":8},"end":{"line":60,"column":null}},{"start":{},"end":{}}],"line":57},"1":{"loc":{"start":{"line":58,"column":10},"end":{"line":59,"column":null}},"type":"if","locations":[{"start":{"line":58,"column":10},"end":{"line":59,"column":null}},{"start":{"line":58,"column":47},"end":{"line":59,"column":null}}],"line":58},"2":{"loc":{"start":{"line":58,"column":47},"end":{"line":59,"column":null}},"type":"if","locations":[{"start":{"line":58,"column":47},"end":{"line":59,"column":null}},{"start":{},"end":{}}],"line":58},"3":{"loc":{"start":{"line":68,"column":4},"end":{"line":81,"column":null}},"type":"if","locations":[{"start":{"line":68,"column":4},"end":{"line":81,"column":null}},{"start":{},"end":{}}],"line":68},"4":{"loc":{"start":{"line":73,"column":24},"end":{"line":73,"column":null}},"type":"binary-expr","locations":[{"start":{"line":73,"column":24},"end":{"line":73,"column":41}},{"start":{"line":73,"column":41},"end":{"line":73,"column":null}}],"line":73},"5":{"loc":{"start":{"line":75,"column":6},"end":{"line":80,"column":null}},"type":"if","locations":[{"start":{"line":75,"column":6},"end":{"line":80,"column":null}},{"start":{},"end":{}}],"line":75},"6":{"loc":{"start":{"line":75,"column":10},"end":{"line":75,"column":62}},"type":"binary-expr","locations":[{"start":{"line":75,"column":10},"end":{"line":75,"column":24}},{"start":{"line":75,"column":24},"end":{"line":75,"column":62}}],"line":75},"7":{"loc":{"start":{"line":89,"column":4},"end":{"line":96,"column":null}},"type":"if","locations":[{"start":{"line":89,"column":4},"end":{"line":96,"column":null}},{"start":{"line":94,"column":11},"end":{"line":96,"column":null}}],"line":89},"8":{"loc":{"start":{"line":89,"column":8},"end":{"line":89,"column":51}},"type":"binary-expr","locations":[{"start":{"line":89,"column":8},"end":{"line":89,"column":25}},{"start":{"line":89,"column":25},"end":{"line":89,"column":51}}],"line":89},"9":{"loc":{"start":{"line":98,"column":4},"end":{"line":101,"column":null}},"type":"if","locations":[{"start":{"line":98,"column":4},"end":{"line":101,"column":null}},{"start":{},"end":{}}],"line":98},"10":{"loc":{"start":{"line":100,"column":8},"end":{"line":100,"column":null}},"type":"cond-expr","locations":[{"start":{"line":100,"column":32},"end":{"line":100,"column":51}},{"start":{"line":100,"column":51},"end":{"line":100,"column":null}}],"line":100},"11":{"loc":{"start":{"line":110,"column":6},"end":{"line":110,"column":null}},"type":"cond-expr","locations":[{"start":{"line":110,"column":44},"end":{"line":110,"column":59}},{"start":{"line":110,"column":59},"end":{"line":110,"column":null}}],"line":110},"12":{"loc":{"start":{"line":121,"column":8},"end":{"line":128,"column":null}},"type":"if","locations":[{"start":{"line":121,"column":8},"end":{"line":128,"column":null}},{"start":{},"end":{}}],"line":121},"13":{"loc":{"start":{"line":136,"column":4},"end":{"line":139,"column":null}},"type":"if","locations":[{"start":{"line":136,"column":4},"end":{"line":139,"column":null}},{"start":{},"end":{}}],"line":136},"14":{"loc":{"start":{"line":144,"column":8},"end":{"line":146,"column":null}},"type":"if","locations":[{"start":{"line":144,"column":8},"end":{"line":146,"column":null}},{"start":{},"end":{}}],"line":144},"15":{"loc":{"start":{"line":154,"column":19},"end":{"line":154,"column":null}},"type":"binary-expr","locations":[{"start":{"line":154,"column":19},"end":{"line":154,"column":49}},{"start":{"line":154,"column":49},"end":{"line":154,"column":null}}],"line":154},"16":{"loc":{"start":{"line":156,"column":17},"end":{"line":160,"column":null}},"type":"cond-expr","locations":[{"start":{"line":157,"column":8},"end":{"line":157,"column":null}},{"start":{"line":158,"column":8},"end":{"line":160,"column":null}}],"line":156},"17":{"loc":{"start":{"line":158,"column":8},"end":{"line":160,"column":null}},"type":"cond-expr","locations":[{"start":{"line":159,"column":8},"end":{"line":159,"column":null}},{"start":{"line":160,"column":8},"end":{"line":160,"column":null}}],"line":158},"18":{"loc":{"start":{"line":166,"column":6},"end":{"line":181,"column":null}},"type":"if","locations":[{"start":{"line":166,"column":6},"end":{"line":181,"column":null}},{"start":{"line":175,"column":6},"end":{"line":181,"column":null}}],"line":166},"19":{"loc":{"start":{"line":167,"column":8},"end":{"line":169,"column":null}},"type":"binary-expr","locations":[{"start":{"line":167,"column":8},"end":{"line":168,"column":null}},{"start":{"line":169,"column":10},"end":{"line":169,"column":null}}],"line":167},"20":{"loc":{"start":{"line":175,"column":6},"end":{"line":181,"column":null}},"type":"if","locations":[{"start":{"line":175,"column":6},"end":{"line":181,"column":null}},{"start":{},"end":{}}],"line":175},"21":{"loc":{"start":{"line":175,"column":6},"end":{"line":178,"column":null}},"type":"binary-expr","locations":[{"start":{"line":175,"column":6},"end":{"line":177,"column":null}},{"start":{"line":178,"column":8},"end":{"line":178,"column":null}}],"line":175},"22":{"loc":{"start":{"line":187,"column":4},"end":{"line":193,"column":null}},"type":"if","locations":[{"start":{"line":187,"column":4},"end":{"line":193,"column":null}},{"start":{},"end":{}}],"line":187},"23":{"loc":{"start":{"line":189,"column":8},"end":{"line":191,"column":null}},"type":"cond-expr","locations":[{"start":{"line":190,"column":12},"end":{"line":190,"column":null}},{"start":{"line":191,"column":12},"end":{"line":191,"column":null}}],"line":189},"24":{"loc":{"start":{"line":196,"column":4},"end":{"line":196,"column":null}},"type":"if","locations":[{"start":{"line":196,"column":4},"end":{"line":196,"column":null}},{"start":{},"end":{}}],"line":196},"25":{"loc":{"start":{"line":217,"column":7},"end":{"line":218,"column":null}},"type":"binary-expr","locations":[{"start":{"line":217,"column":7},"end":{"line":217,"column":32}},{"start":{"line":217,"column":32},"end":{"line":217,"column":null}},{"start":{"line":218,"column":7},"end":{"line":218,"column":32}},{"start":{"line":218,"column":32},"end":{"line":218,"column":null}}],"line":217}},"s":{"0":5,"1":5,"2":5,"3":5,"4":5,"5":5,"6":5,"7":5,"8":50,"9":5,"10":5,"11":5,"12":5,"13":5,"14":5,"15":5,"16":5,"17":50,"18":50,"19":500,"20":250,"21":100,"22":150,"23":100,"24":5,"25":15,"26":15,"27":2,"28":4,"29":2,"30":2,"31":1,"32":1,"33":14,"34":14,"35":140,"36":14,"37":14,"38":14,"39":1,"40":2,"41":1,"42":13,"43":14,"44":0,"45":14,"46":14,"47":15,"48":15,"49":15,"50":30,"51":30,"52":30,"53":300,"54":300,"55":3000,"56":523,"57":523,"58":30,"59":15,"60":15,"61":0,"62":0,"63":0,"64":0,"65":15,"66":15,"67":15,"68":150,"69":150,"70":1500,"71":261,"72":15,"73":261,"74":261,"75":261,"76":261,"77":522,"78":522,"79":522,"80":0,"81":0,"82":0,"83":0,"84":522,"85":125,"86":15,"87":15,"88":1,"89":1,"90":14,"91":14,"92":5,"93":19,"94":33,"95":4500,"96":450,"97":14},"f":{"0":5,"1":5,"2":50,"3":5,"4":15,"5":4,"6":140,"7":30,"8":15,"9":0,"10":0,"11":261,"12":15,"13":19,"14":33,"15":4500,"16":450,"17":14},"b":{"0":[250,250],"1":[100,150],"2":[100,50],"3":[2,13],"4":[2,2],"5":[1,1],"6":[2,2],"7":[1,13],"8":[14,14],"9":[0,14],"10":[0,0],"11":[8,6],"12":[523,2477],"13":[0,15],"14":[261,1239],"15":[261,261],"16":[0,261],"17":[120,141],"18":[0,522],"19":[0,0],"20":[125,397],"21":[522,464],"22":[1,14],"23":[1,0],"24":[5,9],"25":[14,8,14,6]},"meta":{"lastBranch":26,"lastFunction":18,"lastStatement":98,"seen":{"f:29:2:29:16":0,"s:30:4:30:Infinity":0,"s:31:4:31:Infinity":1,"s:32:4:32:Infinity":2,"s:33:4:33:Infinity":3,"s:34:4:34:Infinity":4,"s:35:4:35:Infinity":5,"s:37:4:37:Infinity":6,"f:40:2:40:10":1,"s:41:4:43:Infinity":7,"f:43:11:43:17":2,"s:43:17:43:59":8,"s:45:4:45:Infinity":9,"s:46:4:46:Infinity":10,"s:47:4:47:Infinity":11,"s:48:4:48:Infinity":12,"s:49:4:49:Infinity":13,"s:51:4:51:Infinity":14,"f:54:2:54:25":3,"s:55:4:62:Infinity":15,"s:55:17:55:20":16,"s:56:6:61:Infinity":17,"s:56:19:56:22":18,"b:57:8:60:Infinity:undefined:undefined:undefined:undefined":0,"s:57:8:60:Infinity":19,"b:58:10:59:Infinity:58:47:59:Infinity":1,"s:58:10:59:Infinity":20,"s:58:21:58:Infinity":21,"b:58:47:59:Infinity:undefined:undefined:undefined:undefined":2,"s:58:47:59:Infinity":22,"s:59:26:59:Infinity":23,"s:63:4:63:Infinity":24,"f:66:2:66:11":4,"s:67:30:67:Infinity":25,"b:68:4:81:Infinity:undefined:undefined:undefined:undefined":3,"s:68:4:81:Infinity":26,"s:69:28:71:Infinity":27,"f:70:33:70:34":5,"s:70:40:70:57":28,"s:73:24:73:Infinity":29,"b:73:24:73:41:73:41:73:Infinity":4,"b:75:6:80:Infinity:undefined:undefined:undefined:undefined":5,"s:75:6:80:Infinity":30,"b:75:10:75:24:75:24:75:62":6,"s:76:8:78:Infinity":31,"s:79:8:79:Infinity":32,"s:83:18:83:Infinity":33,"s:84:27:84:Infinity":34,"f:84:43:84:44":6,"s:84:52:84:70":35,"s:86:4:86:Infinity":36,"s:87:4:87:Infinity":37,"b:89:4:96:Infinity:94:11:96:Infinity":7,"s:89:4:96:Infinity":38,"b:89:8:89:25:89:25:89:51":8,"s:90:6:92:Infinity":39,"s:91:8:91:Infinity":40,"s:93:6:93:Infinity":41,"s:95:6:95:Infinity":42,"b:98:4:101:Infinity:undefined:undefined:undefined:undefined":9,"s:98:4:101:Infinity":43,"s:99:6:100:Infinity":44,"b:100:32:100:51:100:51:100:Infinity":10,"s:103:4:107:Infinity":45,"s:109:4:110:Infinity":46,"b:110:44:110:59:110:59:110:Infinity":11,"s:112:4:112:Infinity":47,"s:113:4:113:Infinity":48,"s:114:4:114:Infinity":49,"f:117:2:117:33":7,"s:118:30:118:Infinity":50,"s:119:4:130:Infinity":51,"s:119:17:119:20":52,"s:120:6:129:Infinity":53,"s:120:19:120:22":54,"b:121:8:128:Infinity:undefined:undefined:undefined:undefined":12,"s:121:8:128:Infinity":55,"s:122:28:126:Infinity":56,"s:127:10:127:Infinity":57,"s:131:4:131:Infinity":58,"f:134:2:134:26":8,"s:135:21:135:Infinity":59,"b:136:4:139:Infinity:undefined:undefined:undefined:undefined":13,"s:136:4:139:Infinity":60,"s:137:21:137:Infinity":61,"f:137:46:137:47":9,"s:137:53:137:70":62,"s:138:6:138:Infinity":63,"f:138:29:138:30":10,"s:138:36:138:64":64,"s:141:32:141:Infinity":65,"s:142:4:148:Infinity":66,"s:142:17:142:20":67,"s:143:6:147:Infinity":68,"s:143:19:143:22":69,"b:144:8:146:Infinity:undefined:undefined:undefined:undefined":14,"s:144:8:146:Infinity":70,"s:145:10:145:Infinity":71,"s:149:4:149:Infinity":72,"f:152:2:152:18":11,"s:153:18:153:Infinity":73,"s:154:19:154:Infinity":74,"b:154:19:154:49:154:49:154:Infinity":15,"s:156:17:160:Infinity":75,"b:157:8:157:Infinity:158:8:160:Infinity":16,"b:159:8:159:Infinity:160:8:160:Infinity":17,"s:162:4:182:Infinity":76,"s:163:15:163:Infinity":77,"s:164:13:164:Infinity":78,"b:166:6:181:Infinity:175:6:181:Infinity":18,"s:166:6:181:Infinity":79,"s:167:8:174:Infinity":80,"b:167:8:168:Infinity:169:10:169:Infinity":19,"s:171:10:171:Infinity":81,"s:172:10:172:Infinity":82,"s:173:10:173:Infinity":83,"b:175:6:181:Infinity:undefined:undefined:undefined:undefined":20,"s:175:6:181:Infinity":84,"b:175:6:177:Infinity:178:8:178:Infinity":21,"s:180:8:180:Infinity":85,"f:185:2:185:20":12,"s:186:18:186:Infinity":86,"b:187:4:193:Infinity:undefined:undefined:undefined:undefined":22,"s:187:4:193:Infinity":87,"s:188:6:191:Infinity":88,"b:190:12:190:Infinity:191:12:191:Infinity":23,"s:192:6:192:Infinity":89,"s:195:23:195:Infinity":90,"b:196:4:196:Infinity:undefined:undefined:undefined:undefined":24,"s:196:4:196:Infinity":91,"s:196:20:196:Infinity":92,"f:199:2:199:19":13,"s:200:4:200:Infinity":93,"f:203:2:203:25":14,"s:204:4:204:Infinity":94,"f:207:2:207:25":15,"s:208:4:208:Infinity":95,"f:211:2:211:11":16,"s:212:4:212:Infinity":96,"f:215:2:215:16":17,"s:216:4:218:Infinity":97,"b:217:7:217:32:217:32:217:Infinity:218:7:218:32:218:32:218:Infinity":25}}}
,"C:\\heckteckdraughts\\PHASE3\\src\\engine\\ai\\ai.utils.ts": {"path":"C:\\heckteckdraughts\\PHASE3\\src\\engine\\ai\\ai.utils.ts","statementMap":{"0":{"start":{"line":29,"column":2},"end":{"line":29,"column":null}},"1":{"start":{"line":33,"column":2},"end":{"line":33,"column":null}},"2":{"start":{"line":33,"column":28},"end":{"line":33,"column":null}},"3":{"start":{"line":34,"column":2},"end":{"line":36,"column":null}},"4":{"start":{"line":40,"column":2},"end":{"line":40,"column":null}},"5":{"start":{"line":40,"column":28},"end":{"line":40,"column":null}},"6":{"start":{"line":41,"column":2},"end":{"line":43,"column":null}},"7":{"start":{"line":47,"column":2},"end":{"line":49,"column":null}},"8":{"start":{"line":57,"column":20},"end":{"line":57,"column":null}},"9":{"start":{"line":58,"column":2},"end":{"line":59,"column":null}},"10":{"start":{"line":58,"column":15},"end":{"line":58,"column":18}},"11":{"start":{"line":59,"column":4},"end":{"line":59,"column":null}},"12":{"start":{"line":61,"column":16},"end":{"line":61,"column":null}},"13":{"start":{"line":62,"column":2},"end":{"line":62,"column":null}},"14":{"start":{"line":63,"column":2},"end":{"line":63,"column":null}},"15":{"start":{"line":65,"column":2},"end":{"line":70,"column":null}},"16":{"start":{"line":66,"column":19},"end":{"line":66,"column":null}},"17":{"start":{"line":67,"column":4},"end":{"line":69,"column":null}},"18":{"start":{"line":67,"column":17},"end":{"line":67,"column":20}},"19":{"start":{"line":68,"column":6},"end":{"line":68,"column":null}},"20":{"start":{"line":72,"column":2},"end":{"line":75,"column":null}},"21":{"start":{"line":73,"column":4},"end":{"line":74,"column":null}},"22":{"start":{"line":77,"column":2},"end":{"line":81,"column":null}},"23":{"start":{"line":89,"column":19},"end":{"line":89,"column":null}},"24":{"start":{"line":90,"column":2},"end":{"line":90,"column":null}},"25":{"start":{"line":90,"column":27},"end":{"line":90,"column":null}},"26":{"start":{"line":92,"column":30},"end":{"line":92,"column":null}},"27":{"start":{"line":93,"column":24},"end":{"line":93,"column":null}},"28":{"start":{"line":95,"column":2},"end":{"line":105,"column":null}},"29":{"start":{"line":95,"column":15},"end":{"line":95,"column":18}},"30":{"start":{"line":96,"column":12},"end":{"line":96,"column":null}},"31":{"start":{"line":100,"column":4},"end":{"line":104,"column":null}},"32":{"start":{"line":101,"column":6},"end":{"line":103,"column":null}},"33":{"start":{"line":102,"column":8},"end":{"line":102,"column":null}},"34":{"start":{"line":106,"column":2},"end":{"line":106,"column":null}},"35":{"start":{"line":110,"column":30},"end":{"line":110,"column":null}},"36":{"start":{"line":111,"column":23},"end":{"line":111,"column":null}},"37":{"start":{"line":112,"column":2},"end":{"line":113,"column":null}},"38":{"start":{"line":112,"column":15},"end":{"line":112,"column":18}},"39":{"start":{"line":113,"column":4},"end":{"line":113,"column":null}},"40":{"start":{"line":115,"column":24},"end":{"line":115,"column":null}},"41":{"start":{"line":117,"column":2},"end":{"line":131,"column":null}},"42":{"start":{"line":117,"column":15},"end":{"line":117,"column":18}},"43":{"start":{"line":118,"column":12},"end":{"line":118,"column":null}},"44":{"start":{"line":119,"column":4},"end":{"line":130,"column":null}},"45":{"start":{"line":120,"column":6},"end":{"line":129,"column":null}},"46":{"start":{"line":121,"column":8},"end":{"line":128,"column":null}},"47":{"start":{"line":133,"column":2},"end":{"line":138,"column":null}},"48":{"start":{"line":134,"column":17},"end":{"line":134,"column":null}},"49":{"start":{"line":135,"column":4},"end":{"line":136,"column":null}},"50":{"start":{"line":136,"column":6},"end":{"line":136,"column":null}},"51":{"start":{"line":136,"column":38},"end":{"line":136,"column":null}},"52":{"start":{"line":137,"column":4},"end":{"line":137,"column":null}},"53":{"start":{"line":137,"column":40},"end":{"line":137,"column":71}},"54":{"start":{"line":140,"column":2},"end":{"line":140,"column":null}},"55":{"start":{"line":152,"column":2},"end":{"line":152,"column":null}},"56":{"start":{"line":152,"column":27},"end":{"line":152,"column":null}},"57":{"start":{"line":153,"column":18},"end":{"line":153,"column":null}},"58":{"start":{"line":154,"column":2},"end":{"line":154,"column":null}},"59":{"start":{"line":154,"column":36},"end":{"line":154,"column":null}},"60":{"start":{"line":155,"column":2},"end":{"line":155,"column":null}},"61":{"start":{"line":157,"column":18},"end":{"line":157,"column":null}},"62":{"start":{"line":158,"column":16},"end":{"line":158,"column":null}},"63":{"start":{"line":159,"column":17},"end":{"line":159,"column":null}},"64":{"start":{"line":161,"column":4},"end":{"line":163,"column":null}},"65":{"start":{"line":165,"column":15},"end":{"line":165,"column":null}},"66":{"start":{"line":167,"column":2},"end":{"line":267,"column":null}},"67":{"start":{"line":168,"column":4},"end":{"line":266,"column":null}},"68":{"start":{"line":169,"column":21},"end":{"line":169,"column":null}},"69":{"start":{"line":170,"column":21},"end":{"line":170,"column":null}},"70":{"start":{"line":171,"column":40},"end":{"line":171,"column":null}},"71":{"start":{"line":172,"column":26},"end":{"line":172,"column":null}},"72":{"start":{"line":174,"column":6},"end":{"line":185,"column":null}},"73":{"start":{"line":175,"column":18},"end":{"line":175,"column":null}},"74":{"start":{"line":176,"column":8},"end":{"line":182,"column":null}},"75":{"start":{"line":177,"column":10},"end":{"line":181,"column":null}},"76":{"start":{"line":178,"column":12},"end":{"line":178,"column":null}},"77":{"start":{"line":179,"column":12},"end":{"line":179,"column":null}},"78":{"start":{"line":180,"column":12},"end":{"line":180,"column":null}},"79":{"start":{"line":181,"column":17},"end":{"line":181,"column":null}},"80":{"start":{"line":183,"column":8},"end":{"line":183,"column":null}},"81":{"start":{"line":184,"column":8},"end":{"line":184,"column":null}},"82":{"start":{"line":187,"column":6},"end":{"line":223,"column":null}},"83":{"start":{"line":190,"column":17},"end":{"line":190,"column":null}},"84":{"start":{"line":193,"column":22},"end":{"line":193,"column":null}},"85":{"start":{"line":194,"column":22},"end":{"line":194,"column":null}},"86":{"start":{"line":196,"column":8},"end":{"line":222,"column":null}},"87":{"start":{"line":200,"column":10},"end":{"line":200,"column":null}},"88":{"start":{"line":202,"column":10},"end":{"line":202,"column":null}},"89":{"start":{"line":203,"column":10},"end":{"line":203,"column":null}},"90":{"start":{"line":204,"column":10},"end":{"line":204,"column":null}},"91":{"start":{"line":206,"column":10},"end":{"line":214,"column":null}},"92":{"start":{"line":216,"column":10},"end":{"line":216,"column":null}},"93":{"start":{"line":217,"column":10},"end":{"line":217,"column":null}},"94":{"start":{"line":218,"column":10},"end":{"line":218,"column":null}},"95":{"start":{"line":220,"column":10},"end":{"line":220,"column":null}},"96":{"start":{"line":221,"column":10},"end":{"line":221,"column":null}},"97":{"start":{"line":225,"column":26},"end":{"line":228,"column":null}},"98":{"start":{"line":229,"column":22},"end":{"line":232,"column":null}},"99":{"start":{"line":234,"column":6},"end":{"line":265,"column":null}},"100":{"start":{"line":235,"column":26},"end":{"line":235,"column":null}},"101":{"start":{"line":236,"column":8},"end":{"line":264,"column":null}},"102":{"start":{"line":240,"column":10},"end":{"line":263,"column":null}},"103":{"start":{"line":242,"column":21},"end":{"line":242,"column":null}},"104":{"start":{"line":245,"column":12},"end":{"line":245,"column":null}},"105":{"start":{"line":246,"column":12},"end":{"line":246,"column":null}},"106":{"start":{"line":247,"column":12},"end":{"line":247,"column":null}},"107":{"start":{"line":248,"column":12},"end":{"line":248,"column":null}},"108":{"start":{"line":250,"column":12},"end":{"line":258,"column":null}},"109":{"start":{"line":260,"column":12},"end":{"line":260,"column":null}},"110":{"start":{"line":261,"column":12},"end":{"line":261,"column":null}},"111":{"start":{"line":262,"column":12},"end":{"line":262,"column":null}},"112":{"start":{"line":269,"column":2},"end":{"line":275,"column":null}},"113":{"start":{"line":270,"column":4},"end":{"line":274,"column":null}},"114":{"start":{"line":276,"column":2},"end":{"line":276,"column":null}},"115":{"start":{"line":280,"column":16},"end":{"line":280,"column":null}},"116":{"start":{"line":281,"column":17},"end":{"line":281,"column":null}},"117":{"start":{"line":283,"column":2},"end":{"line":314,"column":null}},"118":{"start":{"line":284,"column":17},"end":{"line":284,"column":null}},"119":{"start":{"line":285,"column":4},"end":{"line":297,"column":null}},"120":{"start":{"line":286,"column":15},"end":{"line":286,"column":null}},"121":{"start":{"line":287,"column":15},"end":{"line":287,"column":null}},"122":{"start":{"line":288,"column":6},"end":{"line":296,"column":null}},"123":{"start":{"line":289,"column":8},"end":{"line":293,"column":null}},"124":{"start":{"line":294,"column":8},"end":{"line":294,"column":null}},"125":{"start":{"line":295,"column":8},"end":{"line":295,"column":null}},"126":{"start":{"line":300,"column":6},"end":{"line":302,"column":null}},"127":{"start":{"line":303,"column":4},"end":{"line":313,"column":null}},"128":{"start":{"line":304,"column":17},"end":{"line":304,"column":null}},"129":{"start":{"line":305,"column":17},"end":{"line":305,"column":null}},"130":{"start":{"line":306,"column":6},"end":{"line":312,"column":null}},"131":{"start":{"line":307,"column":8},"end":{"line":311,"column":null}},"132":{"start":{"line":320,"column":25},"end":{"line":320,"column":null}},"133":{"start":{"line":323,"column":2},"end":{"line":337,"column":null}},"134":{"start":{"line":324,"column":15},"end":{"line":324,"column":null}},"135":{"start":{"line":325,"column":19},"end":{"line":328,"column":null}},"136":{"start":{"line":326,"column":6},"end":{"line":326,"column":null}},"137":{"start":{"line":327,"column":6},"end":{"line":327,"column":null}},"138":{"start":{"line":330,"column":4},"end":{"line":336,"column":null}},"139":{"start":{"line":330,"column":77},"end":{"line":336,"column":6}},"140":{"start":{"line":338,"column":2},"end":{"line":338,"column":null}},"141":{"start":{"line":342,"column":16},"end":{"line":342,"column":null}},"142":{"start":{"line":343,"column":13},"end":{"line":343,"column":null}},"143":{"start":{"line":345,"column":2},"end":{"line":354,"column":null}},"144":{"start":{"line":345,"column":15},"end":{"line":345,"column":18}},"145":{"start":{"line":346,"column":12},"end":{"line":346,"column":null}},"146":{"start":{"line":347,"column":4},"end":{"line":353,"column":null}},"147":{"start":{"line":348,"column":20},"end":{"line":348,"column":null}},"148":{"start":{"line":349,"column":6},"end":{"line":352,"column":null}},"149":{"start":{"line":350,"column":22},"end":{"line":350,"column":null}},"150":{"start":{"line":351,"column":8},"end":{"line":351,"column":null}},"151":{"start":{"line":356,"column":2},"end":{"line":358,"column":null}},"152":{"start":{"line":357,"column":4},"end":{"line":357,"column":null}},"153":{"start":{"line":360,"column":2},"end":{"line":360,"column":null}},"154":{"start":{"line":364,"column":2},"end":{"line":367,"column":null}},"155":{"start":{"line":365,"column":41},"end":{"line":365,"column":59}},"156":{"start":{"line":371,"column":2},"end":{"line":371,"column":null}},"157":{"start":{"line":371,"column":24},"end":{"line":371,"column":null}},"158":{"start":{"line":372,"column":2},"end":{"line":376,"column":null}}},"fnMap":{"0":{"name":"isValidSquare","decl":{"start":{"line":28,"column":16},"end":{"line":28,"column":30}},"loc":{"start":{"line":28,"column":65},"end":{"line":30,"column":null}},"line":28},"1":{"name":"isPieceOfCurrentPlayer","decl":{"start":{"line":32,"column":16},"end":{"line":32,"column":39}},"loc":{"start":{"line":32,"column":85},"end":{"line":37,"column":null}},"line":32},"2":{"name":"isOpponentPiece","decl":{"start":{"line":39,"column":16},"end":{"line":39,"column":32}},"loc":{"start":{"line":39,"column":78},"end":{"line":44,"column":null}},"line":39},"3":{"name":"shouldPromote","decl":{"start":{"line":46,"column":16},"end":{"line":46,"column":30}},"loc":{"start":{"line":46,"column":66},"end":{"line":51,"column":null}},"line":46},"4":{"name":"makeMove","decl":{"start":{"line":56,"column":16},"end":{"line":56,"column":25}},"loc":{"start":{"line":56,"column":67},"end":{"line":82,"column":null}},"line":56},"5":{"name":"generateMoves","decl":{"start":{"line":88,"column":16},"end":{"line":88,"column":30}},"loc":{"start":{"line":88,"column":58},"end":{"line":107,"column":null}},"line":88},"6":{"name":"getAvailableCaptures","decl":{"start":{"line":109,"column":16},"end":{"line":109,"column":37}},"loc":{"start":{"line":109,"column":65},"end":{"line":141,"column":null}},"line":109},"7":{"name":"(anonymous_7)","decl":{"start":{"line":137,"column":30},"end":{"line":137,"column":31}},"loc":{"start":{"line":137,"column":40},"end":{"line":137,"column":71}},"line":137},"8":{"name":"findCaptureSequences","decl":{"start":{"line":143,"column":9},"end":{"line":143,"column":null}},"loc":{"start":{"line":151,"column":2},"end":{"line":277,"column":null}},"line":151},"9":{"name":"(anonymous_9)","decl":{"start":{"line":190,"column":10},"end":{"line":190,"column":11}},"loc":{"start":{"line":190,"column":17},"end":{"line":190,"column":null}},"line":190},"10":{"name":"(anonymous_10)","decl":{"start":{"line":242,"column":14},"end":{"line":242,"column":15}},"loc":{"start":{"line":242,"column":21},"end":{"line":242,"column":null}},"line":242},"11":{"name":"addNormalMovesForPiece","decl":{"start":{"line":279,"column":16},"end":{"line":279,"column":39}},"loc":{"start":{"line":279,"column":96},"end":{"line":315,"column":null}},"line":279},"12":{"name":"getZobristTable","decl":{"start":{"line":322,"column":9},"end":{"line":322,"column":27}},"loc":{"start":{"line":322,"column":27},"end":{"line":339,"column":null}},"line":322},"13":{"name":"(anonymous_13)","decl":{"start":{"line":325,"column":19},"end":{"line":325,"column":25}},"loc":{"start":{"line":325,"column":25},"end":{"line":328,"column":null}},"line":325},"14":{"name":"(anonymous_14)","decl":{"start":{"line":330,"column":70},"end":{"line":330,"column":77}},"loc":{"start":{"line":330,"column":77},"end":{"line":336,"column":6}},"line":330},"15":{"name":"generatePositionKey","decl":{"start":{"line":341,"column":16},"end":{"line":341,"column":36}},"loc":{"start":{"line":341,"column":64},"end":{"line":361,"column":null}},"line":341},"16":{"name":"clonePosition","decl":{"start":{"line":363,"column":16},"end":{"line":363,"column":30}},"loc":{"start":{"line":363,"column":60},"end":{"line":368,"column":null}},"line":363},"17":{"name":"(anonymous_17)","decl":{"start":{"line":365,"column":32},"end":{"line":365,"column":33}},"loc":{"start":{"line":365,"column":41},"end":{"line":365,"column":59}},"line":365},"18":{"name":"isSameMove","decl":{"start":{"line":370,"column":16},"end":{"line":370,"column":27}},"loc":{"start":{"line":370,"column":76},"end":{"line":378,"column":null}},"line":370}},"branchMap":{"0":{"loc":{"start":{"line":29,"column":9},"end":{"line":29,"column":null}},"type":"binary-expr","locations":[{"start":{"line":29,"column":9},"end":{"line":29,"column":21}},{"start":{"line":29,"column":21},"end":{"line":29,"column":41}},{"start":{"line":29,"column":41},"end":{"line":29,"column":53}},{"start":{"line":29,"column":53},"end":{"line":29,"column":null}}],"line":29},"1":{"loc":{"start":{"line":33,"column":2},"end":{"line":33,"column":null}},"type":"if","locations":[{"start":{"line":33,"column":2},"end":{"line":33,"column":null}},{"start":{},"end":{}}],"line":33},"2":{"loc":{"start":{"line":34,"column":9},"end":{"line":36,"column":null}},"type":"cond-expr","locations":[{"start":{"line":35,"column":6},"end":{"line":35,"column":null}},{"start":{"line":36,"column":6},"end":{"line":36,"column":null}}],"line":34},"3":{"loc":{"start":{"line":35,"column":6},"end":{"line":35,"column":null}},"type":"binary-expr","locations":[{"start":{"line":35,"column":6},"end":{"line":35,"column":31}},{"start":{"line":35,"column":31},"end":{"line":35,"column":null}}],"line":35},"4":{"loc":{"start":{"line":36,"column":6},"end":{"line":36,"column":null}},"type":"binary-expr","locations":[{"start":{"line":36,"column":6},"end":{"line":36,"column":31}},{"start":{"line":36,"column":31},"end":{"line":36,"column":null}}],"line":36},"5":{"loc":{"start":{"line":40,"column":2},"end":{"line":40,"column":null}},"type":"if","locations":[{"start":{"line":40,"column":2},"end":{"line":40,"column":null}},{"start":{},"end":{}}],"line":40},"6":{"loc":{"start":{"line":41,"column":9},"end":{"line":43,"column":null}},"type":"cond-expr","locations":[{"start":{"line":42,"column":6},"end":{"line":42,"column":null}},{"start":{"line":43,"column":6},"end":{"line":43,"column":null}}],"line":41},"7":{"loc":{"start":{"line":42,"column":6},"end":{"line":42,"column":null}},"type":"binary-expr","locations":[{"start":{"line":42,"column":6},"end":{"line":42,"column":31}},{"start":{"line":42,"column":31},"end":{"line":42,"column":null}}],"line":42},"8":{"loc":{"start":{"line":43,"column":6},"end":{"line":43,"column":null}},"type":"binary-expr","locations":[{"start":{"line":43,"column":6},"end":{"line":43,"column":31}},{"start":{"line":43,"column":31},"end":{"line":43,"column":null}}],"line":43},"9":{"loc":{"start":{"line":48,"column":5},"end":{"line":49,"column":null}},"type":"binary-expr","locations":[{"start":{"line":48,"column":5},"end":{"line":48,"column":30}},{"start":{"line":48,"column":30},"end":{"line":48,"column":null}},{"start":{"line":49,"column":5},"end":{"line":49,"column":30}},{"start":{"line":49,"column":30},"end":{"line":49,"column":null}}],"line":48},"10":{"loc":{"start":{"line":65,"column":2},"end":{"line":70,"column":null}},"type":"if","locations":[{"start":{"line":65,"column":2},"end":{"line":70,"column":null}},{"start":{},"end":{}}],"line":65},"11":{"loc":{"start":{"line":72,"column":2},"end":{"line":75,"column":null}},"type":"if","locations":[{"start":{"line":72,"column":2},"end":{"line":75,"column":null}},{"start":{},"end":{}}],"line":72},"12":{"loc":{"start":{"line":74,"column":6},"end":{"line":74,"column":null}},"type":"cond-expr","locations":[{"start":{"line":74,"column":30},"end":{"line":74,"column":49}},{"start":{"line":74,"column":49},"end":{"line":74,"column":null}}],"line":74},"13":{"loc":{"start":{"line":80,"column":6},"end":{"line":80,"column":null}},"type":"cond-expr","locations":[{"start":{"line":80,"column":48},"end":{"line":80,"column":63}},{"start":{"line":80,"column":63},"end":{"line":80,"column":null}}],"line":80},"14":{"loc":{"start":{"line":90,"column":2},"end":{"line":90,"column":null}},"type":"if","locations":[{"start":{"line":90,"column":2},"end":{"line":90,"column":null}},{"start":{},"end":{}}],"line":90},"15":{"loc":{"start":{"line":96,"column":12},"end":{"line":96,"column":null}},"type":"cond-expr","locations":[{"start":{"line":96,"column":26},"end":{"line":96,"column":30}},{"start":{"line":96,"column":30},"end":{"line":96,"column":null}}],"line":96},"16":{"loc":{"start":{"line":101,"column":6},"end":{"line":103,"column":null}},"type":"if","locations":[{"start":{"line":101,"column":6},"end":{"line":103,"column":null}},{"start":{},"end":{}}],"line":101},"17":{"loc":{"start":{"line":118,"column":12},"end":{"line":118,"column":null}},"type":"cond-expr","locations":[{"start":{"line":118,"column":26},"end":{"line":118,"column":30}},{"start":{"line":118,"column":30},"end":{"line":118,"column":null}}],"line":118},"18":{"loc":{"start":{"line":120,"column":6},"end":{"line":129,"column":null}},"type":"if","locations":[{"start":{"line":120,"column":6},"end":{"line":129,"column":null}},{"start":{},"end":{}}],"line":120},"19":{"loc":{"start":{"line":133,"column":2},"end":{"line":138,"column":null}},"type":"if","locations":[{"start":{"line":133,"column":2},"end":{"line":138,"column":null}},{"start":{},"end":{}}],"line":133},"20":{"loc":{"start":{"line":136,"column":6},"end":{"line":136,"column":null}},"type":"if","locations":[{"start":{"line":136,"column":6},"end":{"line":136,"column":null}},{"start":{},"end":{}}],"line":136},"21":{"loc":{"start":{"line":150,"column":2},"end":{"line":150,"column":null}},"type":"default-arg","locations":[{"start":{"line":150,"column":19},"end":{"line":150,"column":null}}],"line":150},"22":{"loc":{"start":{"line":152,"column":2},"end":{"line":152,"column":null}},"type":"if","locations":[{"start":{"line":152,"column":2},"end":{"line":152,"column":null}},{"start":{},"end":{}}],"line":152},"23":{"loc":{"start":{"line":154,"column":2},"end":{"line":154,"column":null}},"type":"if","locations":[{"start":{"line":154,"column":2},"end":{"line":154,"column":null}},{"start":{},"end":{}}],"line":154},"24":{"loc":{"start":{"line":159,"column":17},"end":{"line":159,"column":null}},"type":"binary-expr","locations":[{"start":{"line":159,"column":17},"end":{"line":159,"column":47}},{"start":{"line":159,"column":47},"end":{"line":159,"column":null}}],"line":159},"25":{"loc":{"start":{"line":161,"column":4},"end":{"line":163,"column":null}},"type":"cond-expr","locations":[{"start":{"line":162,"column":8},"end":{"line":162,"column":null}},{"start":{"line":163,"column":8},"end":{"line":163,"column":null}}],"line":161},"26":{"loc":{"start":{"line":161,"column":4},"end":{"line":161,"column":null}},"type":"binary-expr","locations":[{"start":{"line":161,"column":4},"end":{"line":161,"column":29}},{"start":{"line":161,"column":29},"end":{"line":161,"column":null}}],"line":161},"27":{"loc":{"start":{"line":168,"column":4},"end":{"line":266,"column":null}},"type":"if","locations":[{"start":{"line":168,"column":4},"end":{"line":266,"column":null}},{"start":{"line":224,"column":11},"end":{"line":266,"column":null}}],"line":168},"28":{"loc":{"start":{"line":176,"column":8},"end":{"line":182,"column":null}},"type":"if","locations":[{"start":{"line":176,"column":8},"end":{"line":182,"column":null}},{"start":{},"end":{}}],"line":176},"29":{"loc":{"start":{"line":177,"column":10},"end":{"line":181,"column":null}},"type":"if","locations":[{"start":{"line":177,"column":10},"end":{"line":181,"column":null}},{"start":{"line":181,"column":17},"end":{"line":181,"column":null}}],"line":177},"30":{"loc":{"start":{"line":187,"column":6},"end":{"line":223,"column":null}},"type":"if","locations":[{"start":{"line":187,"column":6},"end":{"line":223,"column":null}},{"start":{},"end":{}}],"line":187},"31":{"loc":{"start":{"line":188,"column":8},"end":{"line":191,"column":null}},"type":"binary-expr","locations":[{"start":{"line":188,"column":8},"end":{"line":188,"column":null}},{"start":{"line":189,"column":8},"end":{"line":191,"column":null}}],"line":188},"32":{"loc":{"start":{"line":190,"column":17},"end":{"line":190,"column":null}},"type":"binary-expr","locations":[{"start":{"line":190,"column":17},"end":{"line":190,"column":44}},{"start":{"line":190,"column":44},"end":{"line":190,"column":null}}],"line":190},"33":{"loc":{"start":{"line":197,"column":10},"end":{"line":198,"column":null}},"type":"binary-expr","locations":[{"start":{"line":197,"column":10},"end":{"line":197,"column":null}},{"start":{"line":198,"column":10},"end":{"line":198,"column":null}}],"line":197},"34":{"loc":{"start":{"line":210,"column":12},"end":{"line":210,"column":null}},"type":"cond-expr","locations":[{"start":{"line":210,"column":32},"end":{"line":210,"column":47}},{"start":{"line":210,"column":47},"end":{"line":210,"column":null}}],"line":210},"35":{"loc":{"start":{"line":234,"column":6},"end":{"line":265,"column":null}},"type":"if","locations":[{"start":{"line":234,"column":6},"end":{"line":265,"column":null}},{"start":{},"end":{}}],"line":234},"36":{"loc":{"start":{"line":236,"column":8},"end":{"line":264,"column":null}},"type":"if","locations":[{"start":{"line":236,"column":8},"end":{"line":264,"column":null}},{"start":{},"end":{}}],"line":236},"37":{"loc":{"start":{"line":237,"column":10},"end":{"line":238,"column":null}},"type":"binary-expr","locations":[{"start":{"line":237,"column":10},"end":{"line":237,"column":null}},{"start":{"line":238,"column":10},"end":{"line":238,"column":null}}],"line":237},"38":{"loc":{"start":{"line":240,"column":10},"end":{"line":263,"column":null}},"type":"if","locations":[{"start":{"line":240,"column":10},"end":{"line":263,"column":null}},{"start":{},"end":{}}],"line":240},"39":{"loc":{"start":{"line":242,"column":21},"end":{"line":242,"column":null}},"type":"binary-expr","locations":[{"start":{"line":242,"column":21},"end":{"line":242,"column":50}},{"start":{"line":242,"column":50},"end":{"line":242,"column":null}}],"line":242},"40":{"loc":{"start":{"line":254,"column":14},"end":{"line":254,"column":null}},"type":"cond-expr","locations":[{"start":{"line":254,"column":34},"end":{"line":254,"column":49}},{"start":{"line":254,"column":49},"end":{"line":254,"column":null}}],"line":254},"41":{"loc":{"start":{"line":269,"column":2},"end":{"line":275,"column":null}},"type":"if","locations":[{"start":{"line":269,"column":2},"end":{"line":275,"column":null}},{"start":{},"end":{}}],"line":269},"42":{"loc":{"start":{"line":269,"column":6},"end":{"line":269,"column":46}},"type":"binary-expr","locations":[{"start":{"line":269,"column":6},"end":{"line":269,"column":20}},{"start":{"line":269,"column":20},"end":{"line":269,"column":46}}],"line":269},"43":{"loc":{"start":{"line":271,"column":12},"end":{"line":271,"column":null}},"type":"binary-expr","locations":[{"start":{"line":271,"column":12},"end":{"line":271,"column":23}},{"start":{"line":271,"column":23},"end":{"line":271,"column":null}}],"line":271},"44":{"loc":{"start":{"line":281,"column":17},"end":{"line":281,"column":null}},"type":"binary-expr","locations":[{"start":{"line":281,"column":17},"end":{"line":281,"column":47}},{"start":{"line":281,"column":47},"end":{"line":281,"column":null}}],"line":281},"45":{"loc":{"start":{"line":283,"column":2},"end":{"line":314,"column":null}},"type":"if","locations":[{"start":{"line":283,"column":2},"end":{"line":314,"column":null}},{"start":{"line":298,"column":9},"end":{"line":314,"column":null}}],"line":283},"46":{"loc":{"start":{"line":288,"column":13},"end":{"line":288,"column":78}},"type":"binary-expr","locations":[{"start":{"line":288,"column":13},"end":{"line":288,"column":38}},{"start":{"line":288,"column":38},"end":{"line":288,"column":78}}],"line":288},"47":{"loc":{"start":{"line":300,"column":6},"end":{"line":302,"column":null}},"type":"cond-expr","locations":[{"start":{"line":301,"column":10},"end":{"line":301,"column":null}},{"start":{"line":302,"column":10},"end":{"line":302,"column":null}}],"line":300},"48":{"loc":{"start":{"line":306,"column":6},"end":{"line":312,"column":null}},"type":"if","locations":[{"start":{"line":306,"column":6},"end":{"line":312,"column":null}},{"start":{},"end":{}}],"line":306},"49":{"loc":{"start":{"line":306,"column":10},"end":{"line":306,"column":75}},"type":"binary-expr","locations":[{"start":{"line":306,"column":10},"end":{"line":306,"column":35}},{"start":{"line":306,"column":35},"end":{"line":306,"column":75}}],"line":306},"50":{"loc":{"start":{"line":323,"column":2},"end":{"line":337,"column":null}},"type":"if","locations":[{"start":{"line":323,"column":2},"end":{"line":337,"column":null}},{"start":{},"end":{}}],"line":323},"51":{"loc":{"start":{"line":346,"column":12},"end":{"line":346,"column":null}},"type":"cond-expr","locations":[{"start":{"line":346,"column":26},"end":{"line":346,"column":30}},{"start":{"line":346,"column":30},"end":{"line":346,"column":null}}],"line":346},"52":{"loc":{"start":{"line":349,"column":6},"end":{"line":352,"column":null}},"type":"if","locations":[{"start":{"line":349,"column":6},"end":{"line":352,"column":null}},{"start":{},"end":{}}],"line":349},"53":{"loc":{"start":{"line":356,"column":2},"end":{"line":358,"column":null}},"type":"if","locations":[{"start":{"line":356,"column":2},"end":{"line":358,"column":null}},{"start":{},"end":{}}],"line":356},"54":{"loc":{"start":{"line":371,"column":2},"end":{"line":371,"column":null}},"type":"if","locations":[{"start":{"line":371,"column":2},"end":{"line":371,"column":null}},{"start":{},"end":{}}],"line":371},"55":{"loc":{"start":{"line":371,"column":6},"end":{"line":371,"column":24}},"type":"binary-expr","locations":[{"start":{"line":371,"column":6},"end":{"line":371,"column":16}},{"start":{"line":371,"column":16},"end":{"line":371,"column":24}}],"line":371},"56":{"loc":{"start":{"line":373,"column":4},"end":{"line":376,"column":null}},"type":"binary-expr","locations":[{"start":{"line":373,"column":4},"end":{"line":373,"column":null}},{"start":{"line":374,"column":4},"end":{"line":374,"column":null}},{"start":{"line":375,"column":4},"end":{"line":375,"column":null}},{"start":{"line":376,"column":4},"end":{"line":376,"column":null}}],"line":373}},"s":{"0":4188,"1":5200,"2":3484,"3":1716,"4":482,"5":261,"6":221,"7":0,"8":0,"9":0,"10":0,"11":0,"12":0,"13":0,"14":0,"15":0,"16":0,"17":0,"18":0,"19":0,"20":0,"21":0,"22":0,"23":5,"24":5,"25":1,"26":4,"27":4,"28":4,"29":4,"30":40,"31":40,"32":200,"33":23,"34":4,"35":10,"36":10,"37":10,"38":10,"39":100,"40":10,"41":10,"42":10,"43":100,"44":100,"45":500,"46":48,"47":10,"48":3,"49":3,"50":3,"51":3,"52":3,"53":3,"54":7,"55":51,"56":0,"57":51,"58":51,"59":0,"60":51,"61":51,"62":51,"63":51,"64":51,"65":51,"66":51,"67":204,"68":4,"69":4,"70":4,"71":4,"72":4,"73":9,"74":9,"75":0,"76":0,"77":0,"78":0,"79":0,"80":9,"81":9,"82":4,"83":0,"84":0,"85":0,"86":0,"87":0,"88":0,"89":0,"90":0,"91":0,"92":0,"93":0,"94":0,"95":0,"96":0,"97":200,"98":200,"99":200,"100":124,"101":124,"102":3,"103":0,"104":3,"105":3,"106":3,"107":3,"108":3,"109":3,"110":3,"111":3,"112":51,"113":3,"114":51,"115":23,"116":23,"117":23,"118":1,"119":1,"120":4,"121":4,"122":4,"123":9,"124":9,"125":9,"126":22,"127":22,"128":44,"129":44,"130":44,"131":13,"132":3,"133":33,"134":1,"135":1,"136":500,"137":500,"138":1,"139":100,"140":33,"141":33,"142":33,"143":33,"144":33,"145":330,"146":330,"147":1650,"148":1650,"149":1244,"150":1244,"151":33,"152":17,"153":33,"154":0,"155":0,"156":13,"157":0,"158":13},"f":{"0":4188,"1":5200,"2":482,"3":0,"4":0,"5":5,"6":10,"7":3,"8":51,"9":0,"10":0,"11":23,"12":33,"13":500,"14":100,"15":33,"16":0,"17":0,"18":13},"b":{"0":[4188,3924,3622,3421],"1":[3484,1716],"2":[912,804],"3":[912,461],"4":[804,402],"5":[261,221],"6":[123,98],"7":[123,114],"8":[98,98],"9":[0,0,0,0],"10":[0,0],"11":[0,0],"12":[0,0],"13":[0,0],"14":[1,4],"15":[20,20],"16":[23,177],"17":[50,50],"18":[48,452],"19":[3,7],"20":[3,0],"21":[51],"22":[0,51],"23":[0,51],"24":[51,50],"25":[51,0],"26":[51,1],"27":[4,200],"28":[0,9],"29":[0,0],"30":[0,4],"31":[4,0],"32":[0,0],"33":[0,0],"34":[0,0],"35":[124,76],"36":[3,121],"37":[124,59],"38":[3,0],"39":[0,0],"40":[3,0],"41":[3,48],"42":[51,48],"43":[3,0],"44":[23,22],"45":[1,22],"46":[4,9],"47":[22,0],"48":[13,31],"49":[44,40],"50":[1,32],"51":[165,165],"52":[1244,406],"53":[17,16],"54":[0,13],"55":[13,13],"56":[13,13,6,3]},"meta":{"lastBranch":57,"lastFunction":19,"lastStatement":159,"seen":{"f:28:16:28:30":0,"s:29:2:29:Infinity":0,"b:29:9:29:21:29:21:29:41:29:41:29:53:29:53:29:Infinity":0,"f:32:16:32:39":1,"b:33:2:33:Infinity:undefined:undefined:undefined:undefined":1,"s:33:2:33:Infinity":1,"s:33:28:33:Infinity":2,"s:34:2:36:Infinity":3,"b:35:6:35:Infinity:36:6:36:Infinity":2,"b:35:6:35:31:35:31:35:Infinity":3,"b:36:6:36:31:36:31:36:Infinity":4,"f:39:16:39:32":2,"b:40:2:40:Infinity:undefined:undefined:undefined:undefined":5,"s:40:2:40:Infinity":4,"s:40:28:40:Infinity":5,"s:41:2:43:Infinity":6,"b:42:6:42:Infinity:43:6:43:Infinity":6,"b:42:6:42:31:42:31:42:Infinity":7,"b:43:6:43:31:43:31:43:Infinity":8,"f:46:16:46:30":3,"s:47:2:49:Infinity":7,"b:48:5:48:30:48:30:48:Infinity:49:5:49:30:49:30:49:Infinity":9,"f:56:16:56:25":4,"s:57:20:57:Infinity":8,"s:58:2:59:Infinity":9,"s:58:15:58:18":10,"s:59:4:59:Infinity":11,"s:61:16:61:Infinity":12,"s:62:2:62:Infinity":13,"s:63:2:63:Infinity":14,"b:65:2:70:Infinity:undefined:undefined:undefined:undefined":10,"s:65:2:70:Infinity":15,"s:66:19:66:Infinity":16,"s:67:4:69:Infinity":17,"s:67:17:67:20":18,"s:68:6:68:Infinity":19,"b:72:2:75:Infinity:undefined:undefined:undefined:undefined":11,"s:72:2:75:Infinity":20,"s:73:4:74:Infinity":21,"b:74:30:74:49:74:49:74:Infinity":12,"s:77:2:81:Infinity":22,"b:80:48:80:63:80:63:80:Infinity":13,"f:88:16:88:30":5,"s:89:19:89:Infinity":23,"b:90:2:90:Infinity:undefined:undefined:undefined:undefined":14,"s:90:2:90:Infinity":24,"s:90:27:90:Infinity":25,"s:92:30:92:Infinity":26,"s:93:24:93:Infinity":27,"s:95:2:105:Infinity":28,"s:95:15:95:18":29,"s:96:12:96:Infinity":30,"b:96:26:96:30:96:30:96:Infinity":15,"s:100:4:104:Infinity":31,"b:101:6:103:Infinity:undefined:undefined:undefined:undefined":16,"s:101:6:103:Infinity":32,"s:102:8:102:Infinity":33,"s:106:2:106:Infinity":34,"f:109:16:109:37":6,"s:110:30:110:Infinity":35,"s:111:23:111:Infinity":36,"s:112:2:113:Infinity":37,"s:112:15:112:18":38,"s:113:4:113:Infinity":39,"s:115:24:115:Infinity":40,"s:117:2:131:Infinity":41,"s:117:15:117:18":42,"s:118:12:118:Infinity":43,"b:118:26:118:30:118:30:118:Infinity":17,"s:119:4:130:Infinity":44,"b:120:6:129:Infinity:undefined:undefined:undefined:undefined":18,"s:120:6:129:Infinity":45,"s:121:8:128:Infinity":46,"b:133:2:138:Infinity:undefined:undefined:undefined:undefined":19,"s:133:2:138:Infinity":47,"s:134:17:134:Infinity":48,"s:135:4:136:Infinity":49,"b:136:6:136:Infinity:undefined:undefined:undefined:undefined":20,"s:136:6:136:Infinity":50,"s:136:38:136:Infinity":51,"s:137:4:137:Infinity":52,"f:137:30:137:31":7,"s:137:40:137:71":53,"s:140:2:140:Infinity":54,"f:143:9:143:Infinity":8,"b:150:19:150:Infinity":21,"b:152:2:152:Infinity:undefined:undefined:undefined:undefined":22,"s:152:2:152:Infinity":55,"s:152:27:152:Infinity":56,"s:153:18:153:Infinity":57,"b:154:2:154:Infinity:undefined:undefined:undefined:undefined":23,"s:154:2:154:Infinity":58,"s:154:36:154:Infinity":59,"s:155:2:155:Infinity":60,"s:157:18:157:Infinity":61,"s:158:16:158:Infinity":62,"s:159:17:159:Infinity":63,"b:159:17:159:47:159:47:159:Infinity":24,"s:161:4:163:Infinity":64,"b:162:8:162:Infinity:163:8:163:Infinity":25,"b:161:4:161:29:161:29:161:Infinity":26,"s:165:15:165:Infinity":65,"s:167:2:267:Infinity":66,"b:168:4:266:Infinity:224:11:266:Infinity":27,"s:168:4:266:Infinity":67,"s:169:21:169:Infinity":68,"s:170:21:170:Infinity":69,"s:171:40:171:Infinity":70,"s:172:26:172:Infinity":71,"s:174:6:185:Infinity":72,"s:175:18:175:Infinity":73,"b:176:8:182:Infinity:undefined:undefined:undefined:undefined":28,"s:176:8:182:Infinity":74,"b:177:10:181:Infinity:181:17:181:Infinity":29,"s:177:10:181:Infinity":75,"s:178:12:178:Infinity":76,"s:179:12:179:Infinity":77,"s:180:12:180:Infinity":78,"s:181:17:181:Infinity":79,"s:183:8:183:Infinity":80,"s:184:8:184:Infinity":81,"b:187:6:223:Infinity:undefined:undefined:undefined:undefined":30,"s:187:6:223:Infinity":82,"b:188:8:188:Infinity:189:8:191:Infinity":31,"f:190:10:190:11":9,"s:190:17:190:Infinity":83,"b:190:17:190:44:190:44:190:Infinity":32,"s:193:22:193:Infinity":84,"s:194:22:194:Infinity":85,"s:196:8:222:Infinity":86,"b:197:10:197:Infinity:198:10:198:Infinity":33,"s:200:10:200:Infinity":87,"s:202:10:202:Infinity":88,"s:203:10:203:Infinity":89,"s:204:10:204:Infinity":90,"s:206:10:214:Infinity":91,"b:210:32:210:47:210:47:210:Infinity":34,"s:216:10:216:Infinity":92,"s:217:10:217:Infinity":93,"s:218:10:218:Infinity":94,"s:220:10:220:Infinity":95,"s:221:10:221:Infinity":96,"s:225:26:228:Infinity":97,"s:229:22:232:Infinity":98,"b:234:6:265:Infinity:undefined:undefined:undefined:undefined":35,"s:234:6:265:Infinity":99,"s:235:26:235:Infinity":100,"b:236:8:264:Infinity:undefined:undefined:undefined:undefined":36,"s:236:8:264:Infinity":101,"b:237:10:237:Infinity:238:10:238:Infinity":37,"b:240:10:263:Infinity:undefined:undefined:undefined:undefined":38,"s:240:10:263:Infinity":102,"f:242:14:242:15":10,"s:242:21:242:Infinity":103,"b:242:21:242:50:242:50:242:Infinity":39,"s:245:12:245:Infinity":104,"s:246:12:246:Infinity":105,"s:247:12:247:Infinity":106,"s:248:12:248:Infinity":107,"s:250:12:258:Infinity":108,"b:254:34:254:49:254:49:254:Infinity":40,"s:260:12:260:Infinity":109,"s:261:12:261:Infinity":110,"s:262:12:262:Infinity":111,"b:269:2:275:Infinity:undefined:undefined:undefined:undefined":41,"s:269:2:275:Infinity":112,"b:269:6:269:20:269:20:269:46":42,"s:270:4:274:Infinity":113,"b:271:12:271:23:271:23:271:Infinity":43,"s:276:2:276:Infinity":114,"f:279:16:279:39":11,"s:280:16:280:Infinity":115,"s:281:17:281:Infinity":116,"b:281:17:281:47:281:47:281:Infinity":44,"b:283:2:314:Infinity:298:9:314:Infinity":45,"s:283:2:314:Infinity":117,"s:284:17:284:Infinity":118,"s:285:4:297:Infinity":119,"s:286:15:286:Infinity":120,"s:287:15:287:Infinity":121,"s:288:6:296:Infinity":122,"b:288:13:288:38:288:38:288:78":46,"s:289:8:293:Infinity":123,"s:294:8:294:Infinity":124,"s:295:8:295:Infinity":125,"s:300:6:302:Infinity":126,"b:301:10:301:Infinity:302:10:302:Infinity":47,"s:303:4:313:Infinity":127,"s:304:17:304:Infinity":128,"s:305:17:305:Infinity":129,"b:306:6:312:Infinity:undefined:undefined:undefined:undefined":48,"s:306:6:312:Infinity":130,"b:306:10:306:35:306:35:306:75":49,"s:307:8:311:Infinity":131,"s:320:25:320:Infinity":132,"f:322:9:322:27":12,"b:323:2:337:Infinity:undefined:undefined:undefined:undefined":50,"s:323:2:337:Infinity":133,"s:324:15:324:Infinity":134,"s:325:19:328:Infinity":135,"f:325:19:325:25":13,"s:326:6:326:Infinity":136,"s:327:6:327:Infinity":137,"s:330:4:336:Infinity":138,"f:330:70:330:77":14,"s:330:77:336:6":139,"s:338:2:338:Infinity":140,"f:341:16:341:36":15,"s:342:16:342:Infinity":141,"s:343:13:343:Infinity":142,"s:345:2:354:Infinity":143,"s:345:15:345:18":144,"s:346:12:346:Infinity":145,"b:346:26:346:30:346:30:346:Infinity":51,"s:347:4:353:Infinity":146,"s:348:20:348:Infinity":147,"b:349:6:352:Infinity:undefined:undefined:undefined:undefined":52,"s:349:6:352:Infinity":148,"s:350:22:350:Infinity":149,"s:351:8:351:Infinity":150,"b:356:2:358:Infinity:undefined:undefined:undefined:undefined":53,"s:356:2:358:Infinity":151,"s:357:4:357:Infinity":152,"s:360:2:360:Infinity":153,"f:363:16:363:30":16,"s:364:2:367:Infinity":154,"f:365:32:365:33":17,"s:365:41:365:59":155,"f:370:16:370:27":18,"b:371:2:371:Infinity:undefined:undefined:undefined:undefined":54,"s:371:2:371:Infinity":156,"b:371:6:371:16:371:16:371:24":55,"s:371:24:371:Infinity":157,"s:372:2:376:Infinity":158,"b:373:4:373:Infinity:374:4:374:Infinity:375:4:375:Infinity:376:4:376:Infinity":56}}}
,"C:\\heckteckdraughts\\PHASE3\\src\\engine\\game\\capture-handler.ts": {"path":"C:\\heckteckdraughts\\PHASE3\\src\\engine\\game\\capture-handler.ts","statementMap":{"0":{"start":{"line":8,"column":20},"end":{"line":13,"column":null}},"1":{"start":{"line":17,"column":30},"end":{"line":17,"column":null}},"2":{"start":{"line":18,"column":25},"end":{"line":18,"column":null}},"3":{"start":{"line":18,"column":45},"end":{"line":18,"column":63}},"4":{"start":{"line":20,"column":4},"end":{"line":27,"column":null}},"5":{"start":{"line":29,"column":4},"end":{"line":29,"column":null}},"6":{"start":{"line":40,"column":20},"end":{"line":40,"column":null}},"7":{"start":{"line":41,"column":18},"end":{"line":41,"column":null}},"8":{"start":{"line":42,"column":19},"end":{"line":42,"column":null}},"9":{"start":{"line":44,"column":4},"end":{"line":127,"column":null}},"10":{"start":{"line":45,"column":6},"end":{"line":126,"column":null}},"11":{"start":{"line":46,"column":16},"end":{"line":46,"column":null}},"12":{"start":{"line":47,"column":16},"end":{"line":47,"column":null}},"13":{"start":{"line":48,"column":42},"end":{"line":48,"column":null}},"14":{"start":{"line":50,"column":8},"end":{"line":87,"column":null}},"15":{"start":{"line":51,"column":20},"end":{"line":51,"column":null}},"16":{"start":{"line":52,"column":10},"end":{"line":84,"column":null}},"17":{"start":{"line":53,"column":12},"end":{"line":57,"column":null}},"18":{"start":{"line":54,"column":14},"end":{"line":54,"column":null}},"19":{"start":{"line":56,"column":14},"end":{"line":56,"column":null}},"20":{"start":{"line":58,"column":10},"end":{"line":84,"column":null}},"21":{"start":{"line":59,"column":36},"end":{"line":61,"column":null}},"22":{"start":{"line":60,"column":22},"end":{"line":60,"column":null}},"23":{"start":{"line":63,"column":12},"end":{"line":83,"column":null}},"24":{"start":{"line":64,"column":14},"end":{"line":64,"column":null}},"25":{"start":{"line":65,"column":33},"end":{"line":65,"column":null}},"26":{"start":{"line":67,"column":14},"end":{"line":67,"column":null}},"27":{"start":{"line":68,"column":14},"end":{"line":68,"column":null}},"28":{"start":{"line":69,"column":14},"end":{"line":69,"column":null}},"29":{"start":{"line":71,"column":14},"end":{"line":78,"column":null}},"30":{"start":{"line":80,"column":14},"end":{"line":80,"column":null}},"31":{"start":{"line":81,"column":14},"end":{"line":81,"column":null}},"32":{"start":{"line":82,"column":14},"end":{"line":82,"column":null}},"33":{"start":{"line":85,"column":10},"end":{"line":85,"column":null}},"34":{"start":{"line":86,"column":10},"end":{"line":86,"column":null}},"35":{"start":{"line":89,"column":23},"end":{"line":89,"column":null}},"36":{"start":{"line":90,"column":23},"end":{"line":90,"column":null}},"37":{"start":{"line":91,"column":22},"end":{"line":91,"column":null}},"38":{"start":{"line":92,"column":22},"end":{"line":92,"column":null}},"39":{"start":{"line":94,"column":8},"end":{"line":125,"column":null}},"40":{"start":{"line":95,"column":24},"end":{"line":95,"column":null}},"41":{"start":{"line":96,"column":16},"end":{"line":98,"column":null}},"42":{"start":{"line":100,"column":10},"end":{"line":124,"column":null}},"43":{"start":{"line":101,"column":36},"end":{"line":103,"column":null}},"44":{"start":{"line":102,"column":22},"end":{"line":102,"column":null}},"45":{"start":{"line":105,"column":12},"end":{"line":123,"column":null}},"46":{"start":{"line":106,"column":14},"end":{"line":106,"column":null}},"47":{"start":{"line":107,"column":14},"end":{"line":107,"column":null}},"48":{"start":{"line":108,"column":14},"end":{"line":108,"column":null}},"49":{"start":{"line":109,"column":14},"end":{"line":109,"column":null}},"50":{"start":{"line":111,"column":14},"end":{"line":118,"column":null}},"51":{"start":{"line":120,"column":14},"end":{"line":120,"column":null}},"52":{"start":{"line":121,"column":14},"end":{"line":121,"column":null}},"53":{"start":{"line":122,"column":14},"end":{"line":122,"column":null}},"54":{"start":{"line":129,"column":4},"end":{"line":135,"column":null}},"55":{"start":{"line":130,"column":6},"end":{"line":134,"column":null}}},"fnMap":{"0":{"name":"(anonymous_0)","decl":{"start":{"line":16,"column":9},"end":{"line":16,"column":30}},"loc":{"start":{"line":16,"column":104},"end":{"line":30,"column":null}},"line":16},"1":{"name":"(anonymous_1)","decl":{"start":{"line":18,"column":36},"end":{"line":18,"column":37}},"loc":{"start":{"line":18,"column":45},"end":{"line":18,"column":63}},"line":18},"2":{"name":"(anonymous_2)","decl":{"start":{"line":32,"column":17},"end":{"line":32,"column":null}},"loc":{"start":{"line":39,"column":4},"end":{"line":136,"column":null}},"line":39},"3":{"name":"(anonymous_3)","decl":{"start":{"line":60,"column":14},"end":{"line":60,"column":15}},"loc":{"start":{"line":60,"column":22},"end":{"line":60,"column":null}},"line":60},"4":{"name":"(anonymous_4)","decl":{"start":{"line":102,"column":14},"end":{"line":102,"column":15}},"loc":{"start":{"line":102,"column":22},"end":{"line":102,"column":null}},"line":102}},"branchMap":{"0":{"loc":{"start":{"line":42,"column":19},"end":{"line":42,"column":null}},"type":"binary-expr","locations":[{"start":{"line":42,"column":19},"end":{"line":42,"column":49}},{"start":{"line":42,"column":49},"end":{"line":42,"column":null}}],"line":42},"1":{"loc":{"start":{"line":45,"column":6},"end":{"line":126,"column":null}},"type":"if","locations":[{"start":{"line":45,"column":6},"end":{"line":126,"column":null}},{"start":{"line":88,"column":13},"end":{"line":126,"column":null}}],"line":45},"2":{"loc":{"start":{"line":52,"column":10},"end":{"line":84,"column":null}},"type":"if","locations":[{"start":{"line":52,"column":10},"end":{"line":84,"column":null}},{"start":{"line":58,"column":10},"end":{"line":84,"column":null}}],"line":52},"3":{"loc":{"start":{"line":53,"column":12},"end":{"line":57,"column":null}},"type":"if","locations":[{"start":{"line":53,"column":12},"end":{"line":57,"column":null}},{"start":{"line":55,"column":19},"end":{"line":57,"column":null}}],"line":53},"4":{"loc":{"start":{"line":53,"column":16},"end":{"line":53,"column":57}},"type":"binary-expr","locations":[{"start":{"line":53,"column":16},"end":{"line":53,"column":29}},{"start":{"line":53,"column":17},"end":{"line":53,"column":57}}],"line":53},"5":{"loc":{"start":{"line":58,"column":10},"end":{"line":84,"column":null}},"type":"if","locations":[{"start":{"line":58,"column":10},"end":{"line":84,"column":null}},{"start":{},"end":{}}],"line":58},"6":{"loc":{"start":{"line":60,"column":22},"end":{"line":60,"column":null}},"type":"binary-expr","locations":[{"start":{"line":60,"column":22},"end":{"line":60,"column":50}},{"start":{"line":60,"column":50},"end":{"line":60,"column":null}}],"line":60},"7":{"loc":{"start":{"line":63,"column":12},"end":{"line":83,"column":null}},"type":"if","locations":[{"start":{"line":63,"column":12},"end":{"line":83,"column":null}},{"start":{},"end":{}}],"line":63},"8":{"loc":{"start":{"line":94,"column":8},"end":{"line":125,"column":null}},"type":"if","locations":[{"start":{"line":94,"column":8},"end":{"line":125,"column":null}},{"start":{},"end":{}}],"line":94},"9":{"loc":{"start":{"line":96,"column":16},"end":{"line":98,"column":null}},"type":"cond-expr","locations":[{"start":{"line":97,"column":14},"end":{"line":97,"column":null}},{"start":{"line":98,"column":14},"end":{"line":98,"column":null}}],"line":96},"10":{"loc":{"start":{"line":100,"column":10},"end":{"line":124,"column":null}},"type":"if","locations":[{"start":{"line":100,"column":10},"end":{"line":124,"column":null}},{"start":{},"end":{}}],"line":100},"11":{"loc":{"start":{"line":100,"column":14},"end":{"line":100,"column":71}},"type":"binary-expr","locations":[{"start":{"line":100,"column":14},"end":{"line":100,"column":38}},{"start":{"line":100,"column":30},"end":{"line":100,"column":71}}],"line":100},"12":{"loc":{"start":{"line":102,"column":22},"end":{"line":102,"column":null}},"type":"binary-expr","locations":[{"start":{"line":102,"column":22},"end":{"line":102,"column":43}},{"start":{"line":102,"column":43},"end":{"line":102,"column":null}}],"line":102},"13":{"loc":{"start":{"line":105,"column":12},"end":{"line":123,"column":null}},"type":"if","locations":[{"start":{"line":105,"column":12},"end":{"line":123,"column":null}},{"start":{},"end":{}}],"line":105},"14":{"loc":{"start":{"line":129,"column":4},"end":{"line":135,"column":null}},"type":"if","locations":[{"start":{"line":129,"column":4},"end":{"line":135,"column":null}},{"start":{},"end":{}}],"line":129},"15":{"loc":{"start":{"line":129,"column":8},"end":{"line":129,"column":43}},"type":"binary-expr","locations":[{"start":{"line":129,"column":8},"end":{"line":129,"column":22}},{"start":{"line":129,"column":22},"end":{"line":129,"column":43}}],"line":129}},"s":{"0":1,"1":523,"2":523,"3":5230,"4":523,"5":523,"6":529,"7":529,"8":529,"9":529,"10":2116,"11":0,"12":0,"13":0,"14":0,"15":0,"16":0,"17":0,"18":0,"19":0,"20":0,"21":0,"22":0,"23":0,"24":0,"25":0,"26":0,"27":0,"28":0,"29":0,"30":0,"31":0,"32":0,"33":0,"34":0,"35":2116,"36":2116,"37":2116,"38":2116,"39":2116,"40":1280,"41":1280,"42":1280,"43":6,"44":2,"45":6,"46":6,"47":6,"48":6,"49":6,"50":6,"51":6,"52":6,"53":6,"54":529,"55":4},"f":{"0":1,"1":5230,"2":1,"3":0,"4":2},"b":{"0":[529,529],"1":[0,2116],"2":[0,0],"3":[0,0],"4":[0,0],"5":[0,0],"6":[0,0],"7":[0,0],"8":[1280,836],"9":[1280,0],"10":[6,1274],"11":[1280,423],"12":[2,0],"13":[6,0],"14":[4,525],"15":[529,525]},"meta":{"lastBranch":16,"lastFunction":5,"lastStatement":56,"seen":{"s:8:20:13:Infinity":0,"f:16:9:16:30":0,"s:17:30:17:Infinity":1,"s:18:25:18:Infinity":2,"f:18:36:18:37":1,"s:18:45:18:63":3,"s:20:4:27:Infinity":4,"s:29:4:29:Infinity":5,"f:32:17:32:Infinity":2,"s:40:20:40:Infinity":6,"s:41:18:41:Infinity":7,"s:42:19:42:Infinity":8,"b:42:19:42:49:42:49:42:Infinity":0,"s:44:4:127:Infinity":9,"b:45:6:126:Infinity:88:13:126:Infinity":1,"s:45:6:126:Infinity":10,"s:46:16:46:Infinity":11,"s:47:16:47:Infinity":12,"s:48:42:48:Infinity":13,"s:50:8:87:Infinity":14,"s:51:20:51:Infinity":15,"b:52:10:84:Infinity:58:10:84:Infinity":2,"s:52:10:84:Infinity":16,"b:53:12:57:Infinity:55:19:57:Infinity":3,"s:53:12:57:Infinity":17,"b:53:16:53:29:53:17:53:57":4,"s:54:14:54:Infinity":18,"s:56:14:56:Infinity":19,"b:58:10:84:Infinity:undefined:undefined:undefined:undefined":5,"s:58:10:84:Infinity":20,"s:59:36:61:Infinity":21,"f:60:14:60:15":3,"s:60:22:60:Infinity":22,"b:60:22:60:50:60:50:60:Infinity":6,"b:63:12:83:Infinity:undefined:undefined:undefined:undefined":7,"s:63:12:83:Infinity":23,"s:64:14:64:Infinity":24,"s:65:33:65:Infinity":25,"s:67:14:67:Infinity":26,"s:68:14:68:Infinity":27,"s:69:14:69:Infinity":28,"s:71:14:78:Infinity":29,"s:80:14:80:Infinity":30,"s:81:14:81:Infinity":31,"s:82:14:82:Infinity":32,"s:85:10:85:Infinity":33,"s:86:10:86:Infinity":34,"s:89:23:89:Infinity":35,"s:90:23:90:Infinity":36,"s:91:22:91:Infinity":37,"s:92:22:92:Infinity":38,"b:94:8:125:Infinity:undefined:undefined:undefined:undefined":8,"s:94:8:125:Infinity":39,"s:95:24:95:Infinity":40,"s:96:16:98:Infinity":41,"b:97:14:97:Infinity:98:14:98:Infinity":9,"b:100:10:124:Infinity:undefined:undefined:undefined:undefined":10,"s:100:10:124:Infinity":42,"b:100:14:100:38:100:30:100:71":11,"s:101:36:103:Infinity":43,"f:102:14:102:15":4,"s:102:22:102:Infinity":44,"b:102:22:102:43:102:43:102:Infinity":12,"b:105:12:123:Infinity:undefined:undefined:undefined:undefined":13,"s:105:12:123:Infinity":45,"s:106:14:106:Infinity":46,"s:107:14:107:Infinity":47,"s:108:14:108:Infinity":48,"s:109:14:109:Infinity":49,"s:111:14:118:Infinity":50,"s:120:14:120:Infinity":51,"s:121:14:121:Infinity":52,"s:122:14:122:Infinity":53,"b:129:4:135:Infinity:undefined:undefined:undefined:undefined":14,"s:129:4:135:Infinity":54,"b:129:8:129:22:129:22:129:43":15,"s:130:6:134:Infinity":55}}}
,"C:\\heckteckdraughts\\PHASE3\\src\\engine\\game\\draw-detector.ts": {"path":"C:\\heckteckdraughts\\PHASE3\\src\\engine\\game\\draw-detector.ts","statementMap":{"0":{"start":{"line":18,"column":4},"end":{"line":18,"column":null}},"1":{"start":{"line":18,"column":39},"end":{"line":18,"column":null}},"2":{"start":{"line":19,"column":4},"end":{"line":19,"column":null}},"3":{"start":{"line":19,"column":39},"end":{"line":19,"column":null}},"4":{"start":{"line":20,"column":4},"end":{"line":20,"column":null}},"5":{"start":{"line":24,"column":4},"end":{"line":24,"column":null}},"6":{"start":{"line":24,"column":32},"end":{"line":24,"column":null}},"7":{"start":{"line":25,"column":4},"end":{"line":25,"column":null}},"8":{"start":{"line":29,"column":4},"end":{"line":29,"column":null}},"9":{"start":{"line":33,"column":21},"end":{"line":33,"column":null}},"10":{"start":{"line":34,"column":19},"end":{"line":34,"column":null}},"11":{"start":{"line":35,"column":21},"end":{"line":35,"column":null}},"12":{"start":{"line":36,"column":19},"end":{"line":36,"column":null}},"13":{"start":{"line":38,"column":4},"end":{"line":56,"column":null}},"14":{"start":{"line":38,"column":17},"end":{"line":38,"column":20}},"15":{"start":{"line":39,"column":14},"end":{"line":39,"column":null}},"16":{"start":{"line":40,"column":6},"end":{"line":55,"column":null}},"17":{"start":{"line":41,"column":22},"end":{"line":41,"column":null}},"18":{"start":{"line":42,"column":8},"end":{"line":42,"column":null}},"19":{"start":{"line":42,"column":34},"end":{"line":42,"column":null}},"20":{"start":{"line":44,"column":8},"end":{"line":54,"column":null}},"21":{"start":{"line":45,"column":10},"end":{"line":45,"column":null}},"22":{"start":{"line":46,"column":8},"end":{"line":54,"column":null}},"23":{"start":{"line":47,"column":10},"end":{"line":47,"column":null}},"24":{"start":{"line":48,"column":8},"end":{"line":54,"column":null}},"25":{"start":{"line":49,"column":10},"end":{"line":49,"column":null}},"26":{"start":{"line":50,"column":10},"end":{"line":50,"column":null}},"27":{"start":{"line":51,"column":8},"end":{"line":54,"column":null}},"28":{"start":{"line":52,"column":10},"end":{"line":52,"column":null}},"29":{"start":{"line":53,"column":10},"end":{"line":53,"column":null}},"30":{"start":{"line":58,"column":4},"end":{"line":65,"column":null}},"31":{"start":{"line":64,"column":6},"end":{"line":64,"column":null}},"32":{"start":{"line":67,"column":4},"end":{"line":67,"column":null}}},"fnMap":{"0":{"name":"(anonymous_0)","decl":{"start":{"line":17,"column":9},"end":{"line":17,"column":23}},"loc":{"start":{"line":17,"column":54},"end":{"line":21,"column":null}},"line":17},"1":{"name":"(anonymous_1)","decl":{"start":{"line":23,"column":9},"end":{"line":23,"column":28}},"loc":{"start":{"line":23,"column":53},"end":{"line":26,"column":null}},"line":23},"2":{"name":"(anonymous_2)","decl":{"start":{"line":28,"column":9},"end":{"line":28,"column":28}},"loc"
[...]
anonymous_2)","decl":{"start":{"line":36,"column":32},"end":{"line":36,"column":33}},"loc":{"start":{"line":36,"column":33},"end":{"line":36,"column":58}},"line":36},"3":{"name":"(anonymous_3)","decl":{"start":{"line":41,"column":27},"end":{"line":41,"column":28}},"loc":{"start":{"line":41,"column":28},"end":{"line":41,"column":53}},"line":41},"4":{"name":"(anonymous_4)","decl":{"start":{"line":44,"column":9},"end":{"line":44,"column":19}},"loc":{"start":{"line":44,"column":40},"end":{"line":46,"column":null}},"line":44}},"branchMap":{"0":{"loc":{"start":{"line":19,"column":4},"end":{"line":19,"column":null}},"type":"if","locations":[{"start":{"line":19,"column":4},"end":{"line":19,"column":null}},{"start":{},"end":{}}],"line":19},"1":{"loc":{"start":{"line":19,"column":8},"end":{"line":19,"column":41}},"type":"binary-expr","locations":[{"start":{"line":19,"column":8},"end":{"line":19,"column":17}},{"start":{"line":19,"column":17},"end":{"line":19,"column":31}},{"start":{"line":19,"column":31},"end":{"line":19,"column":41}}],"line":19},"2":{"loc":{"start":{"line":24,"column":4},"end":{"line":37,"column":null}},"type":"if","locations":[{"start":{"line":24,"column":4},"end":{"line":37,"column":null}},{"start":{},"end":{}}],"line":24},"3":{"loc":{"start":{"line":28,"column":8},"end":{"line":28,"column":null}},"type":"if","locations":[{"start":{"line":28,"column":8},"end":{"line":28,"column":null}},{"start":{},"end":{}}],"line":28},"4":{"loc":{"start":{"line":45,"column":11},"end":{"line":45,"column":null}},"type":"binary-expr","locations":[{"start":{"line":45,"column":11},"end":{"line":45,"column":28}},{"start":{"line":45,"column":28},"end":{"line":45,"column":null}}],"line":45}},"s":{"0":4,"1":0,"2":4,"3":4,"4":4,"5":2,"6":2,"7":2,"8":2,"9":2,"10":2,"11":2,"12":2,"13":2,"14":2,"15":11,"16":0},"f":{"0":2,"1":2,"2":2,"3":11,"4":2},"b":{"0":[0,4],"1":[4,4,4],"2":[2,2],"3":[2,0],"4":[0,0]},"meta":{"lastBranch":5,"lastFunction":5,"lastStatement":17,"seen":{"f:18:9:18:21":0,"b:19:4:19:Infinity:undefined:undefined:undefined:undefined":0,"s:19:4:19:Infinity":0,"b:19:8:19:17:19:17:19:31:19:31:19:41":1,"s:19:41:19:Infinity":1,"s:21:21:21:Infinity":2,"s:22:10:22:Infinity":3,"b:24:4:37:Infinity:undefined:undefined:undefined:undefined":2,"s:24:4:37:Infinity":4,"s:26:19:26:Infinity":5,"s:27:6:28:Infinity":6,"b:28:8:28:Infinity:undefined:undefined:undefined:undefined":3,"s:28:8:28:Infinity":7,"s:28:40:28:Infinity":8,"s:31:28:33:Infinity":9,"f:32:8:32:9":1,"s:32:15:32:Infinity":10,"s:36:6:36:Infinity":11,"f:36:32:36:33":2,"s:36:33:36:58":12,"s:40:10:40:Infinity":13,"s:41:4:41:Infinity":14,"f:41:27:41:28":3,"s:41:28:41:53":15,"f:44:9:44:19":4,"s:45:4:45:Infinity":16,"b:45:11:45:28:45:28:45:Infinity":4}}}
,"C:\\heckteckdraughts\\PHASE3\\src\\engine\\game\\position-recorder.ts": {"path":"C:\\heckteckdraughts\\PHASE3\\src\\engine\\game\\position-recorder.ts","statementMap":{"0":{"start":{"line":14,"column":4},"end":{"line":14,"column":null}},"1":{"start":{"line":15,"column":4},"end":{"line":15,"column":null}},"2":{"start":{"line":16,"column":4},"end":{"line":16,"column":null}},"3":{"start":{"line":20,"column":10},"end":{"line":20,"column":null}},"4":{"start":{"line":22,"column":4},"end":{"line":24,"column":null}},"5":{"start":{"line":23,"column":6},"end":{"line":23,"column":null}},"6":{"start":{"line":26,"column":18},"end":{"line":26,"column":null}},"7":{"start":{"line":27,"column":4},"end":{"line":27,"column":null}},"8":{"start":{"line":31,"column":10},"end":{"line":31,"column":null}},"9":{"start":{"line":32,"column":4},"end":{"line":32,"column":null}},"10":{"start":{"line":36,"column":4},"end":{"line":36,"column":null}},"11":{"start":{"line":40,"column":4},"end":{"line":40,"column":null}},"12":{"start":{"line":41,"column":4},"end":{"line":41,"column":null}},"13":{"start":{"line":42,"column":4},"end":{"line":42,"column":null}},"14":{"start":{"line":46,"column":4},"end":{"line":46,"column":null}},"15":{"start":{"line":46,"column":30},"end":{"line":46,"column":null}},"16":{"start":{"line":47,"column":4},"end":{"line":47,"column":null}},"17":{"start":{"line":48,"column":17},"end":{"line":48,"column":null}},"18":{"start":{"line":50,"column":18},"end":{"line":50,"column":null}},"19":{"start":{"line":51,"column":4},"end":{"line":54,"column":null}},"20":{"start":{"line":52,"column":6},"end":{"line":53,"column":null}},"21":{"start":{"line":52,"column":22},"end":{"line":52,"column":null}},"22":{"start":{"line":53,"column":11},"end":{"line":53,"column":null}}},"fnMap":{"0":{"name":"(anonymous_0)","decl":{"start":{"line":13,"column":2},"end":{"line":13,"column":16}},"loc":{"start":{"line":13,"column":16},"end":{"line":17,"column":null}},"line":13},"1":{"name":"(anonymous_1)","decl":{"start":{"line":19,"column":2},"end":{"line":19,"column":17}},"loc":{"start":{"line":19,"column":37},"end":{"line":28,"column":null}},"line":19},"2":{"name":"(anonymous_2)","decl":{"start":{"line":30,"column":2},"end":{"line":30,"column":21}},"loc":{"start":{"line":30,"column":49},"end":{"line":33,"column":null}},"line":30},"3":{"name":"(anonymous_3)","decl":{"start":{"line":35,"column":2},"end":{"line":35,"column":21}},"loc":{"start":{"line":35,"column":50},"end":{"line":37,"column":null}},"line":35},"4":{"name":"(anonymous_4)","decl":{"start":{"line":39,"column":2},"end":{"line":39,"column":10}},"loc":{"start":{"line":39,"column":10},"end":{"line":43,"column":null}},"line":39},"5":{"name":"(anonymous_5)","decl":{"start":{"line":45,"column":2},"end":{"line":45,"column":16}},"loc":{"start":{"line":45,"column":16},"end":{"line":55,"column":null}},"line":45}},"branchMap":{"0":{"loc":{"start":{"line":22,"column":4},"end":{"line":24,"column":null}},"type":"if","locations":[{"start":{"line":22,"column":4},"end":{"line":24,"column":null}},{"start":{},"end":{}}],"line":22},"1":{"loc":{"start":{"line":26,"column":18},"end":{"line":26,"column":null}},"type":"binary-expr","locations":[{"start":{"line":26,"column":18},"end":{"line":26,"column":50}},{"start":{"line":26,"column":50},"end":{"line":26,"column":null}}],"line":26},"2":{"loc":{"start":{"line":32,"column":11},"end":{"line":32,"column":null}},"type":"binary-expr","locations":[{"start":{"line":32,"column":11},"end":{"line":32,"column":43}},{"start":{"line":32,"column":43},"end":{"line":32,"column":null}}],"line":32},"3":{"loc":{"start":{"line":46,"column":4},"end":{"line":46,"column":null}},"type":"if","locations":[{"start":{"line":46,"column":4},"end":{"line":46,"column":null}},{"start":{},"end":{}}],"line":46},"4":{"loc":{"start":{"line":51,"column":4},"end":{"line":54,"column":null}},"type":"if","locations":[{"start":{"line":51,"column":4},"end":{"line":54,"column":null}},{"start":{},"end":{}}],"line":51},"5":{"loc":{"start":{"line":52,"column":6},"end":{"line":53,"column":null}},"type":"if","locations":[{"start":{"line":52,"column":6},"end":{"line":53,"column":null}},{"start":{"line":53,"column":11},"end":{"line":53,"column":null}}],"line":52}},"s":{"0":5,"1":5,"2":5,"3":19,"4":19,"5":19,"6":19,"7":19,"8":14,"9":14,"10":14,"11":5,"12":5,"13":5,"14":0,"15":0,"16":0,"17":0,"18":0,"19":0,"20":0,"21":0,"22":0},"f":{"0":5,"1":19,"2":14,"3":14,"4":5,"5":0},"b":{"0":[19,0],"1":[19,10],"2":[14,0],"3":[0,0],"4":[0,0],"5":[0,0]},"meta":{"lastBranch":6,"lastFunction":6,"lastStatement":23,"seen":{"f:13:2:13:16":0,"s:14:4:14:Infinity":0,"s:15:4:15:Infinity":1,"s:16:4:16:Infinity":2,"f:19:2:19:17":1,"s:20:10:20:Infinity":3,"b:22:4:24:Infinity:undefined:undefined:undefined:undefined":0,"s:22:4:24:Infinity":4,"s:23:6:23:Infinity":5,"s:26:18:26:Infinity":6,"b:26:18:26:50:26:50:26:Infinity":1,"s:27:4:27:Infinity":7,"f:30:2:30:21":2,"s:31:10:31:Infinity":8,"s:32:4:32:Infinity":9,"b:32:11:32:43:32:43:32:Infinity":2,"f:35:2:35:21":3,"s:36:4:36:Infinity":10,"f:39:2:39:10":4,"s:40:4:40:Infinity":11,"s:41:4:41:Infinity":12,"s:42:4:42:Infinity":13,"f:45:2:45:16":5,"b:46:4:46:Infinity:undefined:undefined:undefined:undefined":3,"s:46:4:46:Infinity":14,"s:46:30:46:Infinity":15,"s:47:4:47:Infinity":16,"s:48:17:48:Infinity":17,"s:50:18:50:Infinity":18,"b:51:4:54:Infinity:undefined:undefined:undefined:undefined":4,"s:51:4:54:Infinity":19,"b:52:6:53:Infinity:53:11:53:Infinity":5,"s:52:6:53:Infinity":20,"s:52:22:52:Infinity":21,"s:53:11:53:Infinity":22}}}
,"C:\\heckteckdraughts\\PHASE3\\src\\utils\\fen-parser.ts": {"path":"C:\\heckteckdraughts\\PHASE3\\src\\utils\\fen-parser.ts","statementMap":{"0":{"start":{"line":21,"column":6},"end":{"line":30,"column":null}},"1":{"start":{"line":22,"column":14},"end":{"line":22,"column":null}},"2":{"start":{"line":23,"column":2},"end":{"line":28,"column":null}},"3":{"start":{"line":23,"column":15},"end":{"line":23,"column":18}},"4":{"start":{"line":24,"column":4},"end":{"line":27,"column":null}},"5":{"start":{"line":24,"column":17},"end":{"line":24,"column":20}},"6":{"start":{"line":25,"column":18},"end":{"line":25,"column":null}},"7":{"start":{"line":26,"column":6},"end":{"line":26,"column":null}},"8":{"start":{"line":26,"column":21},"end":{"line":26,"column":null}},"9":{"start":{"line":29,"column":2},"end":{"line":29,"column":null}},"10":{"start":{"line":36,"column":2},"end":{"line":37,"column":null}},"11":{"start":{"line":37,"column":4},"end":{"line":37,"column":null}},"12":{"start":{"line":39,"column":16},"end":{"line":39,"column":null}},"13":{"start":{"line":40,"column":2},"end":{"line":41,"column":null}},"14":{"start":{"line":41,"column":4},"end":{"line":41,"column":null}},"15":{"start":{"line":43,"column":39},"end":{"line":43,"column":null}},"16":{"start":{"line":45,"column":29},"end":{"line":50,"column":null}},"17":{"start":{"line":48,"column":17},"end":{"line":48,"column":59}},"18":{"start":{"line":53,"column":2},"end":{"line":53,"column":null}},"19":{"start":{"line":54,"column":2},"end":{"line":54,"column":null}},"20":{"start":{"line":56,"column":2},"end":{"line":56,"column":null}},"21":{"start":{"line":60,"column":2},"end":{"line":60,"column":null}},"22":{"start":{"line":60,"column":27},"end":{"line":60,"column":null}},"23":{"start":{"line":63,"column":17},"end":{"line":63,"column":null}},"24":{"start":{"line":65,"column":2},"end":{"line":78,"column":null}},"25":{"start":{"line":66,"column":4},"end":{"line":66,"column":null}},"26":{"start":{"line":66,"column":12},"end":{"line":66,"column":null}},"27":{"start":{"line":67,"column":19},"end":{"line":67,"column":null}},"28":{"start":{"line":68,"column":16},"end":{"line":68,"column":null}},"29":{"start":{"line":69,"column":19},"end":{"line":69,"column":null}},"30":{"start":{"line":71,"column":4},"end":{"line":71,"column":null}},"31":{"start":{"line":71,"column":17},"end":{"line":71,"column":null}},"32":{"start":{"line":73,"column":4},"end":{"line":77,"column":null}},"33":{"start":{"line":74,"column":6},"end":{"line":74,"column":null}},"34":{"start":{"line":76,"column":6},"end":{"line":76,"column":null}},"35":{"start":{"line":85,"column":26},"end":{"line":85,"column":null}},"36":{"start":{"line":86,"column":26},"end":{"line":86,"column":null}},"37":{"start":{"line":89,"column":2},"end":{"line":104,"column":null}},"38":{"start":{"line":89,"column":15},"end":{"line":89,"column":18}},"39":{"start":{"line":90,"column":4},"end":{"line":103,"column":null}},"40":{"start":{"line":90,"column":17},"end":{"line":90,"column":20}},"41":{"start":{"line":91,"column":20},"end":{"line":91,"column":null}},"42":{"start":{"line":92,"column":6},"end":{"line":92,"column":null}},"43":{"start":{"line":92,"column":32},"end":{"line":92,"column":null}},"44":{"start":{"line":94,"column":18},"end":{"line":94,"column":null}},"45":{"start":{"line":96,"column":8},"end":{"line":96,"column":null}},"46":{"start":{"line":98,"column":6},"end":{"line":102,"column":null}},"47":{"start":{"line":99,"column":8},"end":{"line":99,"column":null}},"48":{"start":{"line":101,"column":8},"end":{"line":101,"column":null}},"49":{"start":{"line":107,"column":17},"end":{"line":107,"column":null}},"50":{"start":{"line":107,"column":43},"end":{"line":107,"column":null}},"51":{"start":{"line":109,"column":2},"end":{"line":113,"column":null}}},"fnMap":{"0":{"name":"(anonymous_0)","decl":{"start":{"line":21,"column":28},"end":{"line":21,"column":34}},"loc":{"start":{"line":21,"column":34},"end":{"line":30,"column":3}},"line":21},"1":{"name":"parseFEN","decl":{"start":{"line":35,"column":16},"end":{"line":35,"column":25}},"loc":{"start":{"line":35,"column":48},"end":{"line":57,"column":null}},"line":35},"2":{"name":"(anonymous_2)","decl":{"start":{"line":48,"column":11},"end":{"line":48,"column":17}},"loc":{"start":{"line":48,"column":17},"end":{"line":48,"column":59}},"line":48},"3":{"name":"_applySection","decl":{"start":{"line":59,"column":9},"end":{"line":59,"column":23}},"loc":{"start":{"line":59,"column":78},"end":{"line":79,"column":null}},"line":59},"4":{"name":"generateFEN","decl":{"start":{"line":84,"column":16},"end":{"line":84,"column":28}},"loc":{"start":{"line":84,"column":56},"end":{"line":114,"column":null}},"line":84},"5":{"name":"(anonymous_5)","decl":{"start":{"line":107,"column":17},"end":{"line":107,"column":18}},"loc":{"start":{"line":107,"column":43},"end":{"line":107,"column":null}},"line":107}},"branchMap":{"0":{"loc":{"start":{"line":26,"column":6},"end":{"line":26,"column":null}},"type":"if","locations":[{"start":{"line":26,"column":6},"end":{"line":26,"column":null}},{"start":{},"end":{}}],"line":26},"1":{"loc":{"start":{"line":36,"column":2},"end":{"line":37,"column":null}},"type":"if","locations":[{"start":{"line":36,"column":2},"end":{"line":37,"column":null}},{"start":{},"end":{}}],"line":36},"2":{"loc":{"start":{"line":36,"column":6},"end":{"line":36,"column":null}},"type":"binary-expr","locations":[{"start":{"line":36,"column":6},"end":{"line":36,"column":14}},{"start":{"line":36,"column":14},"end":{"line":36,"column":null}}],"line":36},"3":{"loc":{"start":{"line":40,"column":2},"end":{"line":41,"column":null}},"type":"if","locations":[{"start":{"line":40,"column":2},"end":{"line":41,"column":null}},{"start":{},"end":{}}],"line":40},"4":{"loc":{"start":{"line":49,"column":19},"end":{"line":49,"column":null}},"type":"cond-expr","locations":[{"start":{"line":49,"column":34},"end":{"line":49,"column":49}},{"start":{"line":49,"column":49},"end":{"line":49,"column":null}}],"line":49},"5":{"loc":{"start":{"line":60,"column":2},"end":{"line":60,"column":null}},"type":"if","locations":[{"start":{"line":60,"column":2},"end":{"line":60,"column":null}},{"start":{},"end":{}}],"line":60},"6":{"loc":{"start":{"line":66,"column":4},"end":{"line":66,"column":null}},"type":"if","locations":[{"start":{"line":66,"column":4},"end":{"line":66,"column":null}},{"start":{},"end":{}}],"line":66},"7":{"loc":{"start":{"line":71,"column":4},"end":{"line":71,"column":null}},"type":"if","locations":[{"start":{"line":71,"column":4},"end":{"line":71,"column":null}},{"start":{},"end":{}}],"line":71},"8":{"loc":{"start":{"line":73,"column":4},"end":{"line":77,"column":null}},"type":"if","locations":[{"start":{"line":73,"column":4},"end":{"line":77,"column":null}},{"start":{"line":75,"column":11},"end":{"line":77,"column":null}}],"line":73},"9":{"loc":{"start":{"line":74,"column":34},"end":{"line":74,"column":null}},"type":"cond-expr","locations":[{"start":{"line":74,"column":43},"end":{"line":74,"column":62}},{"start":{"line":74,"column":62},"end":{"line":74,"column":null}}],"line":74},"10":{"loc":{"start":{"line":76,"column":34},"end":{"line":76,"column":null}},"type":"cond-expr","locations":[{"start":{"line":76,"column":43},"end":{"line":76,"column":62}},{"start":{"line":76,"column":62},"end":{"line":76,"column":null}}],"line":76},"11":{"loc":{"start":{"line":92,"column":6},"end":{"line":92,"column":null}},"type":"if","locations":[{"start":{"line":92,"column":6},"end":{"line":92,"column":null}},{"start":{},"end":{}}],"line":92},"12":{"loc":{"start":{"line":96,"column":8},"end":{"line":96,"column":null}},"type":"cond-expr","locations":[{"start":{"line":96,"column":67},"end":{"line":96,"column":73}},{"start":{"line":96,"column":73},"end":{"line":96,"column":null}}],"line":96},"13":{"loc":{"start":{"line":96,"column":8},"end":{"line":96,"column":67}},"type":"binary-expr","locations":[{"start":{"line":96,"column":8},"end":{"line":96,"column":38}},{"start":{"line":96,"column":38},"end":{"line":96,"column":67}}],"line":96},"14":{"loc":{"start":{"line":98,"column":6},"end":{"line":102,"column":null}},"type":"if","locations":[{"start":{"line":98,"column":6},"end":{"line":102,"column":null}},{"start":{"line":100,"column":13},"end":{"line":102,"column":null}}],"line":98},"15":{"loc":{"start":{"line":98,"column":10},"end":{"line":98,"column":63}},"type":"binary-expr","locations":[{"start":{"line":98,"column":10},"end":{"line":98,"column":35}},{"start":{"line":98,"column":35},"end":{"line":98,"column":63}}],"line":98},"16":{"loc":{"start":{"line":110,"column":4},"end":{"line":110,"column":null}},"type":"cond-expr","locations":[{"start":{"line":110,"column":46},"end":{"line":110,"column":52}},{"start":{"line":110,"column":52},"end":{"line":110,"column":null}}],"line":110}},"s":{"0":4,"1":4,"2":4,"3":4,"4":40,"5":40,"6":400,"7":400,"8":200,"9":4,"10":16,"11":1,"12":15,"13":15,"14":1,"15":14,"16":14,"17":140,"18":16,"19":16,"20":16,"21":28,"22":4,"23":24,"24":24,"25":145,"26":1,"27":144,"28":144,"29":144,"30":144,"31":0,"32":144,"33":71,"34":73,"35":6,"36":6,"37":6,"38":6,"39":60,"40":60,"41":600,"42":600,"43":549,"44":51,"45":51,"46":600,"47":25,"48":26,"49":6,"50":124,"51":6},"f":{"0":4,"1":16,"2":140,"3":28,"4":6,"5":124},"b":{"0":[200,200],"1":[1,15],"2":[16,15],"3":[1,14],"4":[12,2],"5":[4,24],"6":[1,144],"7":[0,144],"8":[71,73],"9":[2,69],"10":[1,72],"11":[549,51],"12":[2,49],"13":[51,50],"14":[25,26],"15":[600,27],"16":[4,2]},"meta":{"lastBranch":17,"lastFunction":6,"lastStatement":52,"seen":{"s:21:6:30:Infinity":0,"f:21:28:21:34":0,"s:22:14:22:Infinity":1,"s:23:2:28:Infinity":2,"s:23:15:23:18":3,"s:24:4:27:Infinity":4,"s:24:17:24:20":5,"s:25:18:25:Infinity":6,"b:26:6:26:Infinity:undefined:undefined:undefined:undefined":0,"s:26:6:26:Infinity":7,"s:26:21:26:Infinity":8,"s:29:2:29:Infinity":9,"f:35:16:35:25":1,"b:36:2:37:Infinity:undefined:undefined:undefined:undefined":1,"s:36:2:37:Infinity":10,"b:36:6:36:14:36:14:36:Infinity":2,"s:37:4:37:Infinity":11,"s:39:16:39:Infinity":12,"b:40:2:41:Infinity:undefined:undefined:undefined:undefined":3,"s:40:2:41:Infinity":13,"s:41:4:41:Infinity":14,"s:43:39:43:Infinity":15,"s:45:29:50:Infinity":16,"f:48:11:48:17":2,"s:48:17:48:59":17,"b:49:34:49:49:49:49:49:Infinity":4,"s:53:2:53:Infinity":18,"s:54:2:54:Infinity":19,"s:56:2:56:Infinity":20,"f:59:9:59:23":3,"b:60:2:60:Infinity:undefined:undefined:undefined:undefined":5,"s:60:2:60:Infinity":21,"s:60:27:60:Infinity":22,"s:63:17:63:Infinity":23,"s:65:2:78:Infinity":24,"b:66:4:66:Infinity:undefined:undefined:undefined:undefined":6,"s:66:4:66:Infinity":25,"s:66:12:66:Infinity":26,"s:67:19:67:Infinity":27,"s:68:16:68:Infinity":28,"s:69:19:69:Infinity":29,"b:71:4:71:Infinity:undefined:undefined:undefined:undefined":7,"s:71:4:71:Infinity":30,"s:71:17:71:Infinity":31,"b:73:4:77:Infinity:75:11:77:Infinity":8,"s:73:4:77:Infinity":32,"s:74:6:74:Infinity":33,"b:74:43:74:62:74:62:74:Infinity":9,"s:76:6:76:Infinity":34,"b:76:43:76:62:76:62:76:Infinity":10,"f:84:16:84:28":4,"s:85:26:85:Infinity":35,"s:86:26:86:Infinity":36,"s:89:2:104:Infinity":37,"s:89:15:89:18":38,"s:90:4:103:Infinity":39,"s:90:17:90:20":40,"s:91:20:91:Infinity":41,"b:92:6:92:Infinity:undefined:undefined:undefined:undefined":11,"s:92:6:92:Infinity":42,"s:92:32:92:Infinity":43,"s:94:18:94:Infinity":44,"s:96:8:96:Infinity":45,"b:96:67:96:73:96:73:96:Infinity":12,"b:96:8:96:38:96:38:96:67":13,"b:98:6:102:Infinity:100:13:102:Infinity":14,"s:98:6:102:Infinity":46,"b:98:10:98:35:98:35:98:63":15,"s:99:8:99:Infinity":47,"s:101:8:101:Infinity":48,"s:107:17:107:Infinity":49,"f:107:17:107:18":5,"s:107:43:107:Infinity":50,"s:109:2:113:Infinity":51,"b:110:46:110:52:110:52:110:Infinity":16}}}
}
